<?xml version="1.0" encoding="UTF-8"?>
<testsuite name="com.example.order.OrderApplicationTests" tests="4" skipped="0" failures="0" errors="0" timestamp="2026-02-05T15:02:21" hostname="MacBook-Pro-3.local" time="0.749">
  <properties/>
  <testcase name="shouldCreateOrder()" classname="com.example.order.OrderApplicationTests" time="0.223"/>
  <testcase name="contextLoads()" classname="com.example.order.OrderApplicationTests" time="0.002"/>
  <testcase name="shouldNotBlockOnHighLoad()" classname="com.example.order.OrderApplicationTests" time="0.245"/>
  <testcase name="shouldHandleConcurrentRequestsWithoutBlocking()" classname="com.example.order.OrderApplicationTests" time="0.275"/>
  <system-out><![CDATA[Standard Commons Logging discovery in action with spring-jcl: please remove commons-logging.jar from classpath in order to avoid potential conflicts
00:02:18.373 [Test worker] INFO org.springframework.test.context.support.AnnotationConfigContextLoaderUtils -- Could not detect default configuration classes for test class [com.example.order.OrderApplicationTests]: OrderApplicationTests does not declare any static, non-private, non-final, nested classes annotated with @Configuration.
00:02:18.437 [Test worker] INFO org.springframework.boot.test.context.SpringBootTestContextBootstrapper -- Found @SpringBootConfiguration com.example.order.OrderApplication for test class com.example.order.OrderApplicationTests

  .   ____          _            __ _ _
 /\\ / ___'_ __ _ _(_)_ __  __ _ \ \ \ \
( ( )\___ | '_ | '_| | '_ \/ _` | \ \ \ \
 \\/  ___)| |_)| | | | | || (_| |  ) ) ) )
  '  |____| .__|_| |_|_| |_\__, | / / / /
 =========|_|==============|___/=/_/_/_/
 :: Spring Boot ::                (v3.2.0)

2026-02-06T00:02:18.703+09:00  INFO 58699 --- [order-service] [    Test worker] c.example.order.OrderApplicationTests    : Starting OrderApplicationTests using Java 21.0.2 with PID 58699 (started by itbuddy in /Users/itbuddy/github/webflux-r2dbc-cqrs-ddd)
2026-02-06T00:02:18.703+09:00  INFO 58699 --- [order-service] [    Test worker] c.example.order.OrderApplicationTests    : No active profile set, falling back to 1 default profile: "default"
2026-02-06T00:02:18.991+09:00  INFO 58699 --- [order-service] [    Test worker] .s.d.r.c.RepositoryConfigurationDelegate : Bootstrapping Spring Data R2DBC repositories in DEFAULT mode.
2026-02-06T00:02:18.997+09:00  INFO 58699 --- [order-service] [    Test worker] .s.d.r.c.RepositoryConfigurationDelegate : Finished Spring Data repository scanning in 3 ms. Found 0 R2DBC repository interfaces.
2026-02-06T00:02:19.133+09:00  INFO 58699 --- [order-service] [    Test worker] .s.d.r.c.RepositoryConfigurationDelegate : Bootstrapping Spring Data R2DBC repositories in DEFAULT mode.
2026-02-06T00:02:19.142+09:00  INFO 58699 --- [order-service] [    Test worker] .s.d.r.c.RepositoryConfigurationDelegate : Finished Spring Data repository scanning in 8 ms. Found 0 R2DBC repository interfaces.
2026-02-06T00:02:20.960+09:00  INFO 58699 --- [order-service] [    Test worker] o.s.b.a.e.web.EndpointLinksResolver      : Exposing 2 endpoint(s) beneath base path '/actuator'
2026-02-06T00:02:21.453+09:00 DEBUG 58699 --- [order-service] [       single-1] io.r2dbc.h2.client.SessionClient         : Request:  CALL H2VERSION()
2026-02-06T00:02:21.456+09:00 DEBUG 58699 --- [order-service] [       single-1] io.r2dbc.h2.client.SessionClient         : Response: org.h2.result.LocalResult@b9eacee columns: 1 rows: 1 pos: -1
2026-02-06T00:02:21.467+09:00 DEBUG 58699 --- [order-service] [       single-1] io.r2dbc.h2.client.SessionClient         : Request:  SELECT CURRENT_TIMESTAMP
2026-02-06T00:02:21.468+09:00 DEBUG 58699 --- [order-service] [       single-1] io.r2dbc.h2.client.SessionClient         : Response: org.h2.result.LocalResult@6614144d columns: 1 rows: 1 pos: -1
2026-02-06T00:02:21.493+09:00 DEBUG 58699 --- [order-service] [       single-1] io.r2dbc.h2.client.SessionClient         : Request:  CALL H2VERSION()
2026-02-06T00:02:21.494+09:00 DEBUG 58699 --- [order-service] [       single-1] io.r2dbc.h2.client.SessionClient         : Response: org.h2.result.LocalResult@e21957c columns: 1 rows: 1 pos: -1
2026-02-06T00:02:21.494+09:00 DEBUG 58699 --- [order-service] [       single-1] io.r2dbc.h2.client.SessionClient         : Request:  CALL H2VERSION()
2026-02-06T00:02:21.494+09:00 DEBUG 58699 --- [order-service] [       single-1] io.r2dbc.h2.client.SessionClient         : Response: org.h2.result.LocalResult@cb70896 columns: 1 rows: 1 pos: -1
2026-02-06T00:02:21.495+09:00 DEBUG 58699 --- [order-service] [       single-1] io.r2dbc.h2.client.SessionClient         : Request:  CALL H2VERSION()
2026-02-06T00:02:21.495+09:00 DEBUG 58699 --- [order-service] [       single-1] io.r2dbc.h2.client.SessionClient         : Response: org.h2.result.LocalResult@418daffa columns: 1 rows: 1 pos: -1
2026-02-06T00:02:21.495+09:00 DEBUG 58699 --- [order-service] [       single-1] io.r2dbc.h2.client.SessionClient         : Request:  CALL H2VERSION()
2026-02-06T00:02:21.495+09:00 DEBUG 58699 --- [order-service] [       single-1] io.r2dbc.h2.client.SessionClient         : Response: org.h2.result.LocalResult@3dad6320 columns: 1 rows: 1 pos: -1
2026-02-06T00:02:21.496+09:00 DEBUG 58699 --- [order-service] [       single-1] io.r2dbc.h2.client.SessionClient         : Request:  CALL H2VERSION()
2026-02-06T00:02:21.496+09:00 DEBUG 58699 --- [order-service] [       single-1] io.r2dbc.h2.client.SessionClient         : Response: org.h2.result.LocalResult@3f258b9c columns: 1 rows: 1 pos: -1
2026-02-06T00:02:21.497+09:00 DEBUG 58699 --- [order-service] [       single-1] io.r2dbc.h2.client.SessionClient         : Request:  CALL H2VERSION()
2026-02-06T00:02:21.497+09:00 DEBUG 58699 --- [order-service] [       single-1] io.r2dbc.h2.client.SessionClient         : Response: org.h2.result.LocalResult@b62d756 columns: 1 rows: 1 pos: -1
2026-02-06T00:02:21.497+09:00 DEBUG 58699 --- [order-service] [       single-1] io.r2dbc.h2.client.SessionClient         : Request:  CALL H2VERSION()
2026-02-06T00:02:21.497+09:00 DEBUG 58699 --- [order-service] [       single-1] io.r2dbc.h2.client.SessionClient         : Response: org.h2.result.LocalResult@273c5bbf columns: 1 rows: 1 pos: -1
2026-02-06T00:02:21.498+09:00 DEBUG 58699 --- [order-service] [       single-1] io.r2dbc.h2.client.SessionClient         : Request:  CALL H2VERSION()
2026-02-06T00:02:21.498+09:00 DEBUG 58699 --- [order-service] [       single-1] io.r2dbc.h2.client.SessionClient         : Response: org.h2.result.LocalResult@715e981b columns: 1 rows: 1 pos: -1
2026-02-06T00:02:21.498+09:00 DEBUG 58699 --- [order-service] [       Thread-7] io.r2dbc.h2.client.SessionClient         : Request:  DROP TABLE IF EXISTS order_items
2026-02-06T00:02:21.498+09:00 DEBUG 58699 --- [order-service] [       single-1] io.r2dbc.h2.client.SessionClient         : Request:  CALL H2VERSION()
2026-02-06T00:02:21.498+09:00 DEBUG 58699 --- [order-service] [       single-1] io.r2dbc.h2.client.SessionClient         : Response: org.h2.result.LocalResult@62b484c7 columns: 1 rows: 1 pos: -1
2026-02-06T00:02:21.499+09:00 DEBUG 58699 --- [order-service] [       Thread-7] io.r2dbc.h2.client.SessionClient         : Request:  DROP TABLE IF EXISTS outbox
2026-02-06T00:02:21.499+09:00 DEBUG 58699 --- [order-service] [       Thread-7] io.r2dbc.h2.client.SessionClient         : Request:  DROP TABLE IF EXISTS orders
2026-02-06T00:02:21.499+09:00 DEBUG 58699 --- [order-service] [       Thread-7] io.r2dbc.h2.client.SessionClient         : Request:  DROP TABLE IF EXISTS users
2026-02-06T00:02:21.504+09:00 DEBUG 58699 --- [order-service] [       Thread-7] io.r2dbc.h2.client.SessionClient         : Request:  CREATE TABLE users ( id VARCHAR(36) PRIMARY KEY, name VARCHAR(255) NOT NULL, email VARCHAR(255) UNIQUE NOT NULL, password VARCHAR(255) NOT NULL, created_at TIMESTAMP NOT NULL DEFAULT CURRENT_TIMESTAMP, updated_at TIMESTAMP NOT NULL DEFAULT CURRENT_TIMESTAMP )
2026-02-06T00:02:21.506+09:00 DEBUG 58699 --- [order-service] [       Thread-7] io.r2dbc.h2.client.SessionClient         : Request:  CREATE TABLE orders ( id VARCHAR(36) PRIMARY KEY, customer_id VARCHAR(255) NOT NULL, customer_email VARCHAR(255) NOT NULL, status VARCHAR(20) NOT NULL, total_amount DECIMAL(19, 2) NOT NULL, currency VARCHAR(3) NOT NULL DEFAULT 'USD', discount_amount DECIMAL(19, 2), created_at TIMESTAMP NOT NULL DEFAULT CURRENT_TIMESTAMP, updated_at TIMESTAMP NOT NULL DEFAULT CURRENT_TIMESTAMP )
2026-02-06T00:02:21.507+09:00 DEBUG 58699 --- [order-service] [       Thread-7] io.r2dbc.h2.client.SessionClient         : Request:  CREATE TABLE order_items ( id BIGINT AUTO_INCREMENT PRIMARY KEY, order_id VARCHAR(36) NOT NULL, product_id VARCHAR(255) NOT NULL, product_name VARCHAR(255) NOT NULL, quantity INT NOT NULL, unit_price DECIMAL(19, 2) NOT NULL, currency VARCHAR(3) NOT NULL DEFAULT 'USD', FOREIGN KEY (order_id) REFERENCES orders(id) ON DELETE CASCADE )
2026-02-06T00:02:21.513+09:00 DEBUG 58699 --- [order-service] [       Thread-7] io.r2dbc.h2.client.SessionClient         : Request:  CREATE TABLE outbox ( id BIGINT AUTO_INCREMENT PRIMARY KEY, aggregate_type VARCHAR(255) NOT NULL, aggregate_id VARCHAR(255) NOT NULL, event_type VARCHAR(255) NOT NULL, payload CLOB NOT NULL, created_at TIMESTAMP NOT NULL DEFAULT CURRENT_TIMESTAMP, processed BOOLEAN NOT NULL DEFAULT FALSE )
2026-02-06T00:02:21.514+09:00 DEBUG 58699 --- [order-service] [       Thread-7] io.r2dbc.h2.client.SessionClient         : Request:  CREATE INDEX idx_orders_customer_id ON orders(customer_id)
2026-02-06T00:02:21.514+09:00 DEBUG 58699 --- [order-service] [       Thread-7] io.r2dbc.h2.client.SessionClient         : Request:  CREATE INDEX idx_orders_status ON orders(status)
2026-02-06T00:02:21.515+09:00 DEBUG 58699 --- [order-service] [       Thread-7] io.r2dbc.h2.client.SessionClient         : Request:  CREATE INDEX idx_orders_created_at ON orders(created_at)
2026-02-06T00:02:21.515+09:00 DEBUG 58699 --- [order-service] [       Thread-7] io.r2dbc.h2.client.SessionClient         : Request:  CREATE INDEX idx_order_items_order_id ON order_items(order_id)
2026-02-06T00:02:21.516+09:00 DEBUG 58699 --- [order-service] [       Thread-7] io.r2dbc.h2.client.SessionClient         : Request:  CREATE INDEX idx_order_items_product_id ON order_items(product_id)
2026-02-06T00:02:21.516+09:00 DEBUG 58699 --- [order-service] [       Thread-7] io.r2dbc.h2.client.SessionClient         : Request:  CREATE INDEX idx_outbox_processed ON outbox(processed)
2026-02-06T00:02:21.517+09:00 DEBUG 58699 --- [order-service] [       Thread-7] io.r2dbc.h2.client.SessionClient         : Request:  CREATE INDEX idx_outbox_created_at ON outbox(created_at)
2026-02-06T00:02:21.519+09:00 DEBUG 58699 --- [order-service] [       Thread-7] io.r2dbc.h2.client.SessionClient         : Request:  SELECT CURRENT_TIMESTAMP
2026-02-06T00:02:21.519+09:00 DEBUG 58699 --- [order-service] [       Thread-7] io.r2dbc.h2.client.SessionClient         : Response: org.h2.result.LocalResult@4e4d5be8 columns: 1 rows: 1 pos: -1
2026-02-06T00:02:21.570+09:00  INFO 58699 --- [order-service] [    Test worker] c.example.order.OrderApplicationTests    : Started OrderApplicationTests in 3.064 seconds (process running for 3.963)
2026-02-06T00:02:21.601+09:00 DEBUG 58699 --- [order-service] [   scheduling-1] io.r2dbc.h2.client.SessionClient         : Request:  SELECT CURRENT_TIMESTAMP
2026-02-06T00:02:21.601+09:00 DEBUG 58699 --- [order-service] [   scheduling-1] io.r2dbc.h2.client.SessionClient         : Response: org.h2.result.LocalResult@70ecb36a columns: 1 rows: 1 pos: -1
2026-02-06T00:02:21.615+09:00 DEBUG 58699 --- [order-service] [   scheduling-1] io.r2dbc.h2.client.SessionClient         : Request:  SELECT outbox.* FROM outbox WHERE outbox.processed = $1 ORDER BY outbox.created_at ASC {1: FALSE}
2026-02-06T00:02:21.615+09:00 DEBUG 58699 --- [order-service] [   scheduling-1] io.r2dbc.h2.client.SessionClient         : Response: org.h2.result.LocalResult@5d27c6ff columns: 7 rows: 0 pos: -1
2026-02-06T00:02:21.621+09:00 DEBUG 58699 --- [order-service] [   scheduling-1] io.r2dbc.h2.client.SessionClient         : Request:  SELECT CURRENT_TIMESTAMP
2026-02-06T00:02:21.621+09:00 DEBUG 58699 --- [order-service] [   scheduling-1] io.r2dbc.h2.client.SessionClient         : Response: org.h2.result.LocalResult@3b9ad3ed columns: 1 rows: 1 pos: -1
2026-02-06T00:02:21.722+09:00 DEBUG 58699 --- [order-service] [     parallel-2] io.r2dbc.h2.client.SessionClient         : Request:  SELECT CURRENT_TIMESTAMP
2026-02-06T00:02:21.722+09:00 DEBUG 58699 --- [order-service] [     parallel-2] io.r2dbc.h2.client.SessionClient         : Response: org.h2.result.LocalResult@2da688a1 columns: 1 rows: 1 pos: -1
2026-02-06T00:02:21.724+09:00  WARN 58699 --- [order-service] [     parallel-2] io.r2dbc.h2.H2Connection                 : Option{name='readOnly', sensitive=false} + isn't supported in H2 at the transaction level. You must set it on conenction URL. See http://www.h2database.com/html/features.html#read_only
2026-02-06T00:02:21.727+09:00 DEBUG 58699 --- [order-service] [     parallel-2] io.r2dbc.h2.client.SessionClient         : Request:  SELECT orders.* FROM orders WHERE orders.ID = $1 LIMIT 2 {1: '5c112da3-7cc8-4662-a347-4e74959a27ce'}
2026-02-06T00:02:21.727+09:00 DEBUG 58699 --- [order-service] [     parallel-2] io.r2dbc.h2.client.SessionClient         : Response: org.h2.result.LocalResult@5714524e columns: 9 rows: 0 pos: -1
2026-02-06T00:02:21.741+09:00 DEBUG 58699 --- [order-service] [     parallel-2] io.r2dbc.h2.client.SessionClient         : Request:  INSERT INTO orders (ID, customer_id, customer_email, status, total_amount, currency, created_at, updated_at) VALUES ($1, $2, $3, $4, $5, $6, $7, $8) {1: '5c112da3-7cc8-4662-a347-4e74959a27ce', 2: 'customer-001', 3: 'test@example.com', 4: 'PENDING', 5: 200.00, 6: 'USD', 7: TIMESTAMP WITH TIME ZONE '2026-02-05 15:02:21.709335+00', 8: TIMESTAMP WITH TIME ZONE '2026-02-05 15:02:21.709335+00'}
2026-02-06T00:02:21.745+09:00 DEBUG 58699 --- [order-service] [     parallel-2] io.r2dbc.h2.client.SessionClient         : Request:  INSERT INTO order_items (order_id, product_id, product_name, quantity, unit_price, currency) VALUES ($1, $2, $3, $4, $5, $6) {1: '5c112da3-7cc8-4662-a347-4e74959a27ce', 2: 'prod-001', 3: 'Product A', 4: 2, 5: 100.00, 6: 'USD'}
2026-02-06T00:02:21.747+09:00 DEBUG 58699 --- [order-service] [     parallel-2] io.r2dbc.h2.client.SessionClient         : Request:  SELECT orders.* FROM orders WHERE orders.ID = $1 LIMIT 2 {1: '5c112da3-7cc8-4662-a347-4e74959a27ce'}
2026-02-06T00:02:21.747+09:00 DEBUG 58699 --- [order-service] [     parallel-2] io.r2dbc.h2.client.SessionClient         : Response: org.h2.result.LocalResult@3a1acae5 columns: 9 rows: 1 pos: -1
2026-02-06T00:02:21.754+09:00 DEBUG 58699 --- [order-service] [     parallel-2] io.r2dbc.h2.client.SessionClient         : Request:  SELECT order_items.* FROM order_items WHERE order_items.order_id = $1 {1: '5c112da3-7cc8-4662-a347-4e74959a27ce'}
2026-02-06T00:02:21.755+09:00 DEBUG 58699 --- [order-service] [     parallel-2] io.r2dbc.h2.client.SessionClient         : Response: org.h2.result.LocalResult@62d6136f columns: 7 rows: 1 pos: -1
2026-02-06T00:02:21.761+09:00 DEBUG 58699 --- [order-service] [     parallel-2] io.r2dbc.h2.client.SessionClient         : Request:  INSERT INTO outbox (aggregate_type, aggregate_id, event_type, payload, created_at, processed) VALUES ($1, $2, $3, $4, $5, $6) {1: 'Order', 2: '5c112da3-7cc8-4662-a347-4e74959a27ce', 3: 'OrderCreatedEvent', 4: '{"orderId":"5c112da3-7cc8-4662-a347-4e74959a27ce","customerEmail":"test@example.com","totalAmount":{"amount":200.00,"currency":"USD"},"createdAt":"2026-02-05T15:02:21.709335Z"}', 5: TIMESTAMP WITH TIME ZONE '2026-02-05 15:02:21.759478+00', 6: FALSE}
2026-02-06T00:02:21.765+09:00 DEBUG 58699 --- [order-service] [     parallel-2] io.r2dbc.h2.client.SessionClient         : Request:  COMMIT
2026-02-06T00:02:21.766+09:00 DEBUG 58699 --- [order-service] [     parallel-2] io.r2dbc.h2.client.SessionClient         : Request:  SELECT CURRENT_TIMESTAMP
2026-02-06T00:02:21.766+09:00 DEBUG 58699 --- [order-service] [     parallel-2] io.r2dbc.h2.client.SessionClient         : Response: org.h2.result.LocalResult@3e6bdad3 columns: 1 rows: 1 pos: -1
2026-02-06T00:02:21.827+09:00 DEBUG 58699 --- [order-service] [    Test worker] io.r2dbc.h2.client.SessionClient         : Request:  SELECT CURRENT_TIMESTAMP
2026-02-06T00:02:21.827+09:00 DEBUG 58699 --- [order-service] [    Test worker] io.r2dbc.h2.client.SessionClient         : Response: org.h2.result.LocalResult@4e5f36f9 columns: 1 rows: 1 pos: -1
2026-02-06T00:02:21.827+09:00  WARN 58699 --- [order-service] [    Test worker] io.r2dbc.h2.H2Connection                 : Option{name='readOnly', sensitive=false} + isn't supported in H2 at the transaction level. You must set it on conenction URL. See http://www.h2database.com/html/features.html#read_only
2026-02-06T00:02:21.828+09:00 DEBUG 58699 --- [order-service] [    Test worker] io.r2dbc.h2.client.SessionClient         : Request:  SELECT orders.* FROM orders WHERE orders.ID = $1 LIMIT 2 {1: '17a3c3d2-a067-4875-bf49-7d973bad50b9'}
2026-02-06T00:02:21.828+09:00 DEBUG 58699 --- [order-service] [    Test worker] io.r2dbc.h2.client.SessionClient         : Response: org.h2.result.LocalResult@23d1aff3 columns: 9 rows: 0 pos: -1
2026-02-06T00:02:21.829+09:00 DEBUG 58699 --- [order-service] [    Test worker] io.r2dbc.h2.client.SessionClient         : Request:  INSERT INTO orders (ID, customer_id, customer_email, status, total_amount, currency, created_at, updated_at) VALUES ($1, $2, $3, $4, $5, $6, $7, $8) {1: '17a3c3d2-a067-4875-bf49-7d973bad50b9', 2: 'customer-0', 3: 'test0@example.com', 4: 'PENDING', 5: 50.00, 6: 'USD', 7: TIMESTAMP WITH TIME ZONE '2026-02-05 15:02:21.805543+00', 8: TIMESTAMP WITH TIME ZONE '2026-02-05 15:02:21.805543+00'}
2026-02-06T00:02:21.830+09:00 DEBUG 58699 --- [order-service] [    Test worker] io.r2dbc.h2.client.SessionClient         : Request:  INSERT INTO order_items (order_id, product_id, product_name, quantity, unit_price, currency) VALUES ($1, $2, $3, $4, $5, $6) {1: '17a3c3d2-a067-4875-bf49-7d973bad50b9', 2: 'prod-001', 3: 'Product A', 4: 1, 5: 50.00, 6: 'USD'}
2026-02-06T00:02:21.831+09:00 DEBUG 58699 --- [order-service] [    Test worker] io.r2dbc.h2.client.SessionClient         : Request:  SELECT orders.* FROM orders WHERE orders.ID = $1 LIMIT 2 {1: '17a3c3d2-a067-4875-bf49-7d973bad50b9'}
2026-02-06T00:02:21.831+09:00 DEBUG 58699 --- [order-service] [    Test worker] io.r2dbc.h2.client.SessionClient         : Response: org.h2.result.LocalResult@5ea8b13c columns: 9 rows: 1 pos: -1
2026-02-06T00:02:21.832+09:00 DEBUG 58699 --- [order-service] [    Test worker] io.r2dbc.h2.client.SessionClient         : Request:  SELECT order_items.* FROM order_items WHERE order_items.order_id = $1 {1: '17a3c3d2-a067-4875-bf49-7d973bad50b9'}
2026-02-06T00:02:21.832+09:00 DEBUG 58699 --- [order-service] [    Test worker] io.r2dbc.h2.client.SessionClient         : Response: org.h2.result.LocalResult@1f41362 columns: 7 rows: 1 pos: -1
2026-02-06T00:02:21.833+09:00 DEBUG 58699 --- [order-service] [    Test worker] io.r2dbc.h2.client.SessionClient         : Request:  INSERT INTO outbox (aggregate_type, aggregate_id, event_type, payload, created_at, processed) VALUES ($1, $2, $3, $4, $5, $6) {1: 'Order', 2: '17a3c3d2-a067-4875-bf49-7d973bad50b9', 3: 'OrderCreatedEvent', 4: '{"orderId":"17a3c3d2-a067-4875-bf49-7d973bad50b9","customerEmail":"test0@example.com","totalAmount":{"amount":50.00,"currency":"USD"},"createdAt":"2026-02-05T15:02:21.805543Z"}', 5: TIMESTAMP WITH TIME ZONE '2026-02-05 15:02:21.833074+00', 6: FALSE}
2026-02-06T00:02:21.834+09:00 DEBUG 58699 --- [order-service] [    Test worker] io.r2dbc.h2.client.SessionClient         : Request:  COMMIT
2026-02-06T00:02:21.834+09:00 DEBUG 58699 --- [order-service] [    Test worker] io.r2dbc.h2.client.SessionClient         : Request:  SELECT CURRENT_TIMESTAMP
2026-02-06T00:02:21.834+09:00 DEBUG 58699 --- [order-service] [    Test worker] io.r2dbc.h2.client.SessionClient         : Response: org.h2.result.LocalResult@62408c4 columns: 1 rows: 1 pos: -1
2026-02-06T00:02:21.835+09:00 DEBUG 58699 --- [order-service] [    Test worker] io.r2dbc.h2.client.SessionClient         : Request:  SELECT CURRENT_TIMESTAMP
2026-02-06T00:02:21.835+09:00 DEBUG 58699 --- [order-service] [    Test worker] io.r2dbc.h2.client.SessionClient         : Response: org.h2.result.LocalResult@2bd8b110 columns: 1 rows: 1 pos: -1
2026-02-06T00:02:21.835+09:00  WARN 58699 --- [order-service] [    Test worker] io.r2dbc.h2.H2Connection                 : Option{name='readOnly', sensitive=false} + isn't supported in H2 at the transaction level. You must set it on conenction URL. See http://www.h2database.com/html/features.html#read_only
2026-02-06T00:02:21.835+09:00 DEBUG 58699 --- [order-service] [    Test worker] io.r2dbc.h2.client.SessionClient         : Request:  SELECT orders.* FROM orders WHERE orders.ID = $1 LIMIT 2 {1: '493facf8-d38f-415e-870a-faa1e607bd3c'}
2026-02-06T00:02:21.835+09:00 DEBUG 58699 --- [order-service] [    Test worker] io.r2dbc.h2.client.SessionClient         : Response: org.h2.result.LocalResult@4e457978 columns: 9 rows: 0 pos: -1
2026-02-06T00:02:21.836+09:00 DEBUG 58699 --- [order-service] [    Test worker] io.r2dbc.h2.client.SessionClient         : Request:  INSERT INTO orders (ID, customer_id, customer_email, status, total_amount, currency, created_at, updated_at) VALUES ($1, $2, $3, $4, $5, $6, $7, $8) {1: '493facf8-d38f-415e-870a-faa1e607bd3c', 2: 'customer-1', 3: 'test1@example.com', 4: 'PENDING', 5: 50.00, 6: 'USD', 7: TIMESTAMP WITH TIME ZONE '2026-02-05 15:02:21.806091+00', 8: TIMESTAMP WITH TIME ZONE '2026-02-05 15:02:21.806091+00'}
2026-02-06T00:02:21.837+09:00 DEBUG 58699 --- [order-service] [    Test worker] io.r2dbc.h2.client.SessionClient         : Request:  INSERT INTO order_items (order_id, product_id, product_name, quantity, unit_price, currency) VALUES ($1, $2, $3, $4, $5, $6) {1: '493facf8-d38f-415e-870a-faa1e607bd3c', 2: 'prod-001', 3: 'Product A', 4: 1, 5: 50.00, 6: 'USD'}
2026-02-06T00:02:21.838+09:00 DEBUG 58699 --- [order-service] [    Test worker] io.r2dbc.h2.client.SessionClient         : Request:  SELECT orders.* FROM orders WHERE orders.ID = $1 LIMIT 2 {1: '493facf8-d38f-415e-870a-faa1e607bd3c'}
2026-02-06T00:02:21.838+09:00 DEBUG 58699 --- [order-service] [    Test worker] io.r2dbc.h2.client.SessionClient         : Response: org.h2.result.LocalResult@2224628d columns: 9 rows: 1 pos: -1
2026-02-06T00:02:21.839+09:00 DEBUG 58699 --- [order-service] [    Test worker] io.r2dbc.h2.client.SessionClient         : Request:  SELECT order_items.* FROM order_items WHERE order_items.order_id = $1 {1: '493facf8-d38f-415e-870a-faa1e607bd3c'}
2026-02-06T00:02:21.839+09:00 DEBUG 58699 --- [order-service] [    Test worker] io.r2dbc.h2.client.SessionClient         : Response: org.h2.result.LocalResult@199c7a22 columns: 7 rows: 1 pos: -1
2026-02-06T00:02:21.840+09:00 DEBUG 58699 --- [order-service] [    Test worker] io.r2dbc.h2.client.SessionClient         : Request:  INSERT INTO outbox (aggregate_type, aggregate_id, event_type, payload, created_at, processed) VALUES ($1, $2, $3, $4, $5, $6) {1: 'Order', 2: '493facf8-d38f-415e-870a-faa1e607bd3c', 3: 'OrderCreatedEvent', 4: '{"orderId":"493facf8-d38f-415e-870a-faa1e607bd3c","customerEmail":"test1@example.com","totalAmount":{"amount":50.00,"currency":"USD"},"createdAt":"2026-02-05T15:02:21.806091Z"}', 5: TIMESTAMP WITH TIME ZONE '2026-02-05 15:02:21.840297+00', 6: FALSE}
2026-02-06T00:02:21.841+09:00 DEBUG 58699 --- [order-service] [    Test worker] io.r2dbc.h2.client.SessionClient         : Request:  COMMIT
2026-02-06T00:02:21.841+09:00 DEBUG 58699 --- [order-service] [    Test worker] io.r2dbc.h2.client.SessionClient         : Request:  SELECT CURRENT_TIMESTAMP
2026-02-06T00:02:21.841+09:00 DEBUG 58699 --- [order-service] [    Test worker] io.r2dbc.h2.client.SessionClient         : Response: org.h2.result.LocalResult@5272b626 columns: 1 rows: 1 pos: -1
2026-02-06T00:02:21.842+09:00 DEBUG 58699 --- [order-service] [    Test worker] io.r2dbc.h2.client.SessionClient         : Request:  SELECT CURRENT_TIMESTAMP
2026-02-06T00:02:21.842+09:00 DEBUG 58699 --- [order-service] [    Test worker] io.r2dbc.h2.client.SessionClient         : Response: org.h2.result.LocalResult@428ea503 columns: 1 rows: 1 pos: -1
2026-02-06T00:02:21.842+09:00  WARN 58699 --- [order-service] [    Test worker] io.r2dbc.h2.H2Connection                 : Option{name='readOnly', sensitive=false} + isn't supported in H2 at the transaction level. You must set it on conenction URL. See http://www.h2database.com/html/features.html#read_only
2026-02-06T00:02:21.842+09:00 DEBUG 58699 --- [order-service] [    Test worker] io.r2dbc.h2.client.SessionClient         : Request:  SELECT orders.* FROM orders WHERE orders.ID = $1 LIMIT 2 {1: '2b9af1dc-9c5d-46f6-af47-673fd82007c1'}
2026-02-06T00:02:21.843+09:00 DEBUG 58699 --- [order-service] [    Test worker] io.r2dbc.h2.client.SessionClient         : Response: org.h2.result.LocalResult@cc3d2e4 columns: 9 rows: 0 pos: -1
2026-02-06T00:02:21.843+09:00 DEBUG 58699 --- [order-service] [    Test worker] io.r2dbc.h2.client.SessionClient         : Request:  INSERT INTO orders (ID, customer_id, customer_email, status, total_amount, currency, created_at, updated_at) VALUES ($1, $2, $3, $4, $5, $6, $7, $8) {1: '2b9af1dc-9c5d-46f6-af47-673fd82007c1', 2: 'customer-2', 3: 'test2@example.com', 4: 'PENDING', 5: 50.00, 6: 'USD', 7: TIMESTAMP WITH TIME ZONE '2026-02-05 15:02:21.806291+00', 8: TIMESTAMP WITH TIME ZONE '2026-02-05 15:02:21.806291+00'}
2026-02-06T00:02:21.844+09:00 DEBUG 58699 --- [order-service] [    Test worker] io.r2dbc.h2.client.SessionClient         : Request:  INSERT INTO order_items (order_id, product_id, product_name, quantity, unit_price, currency) VALUES ($1, $2, $3, $4, $5, $6) {1: '2b9af1dc-9c5d-46f6-af47-673fd82007c1', 2: 'prod-001', 3: 'Product A', 4: 1, 5: 50.00, 6: 'USD'}
2026-02-06T00:02:21.845+09:00 DEBUG 58699 --- [order-service] [    Test worker] io.r2dbc.h2.client.SessionClient         : Request:  SELECT orders.* FROM orders WHERE orders.ID = $1 LIMIT 2 {1: '2b9af1dc-9c5d-46f6-af47-673fd82007c1'}
2026-02-06T00:02:21.845+09:00 DEBUG 58699 --- [order-service] [    Test worker] io.r2dbc.h2.client.SessionClient         : Response: org.h2.result.LocalResult@790801f2 columns: 9 rows: 1 pos: -1
2026-02-06T00:02:21.846+09:00 DEBUG 58699 --- [order-service] [    Test worker] io.r2dbc.h2.client.SessionClient         : Request:  SELECT order_items.* FROM order_items WHERE order_items.order_id = $1 {1: '2b9af1dc-9c5d-46f6-af47-673fd82007c1'}
2026-02-06T00:02:21.846+09:00 DEBUG 58699 --- [order-service] [    Test worker] io.r2dbc.h2.client.SessionClient         : Response: org.h2.result.LocalResult@632d04d columns: 7 rows: 1 pos: -1
2026-02-06T00:02:21.847+09:00 DEBUG 58699 --- [order-service] [    Test worker] io.r2dbc.h2.client.SessionClient         : Request:  INSERT INTO outbox (aggregate_type, aggregate_id, event_type, payload, created_at, processed) VALUES ($1, $2, $3, $4, $5, $6) {1: 'Order', 2: '2b9af1dc-9c5d-46f6-af47-673fd82007c1', 3: 'OrderCreatedEvent', 4: '{"orderId":"2b9af1dc-9c5d-46f6-af47-673fd82007c1","customerEmail":"test2@example.com","totalAmount":{"amount":50.00,"currency":"USD"},"createdAt":"2026-02-05T15:02:21.806291Z"}', 5: TIMESTAMP WITH TIME ZONE '2026-02-05 15:02:21.846953+00', 6: FALSE}
2026-02-06T00:02:21.847+09:00 DEBUG 58699 --- [order-service] [    Test worker] io.r2dbc.h2.client.SessionClient         : Request:  COMMIT
2026-02-06T00:02:21.848+09:00 DEBUG 58699 --- [order-service] [    Test worker] io.r2dbc.h2.client.SessionClient         : Request:  SELECT CURRENT_TIMESTAMP
2026-02-06T00:02:21.848+09:00 DEBUG 58699 --- [order-service] [    Test worker] io.r2dbc.h2.client.SessionClient         : Response: org.h2.result.LocalResult@5db33742 columns: 1 rows: 1 pos: -1
2026-02-06T00:02:21.848+09:00 DEBUG 58699 --- [order-service] [    Test worker] io.r2dbc.h2.client.SessionClient         : Request:  SELECT CURRENT_TIMESTAMP
2026-02-06T00:02:21.848+09:00 DEBUG 58699 --- [order-service] [    Test worker] io.r2dbc.h2.client.SessionClient         : Response: org.h2.result.LocalResult@6cfa1cb2 columns: 1 rows: 1 pos: -1
2026-02-06T00:02:21.848+09:00  WARN 58699 --- [order-service] [    Test worker] io.r2dbc.h2.H2Connection                 : Option{name='readOnly', sensitive=false} + isn't supported in H2 at the transaction level. You must set it on conenction URL. See http://www.h2database.com/html/features.html#read_only
2026-02-06T00:02:21.849+09:00 DEBUG 58699 --- [order-service] [    Test worker] io.r2dbc.h2.client.SessionClient         : Request:  SELECT orders.* FROM orders WHERE orders.ID = $1 LIMIT 2 {1: 'e33211aa-366d-4169-bb2c-d19d310a454e'}
2026-02-06T00:02:21.849+09:00 DEBUG 58699 --- [order-service] [    Test worker] io.r2dbc.h2.client.SessionClient         : Response: org.h2.result.LocalResult@539a6ada columns: 9 rows: 0 pos: -1
2026-02-06T00:02:21.850+09:00 DEBUG 58699 --- [order-service] [    Test worker] io.r2dbc.h2.client.SessionClient         : Request:  INSERT INTO orders (ID, customer_id, customer_email, status, total_amount, currency, created_at, updated_at) VALUES ($1, $2, $3, $4, $5, $6, $7, $8) {1: 'e33211aa-366d-4169-bb2c-d19d310a454e', 2: 'customer-3', 3: 'test3@example.com', 4: 'PENDING', 5: 50.00, 6: 'USD', 7: TIMESTAMP WITH TIME ZONE '2026-02-05 15:02:21.806442+00', 8: TIMESTAMP WITH TIME ZONE '2026-02-05 15:02:21.806442+00'}
2026-02-06T00:02:21.851+09:00 DEBUG 58699 --- [order-service] [    Test worker] io.r2dbc.h2.client.SessionClient         : Request:  INSERT INTO order_items (order_id, product_id, product_name, quantity, unit_price, currency) VALUES ($1, $2, $3, $4, $5, $6) {1: 'e33211aa-366d-4169-bb2c-d19d310a454e', 2: 'prod-001', 3: 'Product A', 4: 1, 5: 50.00, 6: 'USD'}
2026-02-06T00:02:21.852+09:00 DEBUG 58699 --- [order-service] [    Test worker] io.r2dbc.h2.client.SessionClient         : Request:  SELECT orders.* FROM orders WHERE orders.ID = $1 LIMIT 2 {1: 'e33211aa-366d-4169-bb2c-d19d310a454e'}
2026-02-06T00:02:21.852+09:00 DEBUG 58699 --- [order-service] [    Test worker] io.r2dbc.h2.client.SessionClient         : Response: org.h2.result.LocalResult@74e6fdef columns: 9 rows: 1 pos: -1
2026-02-06T00:02:21.853+09:00 DEBUG 58699 --- [order-service] [    Test worker] io.r2dbc.h2.client.SessionClient         : Request:  SELECT order_items.* FROM order_items WHERE order_items.order_id = $1 {1: 'e33211aa-366d-4169-bb2c-d19d310a454e'}
2026-02-06T00:02:21.853+09:00 DEBUG 58699 --- [order-service] [    Test worker] io.r2dbc.h2.client.SessionClient         : Response: org.h2.result.LocalResult@57594b columns: 7 rows: 1 pos: -1
2026-02-06T00:02:21.854+09:00 DEBUG 58699 --- [order-service] [    Test worker] io.r2dbc.h2.client.SessionClient         : Request:  INSERT INTO outbox (aggregate_type, aggregate_id, event_type, payload, created_at, processed) VALUES ($1, $2, $3, $4, $5, $6) {1: 'Order', 2: 'e33211aa-366d-4169-bb2c-d19d310a454e', 3: 'OrderCreatedEvent', 4: '{"orderId":"e33211aa-366d-4169-bb2c-d19d310a454e","customerEmail":"test3@example.com","totalAmount":{"amount":50.00,"currency":"USD"},"createdAt":"2026-02-05T15:02:21.806442Z"}', 5: TIMESTAMP WITH TIME ZONE '2026-02-05 15:02:21.853828+00', 6: FALSE}
2026-02-06T00:02:21.854+09:00 DEBUG 58699 --- [order-service] [    Test worker] io.r2dbc.h2.client.SessionClient         : Request:  COMMIT
2026-02-06T00:02:21.855+09:00 DEBUG 58699 --- [order-service] [    Test worker] io.r2dbc.h2.client.SessionClient         : Request:  SELECT CURRENT_TIMESTAMP
2026-02-06T00:02:21.855+09:00 DEBUG 58699 --- [order-service] [    Test worker] io.r2dbc.h2.client.SessionClient         : Response: org.h2.result.LocalResult@2113c941 columns: 1 rows: 1 pos: -1
2026-02-06T00:02:21.855+09:00 DEBUG 58699 --- [order-service] [    Test worker] io.r2dbc.h2.client.SessionClient         : Request:  SELECT CURRENT_TIMESTAMP
2026-02-06T00:02:21.855+09:00 DEBUG 58699 --- [order-service] [    Test worker] io.r2dbc.h2.client.SessionClient         : Response: org.h2.result.LocalResult@6d5254f3 columns: 1 rows: 1 pos: -1
2026-02-06T00:02:21.856+09:00  WARN 58699 --- [order-service] [    Test worker] io.r2dbc.h2.H2Connection                 : Option{name='readOnly', sensitive=false} + isn't supported in H2 at the transaction level. You must set it on conenction URL. See http://www.h2database.com/html/features.html#read_only
2026-02-06T00:02:21.856+09:00 DEBUG 58699 --- [order-service] [    Test worker] io.r2dbc.h2.client.SessionClient         : Request:  SELECT orders.* FROM orders WHERE orders.ID = $1 LIMIT 2 {1: 'f3a2b1d0-5959-47c3-812c-cf7f440e5421'}
2026-02-06T00:02:21.856+09:00 DEBUG 58699 --- [order-service] [    Test worker] io.r2dbc.h2.client.SessionClient         : Response: org.h2.result.LocalResult@5d6c74de columns: 9 rows: 0 pos: -1
2026-02-06T00:02:21.857+09:00 DEBUG 58699 --- [order-service] [    Test worker] io.r2dbc.h2.client.SessionClient         : Request:  INSERT INTO orders (ID, customer_id, customer_email, status, total_amount, currency, created_at, updated_at) VALUES ($1, $2, $3, $4, $5, $6, $7, $8) {1: 'f3a2b1d0-5959-47c3-812c-cf7f440e5421', 2: 'customer-4', 3: 'test4@example.com', 4: 'PENDING', 5: 50.00, 6: 'USD', 7: TIMESTAMP WITH TIME ZONE '2026-02-05 15:02:21.806626+00', 8: TIMESTAMP WITH TIME ZONE '2026-02-05 15:02:21.806626+00'}
2026-02-06T00:02:21.857+09:00 DEBUG 58699 --- [order-service] [    Test worker] io.r2dbc.h2.client.SessionClient         : Request:  INSERT INTO order_items (order_id, product_id, product_name, quantity, unit_price, currency) VALUES ($1, $2, $3, $4, $5, $6) {1: 'f3a2b1d0-5959-47c3-812c-cf7f440e5421', 2: 'prod-001', 3: 'Product A', 4: 1, 5: 50.00, 6: 'USD'}
2026-02-06T00:02:21.858+09:00 DEBUG 58699 --- [order-service] [    Test worker] io.r2dbc.h2.client.SessionClient         : Request:  SELECT orders.* FROM orders WHERE orders.ID = $1 LIMIT 2 {1: 'f3a2b1d0-5959-47c3-812c-cf7f440e5421'}
2026-02-06T00:02:21.858+09:00 DEBUG 58699 --- [order-service] [    Test worker] io.r2dbc.h2.client.SessionClient         : Response: org.h2.result.LocalResult@419b48cd columns: 9 rows: 1 pos: -1
2026-02-06T00:02:21.859+09:00 DEBUG 58699 --- [order-service] [    Test worker] io.r2dbc.h2.client.SessionClient         : Request:  SELECT order_items.* FROM order_items WHERE order_items.order_id = $1 {1: 'f3a2b1d0-5959-47c3-812c-cf7f440e5421'}
2026-02-06T00:02:21.859+09:00 DEBUG 58699 --- [order-service] [    Test worker] io.r2dbc.h2.client.SessionClient         : Response: org.h2.result.LocalResult@36472c2c columns: 7 rows: 1 pos: -1
2026-02-06T00:02:21.860+09:00 DEBUG 58699 --- [order-service] [    Test worker] io.r2dbc.h2.client.SessionClient         : Request:  INSERT INTO outbox (aggregate_type, aggregate_id, event_type, payload, created_at, processed) VALUES ($1, $2, $3, $4, $5, $6) {1: 'Order', 2: 'f3a2b1d0-5959-47c3-812c-cf7f440e5421', 3: 'OrderCreatedEvent', 4: '{"orderId":"f3a2b1d0-5959-47c3-812c-cf7f440e5421","customerEmail":"test4@example.com","totalAmount":{"amount":50.00,"currency":"USD"},"createdAt":"2026-02-05T15:02:21.806626Z"}', 5: TIMESTAMP WITH TIME ZONE '2026-02-05 15:02:21.860267+00', 6: FALSE}
2026-02-06T00:02:21.861+09:00 DEBUG 58699 --- [order-service] [    Test worker] io.r2dbc.h2.client.SessionClient         : Request:  COMMIT
2026-02-06T00:02:21.861+09:00 DEBUG 58699 --- [order-service] [    Test worker] io.r2dbc.h2.client.SessionClient         : Request:  SELECT CURRENT_TIMESTAMP
2026-02-06T00:02:21.861+09:00 DEBUG 58699 --- [order-service] [    Test worker] io.r2dbc.h2.client.SessionClient         : Response: org.h2.result.LocalResult@547aeb2f columns: 1 rows: 1 pos: -1
2026-02-06T00:02:21.862+09:00 DEBUG 58699 --- [order-service] [    Test worker] io.r2dbc.h2.client.SessionClient         : Request:  SELECT CURRENT_TIMESTAMP
2026-02-06T00:02:21.862+09:00 DEBUG 58699 --- [order-service] [    Test worker] io.r2dbc.h2.client.SessionClient         : Response: org.h2.result.LocalResult@3c193a5a columns: 1 rows: 1 pos: -1
2026-02-06T00:02:21.862+09:00  WARN 58699 --- [order-service] [    Test worker] io.r2dbc.h2.H2Connection                 : Option{name='readOnly', sensitive=false} + isn't supported in H2 at the transaction level. You must set it on conenction URL. See http://www.h2database.com/html/features.html#read_only
2026-02-06T00:02:21.862+09:00 DEBUG 58699 --- [order-service] [    Test worker] io.r2dbc.h2.client.SessionClient         : Request:  SELECT orders.* FROM orders WHERE orders.ID = $1 LIMIT 2 {1: 'b0936af0-2982-45c0-9b84-c5f3171c0f68'}
2026-02-06T00:02:21.863+09:00 DEBUG 58699 --- [order-service] [    Test worker] io.r2dbc.h2.client.SessionClient         : Response: org.h2.result.LocalResult@7cd3c0c columns: 9 rows: 0 pos: -1
2026-02-06T00:02:21.863+09:00 DEBUG 58699 --- [order-service] [    Test worker] io.r2dbc.h2.client.SessionClient         : Request:  INSERT INTO orders (ID, customer_id, customer_email, status, total_amount, currency, created_at, updated_at) VALUES ($1, $2, $3, $4, $5, $6, $7, $8) {1: 'b0936af0-2982-45c0-9b84-c5f3171c0f68', 2: 'customer-5', 3: 'test5@example.com', 4: 'PENDING', 5: 50.00, 6: 'USD', 7: TIMESTAMP WITH TIME ZONE '2026-02-05 15:02:21.806792+00', 8: TIMESTAMP WITH TIME ZONE '2026-02-05 15:02:21.806792+00'}
2026-02-06T00:02:21.864+09:00 DEBUG 58699 --- [order-service] [    Test worker] io.r2dbc.h2.client.SessionClient         : Request:  INSERT INTO order_items (order_id, product_id, product_name, quantity, unit_price, currency) VALUES ($1, $2, $3, $4, $5, $6) {1: 'b0936af0-2982-45c0-9b84-c5f3171c0f68', 2: 'prod-001', 3: 'Product A', 4: 1, 5: 50.00, 6: 'USD'}
2026-02-06T00:02:21.865+09:00 DEBUG 58699 --- [order-service] [    Test worker] io.r2dbc.h2.client.SessionClient         : Request:  SELECT orders.* FROM orders WHERE orders.ID = $1 LIMIT 2 {1: 'b0936af0-2982-45c0-9b84-c5f3171c0f68'}
2026-02-06T00:02:21.865+09:00 DEBUG 58699 --- [order-service] [    Test worker] io.r2dbc.h2.client.SessionClient         : Response: org.h2.result.LocalResult@6bafbab8 columns: 9 rows: 1 pos: -1
2026-02-06T00:02:21.866+09:00 DEBUG 58699 --- [order-service] [    Test worker] io.r2dbc.h2.client.SessionClient         : Request:  SELECT order_items.* FROM order_items WHERE order_items.order_id = $1 {1: 'b0936af0-2982-45c0-9b84-c5f3171c0f68'}
2026-02-06T00:02:21.866+09:00 DEBUG 58699 --- [order-service] [    Test worker] io.r2dbc.h2.client.SessionClient         : Response: org.h2.result.LocalResult@77544896 columns: 7 rows: 1 pos: -1
2026-02-06T00:02:21.867+09:00 DEBUG 58699 --- [order-service] [    Test worker] io.r2dbc.h2.client.SessionClient         : Request:  INSERT INTO outbox (aggregate_type, aggregate_id, event_type, payload, created_at, processed) VALUES ($1, $2, $3, $4, $5, $6) {1: 'Order', 2: 'b0936af0-2982-45c0-9b84-c5f3171c0f68', 3: 'OrderCreatedEvent', 4: '{"orderId":"b0936af0-2982-45c0-9b84-c5f3171c0f68","customerEmail":"test5@example.com","totalAmount":{"amount":50.00,"currency":"USD"},"createdAt":"2026-02-05T15:02:21.806792Z"}', 5: TIMESTAMP WITH TIME ZONE '2026-02-05 15:02:21.867071+00', 6: FALSE}
2026-02-06T00:02:21.867+09:00 DEBUG 58699 --- [order-service] [    Test worker] io.r2dbc.h2.client.SessionClient         : Request:  COMMIT
2026-02-06T00:02:21.868+09:00 DEBUG 58699 --- [order-service] [    Test worker] io.r2dbc.h2.client.SessionClient         : Request:  SELECT CURRENT_TIMESTAMP
2026-02-06T00:02:21.868+09:00 DEBUG 58699 --- [order-service] [    Test worker] io.r2dbc.h2.client.SessionClient         : Response: org.h2.result.LocalResult@3447daf1 columns: 1 rows: 1 pos: -1
2026-02-06T00:02:21.868+09:00 DEBUG 58699 --- [order-service] [    Test worker] io.r2dbc.h2.client.SessionClient         : Request:  SELECT CURRENT_TIMESTAMP
2026-02-06T00:02:21.869+09:00 DEBUG 58699 --- [order-service] [    Test worker] io.r2dbc.h2.client.SessionClient         : Response: org.h2.result.LocalResult@6b0e9e columns: 1 rows: 1 pos: -1
2026-02-06T00:02:21.869+09:00  WARN 58699 --- [order-service] [    Test worker] io.r2dbc.h2.H2Connection                 : Option{name='readOnly', sensitive=false} + isn't supported in H2 at the transaction level. You must set it on conenction URL. See http://www.h2database.com/html/features.html#read_only
2026-02-06T00:02:21.869+09:00 DEBUG 58699 --- [order-service] [    Test worker] io.r2dbc.h2.client.SessionClient         : Request:  SELECT orders.* FROM orders WHERE orders.ID = $1 LIMIT 2 {1: 'f0190aed-4e5f-488f-b6a1-607639b07322'}
2026-02-06T00:02:21.869+09:00 DEBUG 58699 --- [order-service] [    Test worker] io.r2dbc.h2.client.SessionClient         : Response: org.h2.result.LocalResult@58984698 columns: 9 rows: 0 pos: -1
2026-02-06T00:02:21.870+09:00 DEBUG 58699 --- [order-service] [    Test worker] io.r2dbc.h2.client.SessionClient         : Request:  INSERT INTO orders (ID, customer_id, customer_email, status, total_amount, currency, created_at, updated_at) VALUES ($1, $2, $3, $4, $5, $6, $7, $8) {1: 'f0190aed-4e5f-488f-b6a1-607639b07322', 2: 'customer-6', 3: 'test6@example.com', 4: 'PENDING', 5: 50.00, 6: 'USD', 7: TIMESTAMP WITH TIME ZONE '2026-02-05 15:02:21.80696+00', 8: TIMESTAMP WITH TIME ZONE '2026-02-05 15:02:21.80696+00'}
2026-02-06T00:02:21.871+09:00 DEBUG 58699 --- [order-service] [    Test worker] io.r2dbc.h2.client.SessionClient         : Request:  INSERT INTO order_items (order_id, product_id, product_name, quantity, unit_price, currency) VALUES ($1, $2, $3, $4, $5, $6) {1: 'f0190aed-4e5f-488f-b6a1-607639b07322', 2: 'prod-001', 3: 'Product A', 4: 1, 5: 50.00, 6: 'USD'}
2026-02-06T00:02:21.871+09:00 DEBUG 58699 --- [order-service] [    Test worker] io.r2dbc.h2.client.SessionClient         : Request:  SELECT orders.* FROM orders WHERE orders.ID = $1 LIMIT 2 {1: 'f0190aed-4e5f-488f-b6a1-607639b07322'}
2026-02-06T00:02:21.872+09:00 DEBUG 58699 --- [order-service] [    Test worker] io.r2dbc.h2.client.SessionClient         : Response: org.h2.result.LocalResult@71529154 columns: 9 rows: 1 pos: -1
2026-02-06T00:02:21.872+09:00 DEBUG 58699 --- [order-service] [    Test worker] io.r2dbc.h2.client.SessionClient         : Request:  SELECT order_items.* FROM order_items WHERE order_items.order_id = $1 {1: 'f0190aed-4e5f-488f-b6a1-607639b07322'}
2026-02-06T00:02:21.872+09:00 DEBUG 58699 --- [order-service] [    Test worker] io.r2dbc.h2.client.SessionClient         : Response: org.h2.result.LocalResult@5e2df034 columns: 7 rows: 1 pos: -1
2026-02-06T00:02:21.873+09:00 DEBUG 58699 --- [order-service] [    Test worker] io.r2dbc.h2.client.SessionClient         : Request:  INSERT INTO outbox (aggregate_type, aggregate_id, event_type, payload, created_at, processed) VALUES ($1, $2, $3, $4, $5, $6) {1: 'Order', 2: 'f0190aed-4e5f-488f-b6a1-607639b07322', 3: 'OrderCreatedEvent', 4: '{"orderId":"f0190aed-4e5f-488f-b6a1-607639b07322","customerEmail":"test6@example.com","totalAmount":{"amount":50.00,"currency":"USD"},"createdAt":"2026-02-05T15:02:21.806960Z"}', 5: TIMESTAMP WITH TIME ZONE '2026-02-05 15:02:21.873294+00', 6: FALSE}
2026-02-06T00:02:21.874+09:00 DEBUG 58699 --- [order-service] [    Test worker] io.r2dbc.h2.client.SessionClient         : Request:  COMMIT
2026-02-06T00:02:21.874+09:00 DEBUG 58699 --- [order-service] [    Test worker] io.r2dbc.h2.client.SessionClient         : Request:  SELECT CURRENT_TIMESTAMP
2026-02-06T00:02:21.874+09:00 DEBUG 58699 --- [order-service] [    Test worker] io.r2dbc.h2.client.SessionClient         : Response: org.h2.result.LocalResult@16ae5d46 columns: 1 rows: 1 pos: -1
2026-02-06T00:02:21.875+09:00 DEBUG 58699 --- [order-service] [    Test worker] io.r2dbc.h2.client.SessionClient         : Request:  SELECT CURRENT_TIMESTAMP
2026-02-06T00:02:21.875+09:00 DEBUG 58699 --- [order-service] [    Test worker] io.r2dbc.h2.client.SessionClient         : Response: org.h2.result.LocalResult@6584b606 columns: 1 rows: 1 pos: -1
2026-02-06T00:02:21.875+09:00  WARN 58699 --- [order-service] [    Test worker] io.r2dbc.h2.H2Connection                 : Option{name='readOnly', sensitive=false} + isn't supported in H2 at the transaction level. You must set it on conenction URL. See http://www.h2database.com/html/features.html#read_only
2026-02-06T00:02:21.875+09:00 DEBUG 58699 --- [order-service] [    Test worker] io.r2dbc.h2.client.SessionClient         : Request:  SELECT orders.* FROM orders WHERE orders.ID = $1 LIMIT 2 {1: '2a729dec-3547-4395-9310-9e56ac242f03'}
2026-02-06T00:02:21.875+09:00 DEBUG 58699 --- [order-service] [    Test worker] io.r2dbc.h2.client.SessionClient         : Response: org.h2.result.LocalResult@1bfca85c columns: 9 rows: 0 pos: -1
2026-02-06T00:02:21.876+09:00 DEBUG 58699 --- [order-service] [    Test worker] io.r2dbc.h2.client.SessionClient         : Request:  INSERT INTO orders (ID, customer_id, customer_email, status, total_amount, currency, created_at, updated_at) VALUES ($1, $2, $3, $4, $5, $6, $7, $8) {1: '2a729dec-3547-4395-9310-9e56ac242f03', 2: 'customer-7', 3: 'test7@example.com', 4: 'PENDING', 5: 50.00, 6: 'USD', 7: TIMESTAMP WITH TIME ZONE '2026-02-05 15:02:21.807138+00', 8: TIMESTAMP WITH TIME ZONE '2026-02-05 15:02:21.807138+00'}
2026-02-06T00:02:21.877+09:00 DEBUG 58699 --- [order-service] [    Test worker] io.r2dbc.h2.client.SessionClient         : Request:  INSERT INTO order_items (order_id, product_id, product_name, quantity, unit_price, currency) VALUES ($1, $2, $3, $4, $5, $6) {1: '2a729dec-3547-4395-9310-9e56ac242f03', 2: 'prod-001', 3: 'Product A', 4: 1, 5: 50.00, 6: 'USD'}
2026-02-06T00:02:21.877+09:00 DEBUG 58699 --- [order-service] [    Test worker] io.r2dbc.h2.client.SessionClient         : Request:  SELECT orders.* FROM orders WHERE orders.ID = $1 LIMIT 2 {1: '2a729dec-3547-4395-9310-9e56ac242f03'}
2026-02-06T00:02:21.877+09:00 DEBUG 58699 --- [order-service] [    Test worker] io.r2dbc.h2.client.SessionClient         : Response: org.h2.result.LocalResult@7a972f52 columns: 9 rows: 1 pos: -1
2026-02-06T00:02:21.878+09:00 DEBUG 58699 --- [order-service] [    Test worker] io.r2dbc.h2.client.SessionClient         : Request:  SELECT order_items.* FROM order_items WHERE order_items.order_id = $1 {1: '2a729dec-3547-4395-9310-9e56ac242f03'}
2026-02-06T00:02:21.878+09:00 DEBUG 58699 --- [order-service] [    Test worker] io.r2dbc.h2.client.SessionClient         : Response: org.h2.result.LocalResult@5cb41e93 columns: 7 rows: 1 pos: -1
2026-02-06T00:02:21.879+09:00 DEBUG 58699 --- [order-service] [    Test worker] io.r2dbc.h2.client.SessionClient         : Request:  INSERT INTO outbox (aggregate_type, aggregate_id, event_type, payload, created_at, processed) VALUES ($1, $2, $3, $4, $5, $6) {1: 'Order', 2: '2a729dec-3547-4395-9310-9e56ac242f03', 3: 'OrderCreatedEvent', 4: '{"orderId":"2a729dec-3547-4395-9310-9e56ac242f03","customerEmail":"test7@example.com","totalAmount":{"amount":50.00,"currency":"USD"},"createdAt":"2026-02-05T15:02:21.807138Z"}', 5: TIMESTAMP WITH TIME ZONE '2026-02-05 15:02:21.879384+00', 6: FALSE}
2026-02-06T00:02:21.880+09:00 DEBUG 58699 --- [order-service] [    Test worker] io.r2dbc.h2.client.SessionClient         : Request:  COMMIT
2026-02-06T00:02:21.880+09:00 DEBUG 58699 --- [order-service] [    Test worker] io.r2dbc.h2.client.SessionClient         : Request:  SELECT CURRENT_TIMESTAMP
2026-02-06T00:02:21.881+09:00 DEBUG 58699 --- [order-service] [    Test worker] io.r2dbc.h2.client.SessionClient         : Response: org.h2.result.LocalResult@13304692 columns: 1 rows: 1 pos: -1
2026-02-06T00:02:21.881+09:00 DEBUG 58699 --- [order-service] [    Test worker] io.r2dbc.h2.client.SessionClient         : Request:  SELECT CURRENT_TIMESTAMP
2026-02-06T00:02:21.881+09:00 DEBUG 58699 --- [order-service] [    Test worker] io.r2dbc.h2.client.SessionClient         : Response: org.h2.result.LocalResult@c86a448 columns: 1 rows: 1 pos: -1
2026-02-06T00:02:21.881+09:00  WARN 58699 --- [order-service] [    Test worker] io.r2dbc.h2.H2Connection                 : Option{name='readOnly', sensitive=false} + isn't supported in H2 at the transaction level. You must set it on conenction URL. See http://www.h2database.com/html/features.html#read_only
2026-02-06T00:02:21.882+09:00 DEBUG 58699 --- [order-service] [    Test worker] io.r2dbc.h2.client.SessionClient         : Request:  SELECT orders.* FROM orders WHERE orders.ID = $1 LIMIT 2 {1: '4dbb0a5c-dad2-4c53-95af-9b8fd902b47e'}
2026-02-06T00:02:21.882+09:00 DEBUG 58699 --- [order-service] [    Test worker] io.r2dbc.h2.client.SessionClient         : Response: org.h2.result.LocalResult@77187c70 columns: 9 rows: 0 pos: -1
2026-02-06T00:02:21.882+09:00 DEBUG 58699 --- [order-service] [    Test worker] io.r2dbc.h2.client.SessionClient         : Request:  INSERT INTO orders (ID, customer_id, customer_email, status, total_amount, currency, created_at, updated_at) VALUES ($1, $2, $3, $4, $5, $6, $7, $8) {1: '4dbb0a5c-dad2-4c53-95af-9b8fd902b47e', 2: 'customer-8', 3: 'test8@example.com', 4: 'PENDING', 5: 50.00, 6: 'USD', 7: TIMESTAMP WITH TIME ZONE '2026-02-05 15:02:21.807285+00', 8: TIMESTAMP WITH TIME ZONE '2026-02-05 15:02:21.807285+00'}
2026-02-06T00:02:21.883+09:00 DEBUG 58699 --- [order-service] [    Test worker] io.r2dbc.h2.client.SessionClient         : Request:  INSERT INTO order_items (order_id, product_id, product_name, quantity, unit_price, currency) VALUES ($1, $2, $3, $4, $5, $6) {1: '4dbb0a5c-dad2-4c53-95af-9b8fd902b47e', 2: 'prod-001', 3: 'Product A', 4: 1, 5: 50.00, 6: 'USD'}
2026-02-06T00:02:21.884+09:00 DEBUG 58699 --- [order-service] [    Test worker] io.r2dbc.h2.client.SessionClient         : Request:  SELECT orders.* FROM orders WHERE orders.ID = $1 LIMIT 2 {1: '4dbb0a5c-dad2-4c53-95af-9b8fd902b47e'}
2026-02-06T00:02:21.884+09:00 DEBUG 58699 --- [order-service] [    Test worker] io.r2dbc.h2.client.SessionClient         : Response: org.h2.result.LocalResult@4da6546a columns: 9 rows: 1 pos: -1
2026-02-06T00:02:21.885+09:00 DEBUG 58699 --- [order-service] [    Test worker] io.r2dbc.h2.client.SessionClient         : Request:  SELECT order_items.* FROM order_items WHERE order_items.order_id = $1 {1: '4dbb0a5c-dad2-4c53-95af-9b8fd902b47e'}
2026-02-06T00:02:21.885+09:00 DEBUG 58699 --- [order-service] [    Test worker] io.r2dbc.h2.client.SessionClient         : Response: org.h2.result.LocalResult@4f7820f8 columns: 7 rows: 1 pos: -1
2026-02-06T00:02:21.886+09:00 DEBUG 58699 --- [order-service] [    Test worker] io.r2dbc.h2.client.SessionClient         : Request:  INSERT INTO outbox (aggregate_type, aggregate_id, event_type, payload, created_at, processed) VALUES ($1, $2, $3, $4, $5, $6) {1: 'Order', 2: '4dbb0a5c-dad2-4c53-95af-9b8fd902b47e', 3: 'OrderCreatedEvent', 4: '{"orderId":"4dbb0a5c-dad2-4c53-95af-9b8fd902b47e","customerEmail":"test8@example.com","totalAmount":{"amount":50.00,"currency":"USD"},"createdAt":"2026-02-05T15:02:21.807285Z"}', 5: TIMESTAMP WITH TIME ZONE '2026-02-05 15:02:21.886141+00', 6: FALSE}
2026-02-06T00:02:21.887+09:00 DEBUG 58699 --- [order-service] [    Test worker] io.r2dbc.h2.client.SessionClient         : Request:  COMMIT
2026-02-06T00:02:21.887+09:00 DEBUG 58699 --- [order-service] [    Test worker] io.r2dbc.h2.client.SessionClient         : Request:  SELECT CURRENT_TIMESTAMP
2026-02-06T00:02:21.887+09:00 DEBUG 58699 --- [order-service] [    Test worker] io.r2dbc.h2.client.SessionClient         : Response: org.h2.result.LocalResult@18a997c7 columns: 1 rows: 1 pos: -1
2026-02-06T00:02:21.887+09:00 DEBUG 58699 --- [order-service] [    Test worker] io.r2dbc.h2.client.SessionClient         : Request:  SELECT CURRENT_TIMESTAMP
2026-02-06T00:02:21.888+09:00 DEBUG 58699 --- [order-service] [    Test worker] io.r2dbc.h2.client.SessionClient         : Response: org.h2.result.LocalResult@4c23f0b9 columns: 1 rows: 1 pos: -1
2026-02-06T00:02:21.888+09:00  WARN 58699 --- [order-service] [    Test worker] io.r2dbc.h2.H2Connection                 : Option{name='readOnly', sensitive=false} + isn't supported in H2 at the transaction level. You must set it on conenction URL. See http://www.h2database.com/html/features.html#read_only
2026-02-06T00:02:21.888+09:00 DEBUG 58699 --- [order-service] [    Test worker] io.r2dbc.h2.client.SessionClient         : Request:  SELECT orders.* FROM orders WHERE orders.ID = $1 LIMIT 2 {1: '687996bc-437a-441d-b5da-6910ce4dcc26'}
2026-02-06T00:02:21.888+09:00 DEBUG 58699 --- [order-service] [    Test worker] io.r2dbc.h2.client.SessionClient         : Response: org.h2.result.LocalResult@3c6e8672 columns: 9 rows: 0 pos: -1
2026-02-06T00:02:21.889+09:00 DEBUG 58699 --- [order-service] [    Test worker] io.r2dbc.h2.client.SessionClient         : Request:  INSERT INTO orders (ID, customer_id, customer_email, status, total_amount, currency, created_at, updated_at) VALUES ($1, $2, $3, $4, $5, $6, $7, $8) {1: '687996bc-437a-441d-b5da-6910ce4dcc26', 2: 'customer-9', 3: 'test9@example.com', 4: 'PENDING', 5: 50.00, 6: 'USD', 7: TIMESTAMP WITH TIME ZONE '2026-02-05 15:02:21.807462+00', 8: TIMESTAMP WITH TIME ZONE '2026-02-05 15:02:21.807462+00'}
2026-02-06T00:02:21.889+09:00 DEBUG 58699 --- [order-service] [    Test worker] io.r2dbc.h2.client.SessionClient         : Request:  INSERT INTO order_items (order_id, product_id, product_name, quantity, unit_price, currency) VALUES ($1, $2, $3, $4, $5, $6) {1: '687996bc-437a-441d-b5da-6910ce4dcc26', 2: 'prod-001', 3: 'Product A', 4: 1, 5: 50.00, 6: 'USD'}
2026-02-06T00:02:21.890+09:00 DEBUG 58699 --- [order-service] [    Test worker] io.r2dbc.h2.client.SessionClient         : Request:  SELECT orders.* FROM orders WHERE orders.ID = $1 LIMIT 2 {1: '687996bc-437a-441d-b5da-6910ce4dcc26'}
2026-02-06T00:02:21.890+09:00 DEBUG 58699 --- [order-service] [    Test worker] io.r2dbc.h2.client.SessionClient         : Response: org.h2.result.LocalResult@7fc9253c columns: 9 rows: 1 pos: -1
2026-02-06T00:02:21.891+09:00 DEBUG 58699 --- [order-service] [    Test worker] io.r2dbc.h2.client.SessionClient         : Request:  SELECT order_items.* FROM order_items WHERE order_items.order_id = $1 {1: '687996bc-437a-441d-b5da-6910ce4dcc26'}
2026-02-06T00:02:21.891+09:00 DEBUG 58699 --- [order-service] [    Test worker] io.r2dbc.h2.client.SessionClient         : Response: org.h2.result.LocalResult@4ce29762 columns: 7 rows: 1 pos: -1
2026-02-06T00:02:21.892+09:00 DEBUG 58699 --- [order-service] [    Test worker] io.r2dbc.h2.client.SessionClient         : Request:  INSERT INTO outbox (aggregate_type, aggregate_id, event_type, payload, created_at, processed) VALUES ($1, $2, $3, $4, $5, $6) {1: 'Order', 2: '687996bc-437a-441d-b5da-6910ce4dcc26', 3: 'OrderCreatedEvent', 4: '{"orderId":"687996bc-437a-441d-b5da-6910ce4dcc26","customerEmail":"test9@example.com","totalAmount":{"amount":50.00,"currency":"USD"},"createdAt":"2026-02-05T15:02:21.807462Z"}', 5: TIMESTAMP WITH TIME ZONE '2026-02-05 15:02:21.892217+00', 6: FALSE}
2026-02-06T00:02:21.893+09:00 DEBUG 58699 --- [order-service] [    Test worker] io.r2dbc.h2.client.SessionClient         : Request:  COMMIT
2026-02-06T00:02:21.893+09:00 DEBUG 58699 --- [order-service] [    Test worker] io.r2dbc.h2.client.SessionClient         : Request:  SELECT CURRENT_TIMESTAMP
2026-02-06T00:02:21.893+09:00 DEBUG 58699 --- [order-service] [    Test worker] io.r2dbc.h2.client.SessionClient         : Response: org.h2.result.LocalResult@21a87972 columns: 1 rows: 1 pos: -1
2026-02-06T00:02:21.893+09:00 DEBUG 58699 --- [order-service] [    Test worker] io.r2dbc.h2.client.SessionClient         : Request:  SELECT CURRENT_TIMESTAMP
2026-02-06T00:02:21.894+09:00 DEBUG 58699 --- [order-service] [    Test worker] io.r2dbc.h2.client.SessionClient         : Response: org.h2.result.LocalResult@14389dd7 columns: 1 rows: 1 pos: -1
2026-02-06T00:02:21.894+09:00  WARN 58699 --- [order-service] [    Test worker] io.r2dbc.h2.H2Connection                 : Option{name='readOnly', sensitive=false} + isn't supported in H2 at the transaction level. You must set it on conenction URL. See http://www.h2database.com/html/features.html#read_only
2026-02-06T00:02:21.894+09:00 DEBUG 58699 --- [order-service] [    Test worker] io.r2dbc.h2.client.SessionClient         : Request:  SELECT orders.* FROM orders WHERE orders.ID = $1 LIMIT 2 {1: '0aa66ba3-bc44-4bb3-8a22-d694f63d90c7'}
2026-02-06T00:02:21.894+09:00 DEBUG 58699 --- [order-service] [    Test worker] io.r2dbc.h2.client.SessionClient         : Response: org.h2.result.LocalResult@545df2c5 columns: 9 rows: 0 pos: -1
2026-02-06T00:02:21.895+09:00 DEBUG 58699 --- [order-service] [    Test worker] io.r2dbc.h2.client.SessionClient         : Request:  INSERT INTO orders (ID, customer_id, customer_email, status, total_amount, currency, created_at, updated_at) VALUES ($1, $2, $3, $4, $5, $6, $7, $8) {1: '0aa66ba3-bc44-4bb3-8a22-d694f63d90c7', 2: 'customer-10', 3: 'test10@example.com', 4: 'PENDING', 5: 50.00, 6: 'USD', 7: TIMESTAMP WITH TIME ZONE '2026-02-05 15:02:21.807628+00', 8: TIMESTAMP WITH TIME ZONE '2026-02-05 15:02:21.807628+00'}
2026-02-06T00:02:21.896+09:00 DEBUG 58699 --- [order-service] [    Test worker] io.r2dbc.h2.client.SessionClient         : Request:  INSERT INTO order_items (order_id, product_id, product_name, quantity, unit_price, currency) VALUES ($1, $2, $3, $4, $5, $6) {1: '0aa66ba3-bc44-4bb3-8a22-d694f63d90c7', 2: 'prod-001', 3: 'Product A', 4: 1, 5: 50.00, 6: 'USD'}
2026-02-06T00:02:21.896+09:00 DEBUG 58699 --- [order-service] [    Test worker] io.r2dbc.h2.client.SessionClient         : Request:  SELECT orders.* FROM orders WHERE orders.ID = $1 LIMIT 2 {1: '0aa66ba3-bc44-4bb3-8a22-d694f63d90c7'}
2026-02-06T00:02:21.897+09:00 DEBUG 58699 --- [order-service] [    Test worker] io.r2dbc.h2.client.SessionClient         : Response: org.h2.result.LocalResult@33c84793 columns: 9 rows: 1 pos: -1
2026-02-06T00:02:21.897+09:00 DEBUG 58699 --- [order-service] [    Test worker] io.r2dbc.h2.client.SessionClient         : Request:  SELECT order_items.* FROM order_items WHERE order_items.order_id = $1 {1: '0aa66ba3-bc44-4bb3-8a22-d694f63d90c7'}
2026-02-06T00:02:21.897+09:00 DEBUG 58699 --- [order-service] [    Test worker] io.r2dbc.h2.client.SessionClient         : Response: org.h2.result.LocalResult@43fd117c columns: 7 rows: 1 pos: -1
2026-02-06T00:02:21.898+09:00 DEBUG 58699 --- [order-service] [    Test worker] io.r2dbc.h2.client.SessionClient         : Request:  INSERT INTO outbox (aggregate_type, aggregate_id, event_type, payload, created_at, processed) VALUES ($1, $2, $3, $4, $5, $6) {1: 'Order', 2: '0aa66ba3-bc44-4bb3-8a22-d694f63d90c7', 3: 'OrderCreatedEvent', 4: '{"orderId":"0aa66ba3-bc44-4bb3-8a22-d694f63d90c7","customerEmail":"test10@example.com","totalAmount":{"amount":50.00,"currency":"USD"},"createdAt":"2026-02-05T15:02:21.807628Z"}', 5: TIMESTAMP WITH TIME ZONE '2026-02-05 15:02:21.898344+00', 6: FALSE}
2026-02-06T00:02:21.899+09:00 DEBUG 58699 --- [order-service] [    Test worker] io.r2dbc.h2.client.SessionClient         : Request:  COMMIT
2026-02-06T00:02:21.899+09:00 DEBUG 58699 --- [order-service] [    Test worker] io.r2dbc.h2.client.SessionClient         : Request:  SELECT CURRENT_TIMESTAMP
2026-02-06T00:02:21.899+09:00 DEBUG 58699 --- [order-service] [    Test worker] io.r2dbc.h2.client.SessionClient         : Response: org.h2.result.LocalResult@1748e38e columns: 1 rows: 1 pos: -1
2026-02-06T00:02:21.899+09:00 DEBUG 58699 --- [order-service] [    Test worker] io.r2dbc.h2.client.SessionClient         : Request:  SELECT CURRENT_TIMESTAMP
2026-02-06T00:02:21.899+09:00 DEBUG 58699 --- [order-service] [    Test worker] io.r2dbc.h2.client.SessionClient         : Response: org.h2.result.LocalResult@7d043960 columns: 1 rows: 1 pos: -1
2026-02-06T00:02:21.900+09:00  WARN 58699 --- [order-service] [    Test worker] io.r2dbc.h2.H2Connection                 : Option{name='readOnly', sensitive=false} + isn't supported in H2 at the transaction level. You must set it on conenction URL. See http://www.h2database.com/html/features.html#read_only
2026-02-06T00:02:21.900+09:00 DEBUG 58699 --- [order-service] [    Test worker] io.r2dbc.h2.client.SessionClient         : Request:  SELECT orders.* FROM orders WHERE orders.ID = $1 LIMIT 2 {1: 'ee780b1d-94e4-4189-9a9a-75d1cb445251'}
2026-02-06T00:02:21.900+09:00 DEBUG 58699 --- [order-service] [    Test worker] io.r2dbc.h2.client.SessionClient         : Response: org.h2.result.LocalResult@17de3ab5 columns: 9 rows: 0 pos: -1
2026-02-06T00:02:21.900+09:00 DEBUG 58699 --- [order-service] [    Test worker] io.r2dbc.h2.client.SessionClient         : Request:  INSERT INTO orders (ID, customer_id, customer_email, status, total_amount, currency, created_at, updated_at) VALUES ($1, $2, $3, $4, $5, $6, $7, $8) {1: 'ee780b1d-94e4-4189-9a9a-75d1cb445251', 2: 'customer-11', 3: 'test11@example.com', 4: 'PENDING', 5: 50.00, 6: 'USD', 7: TIMESTAMP WITH TIME ZONE '2026-02-05 15:02:21.807798+00', 8: TIMESTAMP WITH TIME ZONE '2026-02-05 15:02:21.807798+00'}
2026-02-06T00:02:21.901+09:00 DEBUG 58699 --- [order-service] [    Test worker] io.r2dbc.h2.client.SessionClient         : Request:  INSERT INTO order_items (order_id, product_id, product_name, quantity, unit_price, currency) VALUES ($1, $2, $3, $4, $5, $6) {1: 'ee780b1d-94e4-4189-9a9a-75d1cb445251', 2: 'prod-001', 3: 'Product A', 4: 1, 5: 50.00, 6: 'USD'}
2026-02-06T00:02:21.902+09:00 DEBUG 58699 --- [order-service] [    Test worker] io.r2dbc.h2.client.SessionClient         : Request:  SELECT orders.* FROM orders WHERE orders.ID = $1 LIMIT 2 {1: 'ee780b1d-94e4-4189-9a9a-75d1cb445251'}
2026-02-06T00:02:21.902+09:00 DEBUG 58699 --- [order-service] [    Test worker] io.r2dbc.h2.client.SessionClient         : Response: org.h2.result.LocalResult@659ba3a1 columns: 9 rows: 1 pos: -1
2026-02-06T00:02:21.902+09:00 DEBUG 58699 --- [order-service] [    Test worker] io.r2dbc.h2.client.SessionClient         : Request:  SELECT order_items.* FROM order_items WHERE order_items.order_id = $1 {1: 'ee780b1d-94e4-4189-9a9a-75d1cb445251'}
2026-02-06T00:02:21.902+09:00 DEBUG 58699 --- [order-service] [    Test worker] io.r2dbc.h2.client.SessionClient         : Response: org.h2.result.LocalResult@407e7434 columns: 7 rows: 1 pos: -1
2026-02-06T00:02:21.903+09:00 DEBUG 58699 --- [order-service] [    Test worker] io.r2dbc.h2.client.SessionClient         : Request:  INSERT INTO outbox (aggregate_type, aggregate_id, event_type, payload, created_at, processed) VALUES ($1, $2, $3, $4, $5, $6) {1: 'Order', 2: 'ee780b1d-94e4-4189-9a9a-75d1cb445251', 3: 'OrderCreatedEvent', 4: '{"orderId":"ee780b1d-94e4-4189-9a9a-75d1cb445251","customerEmail":"test11@example.com","totalAmount":{"amount":50.00,"currency":"USD"},"createdAt":"2026-02-05T15:02:21.807798Z"}', 5: TIMESTAMP WITH TIME ZONE '2026-02-05 15:02:21.90331+00', 6: FALSE}
2026-02-06T00:02:21.904+09:00 DEBUG 58699 --- [order-service] [    Test worker] io.r2dbc.h2.client.SessionClient         : Request:  COMMIT
2026-02-06T00:02:21.904+09:00 DEBUG 58699 --- [order-service] [    Test worker] io.r2dbc.h2.client.SessionClient         : Request:  SELECT CURRENT_TIMESTAMP
2026-02-06T00:02:21.904+09:00 DEBUG 58699 --- [order-service] [    Test worker] io.r2dbc.h2.client.SessionClient         : Response: org.h2.result.LocalResult@62144e81 columns: 1 rows: 1 pos: -1
2026-02-06T00:02:21.905+09:00 DEBUG 58699 --- [order-service] [    Test worker] io.r2dbc.h2.client.SessionClient         : Request:  SELECT CURRENT_TIMESTAMP
2026-02-06T00:02:21.905+09:00 DEBUG 58699 --- [order-service] [    Test worker] io.r2dbc.h2.client.SessionClient         : Response: org.h2.result.LocalResult@7e13b83c columns: 1 rows: 1 pos: -1
2026-02-06T00:02:21.905+09:00  WARN 58699 --- [order-service] [    Test worker] io.r2dbc.h2.H2Connection                 : Option{name='readOnly', sensitive=false} + isn't supported in H2 at the transaction level. You must set it on conenction URL. See http://www.h2database.com/html/features.html#read_only
2026-02-06T00:02:21.905+09:00 DEBUG 58699 --- [order-service] [    Test worker] io.r2dbc.h2.client.SessionClient         : Request:  SELECT orders.* FROM orders WHERE orders.ID = $1 LIMIT 2 {1: 'd15cfb82-4fcb-44bd-9237-df3f4d6f4cf7'}
2026-02-06T00:02:21.905+09:00 DEBUG 58699 --- [order-service] [    Test worker] io.r2dbc.h2.client.SessionClient         : Response: org.h2.result.LocalResult@3ff5b628 columns: 9 rows: 0 pos: -1
2026-02-06T00:02:21.906+09:00 DEBUG 58699 --- [order-service] [    Test worker] io.r2dbc.h2.client.SessionClient         : Request:  INSERT INTO orders (ID, customer_id, customer_email, status, total_amount, currency, created_at, updated_at) VALUES ($1, $2, $3, $4, $5, $6, $7, $8) {1: 'd15cfb82-4fcb-44bd-9237-df3f4d6f4cf7', 2: 'customer-12', 3: 'test12@example.com', 4: 'PENDING', 5: 50.00, 6: 'USD', 7: TIMESTAMP WITH TIME ZONE '2026-02-05 15:02:21.807963+00', 8: TIMESTAMP WITH TIME ZONE '2026-02-05 15:02:21.807963+00'}
2026-02-06T00:02:21.907+09:00 DEBUG 58699 --- [order-service] [    Test worker] io.r2dbc.h2.client.SessionClient         : Request:  INSERT INTO order_items (order_id, product_id, product_name, quantity, unit_price, currency) VALUES ($1, $2, $3, $4, $5, $6) {1: 'd15cfb82-4fcb-44bd-9237-df3f4d6f4cf7', 2: 'prod-001', 3: 'Product A', 4: 1, 5: 50.00, 6: 'USD'}
2026-02-06T00:02:21.907+09:00 DEBUG 58699 --- [order-service] [    Test worker] io.r2dbc.h2.client.SessionClient         : Request:  SELECT orders.* FROM orders WHERE orders.ID = $1 LIMIT 2 {1: 'd15cfb82-4fcb-44bd-9237-df3f4d6f4cf7'}
2026-02-06T00:02:21.907+09:00 DEBUG 58699 --- [order-service] [    Test worker] io.r2dbc.h2.client.SessionClient         : Response: org.h2.result.LocalResult@5c92147c columns: 9 rows: 1 pos: -1
2026-02-06T00:02:21.908+09:00 DEBUG 58699 --- [order-service] [    Test worker] io.r2dbc.h2.client.SessionClient         : Request:  SELECT order_items.* FROM order_items WHERE order_items.order_id = $1 {1: 'd15cfb82-4fcb-44bd-9237-df3f4d6f4cf7'}
2026-02-06T00:02:21.908+09:00 DEBUG 58699 --- [order-service] [    Test worker] io.r2dbc.h2.client.SessionClient         : Response: org.h2.result.LocalResult@5bf9924a columns: 7 rows: 1 pos: -1
2026-02-06T00:02:21.909+09:00 DEBUG 58699 --- [order-service] [    Test worker] io.r2dbc.h2.client.SessionClient         : Request:  INSERT INTO outbox (aggregate_type, aggregate_id, event_type, payload, created_at, processed) VALUES ($1, $2, $3, $4, $5, $6) {1: 'Order', 2: 'd15cfb82-4fcb-44bd-9237-df3f4d6f4cf7', 3: 'OrderCreatedEvent', 4: '{"orderId":"d15cfb82-4fcb-44bd-9237-df3f4d6f4cf7","customerEmail":"test12@example.com","totalAmount":{"amount":50.00,"currency":"USD"},"createdAt":"2026-02-05T15:02:21.807963Z"}', 5: TIMESTAMP WITH TIME ZONE '2026-02-05 15:02:21.909124+00', 6: FALSE}
2026-02-06T00:02:21.909+09:00 DEBUG 58699 --- [order-service] [    Test worker] io.r2dbc.h2.client.SessionClient         : Request:  COMMIT
2026-02-06T00:02:21.910+09:00 DEBUG 58699 --- [order-service] [    Test worker] io.r2dbc.h2.client.SessionClient         : Request:  SELECT CURRENT_TIMESTAMP
2026-02-06T00:02:21.910+09:00 DEBUG 58699 --- [order-service] [    Test worker] io.r2dbc.h2.client.SessionClient         : Response: org.h2.result.LocalResult@11ae16d8 columns: 1 rows: 1 pos: -1
2026-02-06T00:02:21.910+09:00 DEBUG 58699 --- [order-service] [    Test worker] io.r2dbc.h2.client.SessionClient         : Request:  SELECT CURRENT_TIMESTAMP
2026-02-06T00:02:21.910+09:00 DEBUG 58699 --- [order-service] [    Test worker] io.r2dbc.h2.client.SessionClient         : Response: org.h2.result.LocalResult@733e1e36 columns: 1 rows: 1 pos: -1
2026-02-06T00:02:21.910+09:00  WARN 58699 --- [order-service] [    Test worker] io.r2dbc.h2.H2Connection                 : Option{name='readOnly', sensitive=false} + isn't supported in H2 at the transaction level. You must set it on conenction URL. See http://www.h2database.com/html/features.html#read_only
2026-02-06T00:02:21.910+09:00 DEBUG 58699 --- [order-service] [    Test worker] io.r2dbc.h2.client.SessionClient         : Request:  SELECT orders.* FROM orders WHERE orders.ID = $1 LIMIT 2 {1: 'a33eb60b-a2c0-43de-a863-ee70990836c4'}
2026-02-06T00:02:21.911+09:00 DEBUG 58699 --- [order-service] [    Test worker] io.r2dbc.h2.client.SessionClient         : Response: org.h2.result.LocalResult@3ad15e83 columns: 9 rows: 0 pos: -1
2026-02-06T00:02:21.911+09:00 DEBUG 58699 --- [order-service] [    Test worker] io.r2dbc.h2.client.SessionClient         : Request:  INSERT INTO orders (ID, customer_id, customer_email, status, total_amount, currency, created_at, updated_at) VALUES ($1, $2, $3, $4, $5, $6, $7, $8) {1: 'a33eb60b-a2c0-43de-a863-ee70990836c4', 2: 'customer-13', 3: 'test13@example.com', 4: 'PENDING', 5: 50.00, 6: 'USD', 7: TIMESTAMP WITH TIME ZONE '2026-02-05 15:02:21.808112+00', 8: TIMESTAMP WITH TIME ZONE '2026-02-05 15:02:21.808112+00'}
2026-02-06T00:02:21.912+09:00 DEBUG 58699 --- [order-service] [    Test worker] io.r2dbc.h2.client.SessionClient         : Request:  INSERT INTO order_items (order_id, product_id, product_name, quantity, unit_price, currency) VALUES ($1, $2, $3, $4, $5, $6) {1: 'a33eb60b-a2c0-43de-a863-ee70990836c4', 2: 'prod-001', 3: 'Product A', 4: 1, 5: 50.00, 6: 'USD'}
2026-02-06T00:02:21.912+09:00 DEBUG 58699 --- [order-service] [    Test worker] io.r2dbc.h2.client.SessionClient         : Request:  SELECT orders.* FROM orders WHERE orders.ID = $1 LIMIT 2 {1: 'a33eb60b-a2c0-43de-a863-ee70990836c4'}
2026-02-06T00:02:21.912+09:00 DEBUG 58699 --- [order-service] [    Test worker] io.r2dbc.h2.client.SessionClient         : Response: org.h2.result.LocalResult@281a0c26 columns: 9 rows: 1 pos: -1
2026-02-06T00:02:21.913+09:00 DEBUG 58699 --- [order-service] [    Test worker] io.r2dbc.h2.client.SessionClient         : Request:  SELECT order_items.* FROM order_items WHERE order_items.order_id = $1 {1: 'a33eb60b-a2c0-43de-a863-ee70990836c4'}
2026-02-06T00:02:21.913+09:00 DEBUG 58699 --- [order-service] [    Test worker] io.r2dbc.h2.client.SessionClient         : Response: org.h2.result.LocalResult@5ccf13a9 columns: 7 rows: 1 pos: -1
2026-02-06T00:02:21.914+09:00 DEBUG 58699 --- [order-service] [    Test worker] io.r2dbc.h2.client.SessionClient         : Request:  INSERT INTO outbox (aggregate_type, aggregate_id, event_type, payload, created_at, processed) VALUES ($1, $2, $3, $4, $5, $6) {1: 'Order', 2: 'a33eb60b-a2c0-43de-a863-ee70990836c4', 3: 'OrderCreatedEvent', 4: '{"orderId":"a33eb60b-a2c0-43de-a863-ee70990836c4","customerEmail":"test13@example.com","totalAmount":{"amount":50.00,"currency":"USD"},"createdAt":"2026-02-05T15:02:21.808112Z"}', 5: TIMESTAMP WITH TIME ZONE '2026-02-05 15:02:21.913886+00', 6: FALSE}
2026-02-06T00:02:21.914+09:00 DEBUG 58699 --- [order-service] [    Test worker] io.r2dbc.h2.client.SessionClient         : Request:  COMMIT
2026-02-06T00:02:21.914+09:00 DEBUG 58699 --- [order-service] [    Test worker] io.r2dbc.h2.client.SessionClient         : Request:  SELECT CURRENT_TIMESTAMP
2026-02-06T00:02:21.914+09:00 DEBUG 58699 --- [order-service] [    Test worker] io.r2dbc.h2.client.SessionClient         : Response: org.h2.result.LocalResult@43874d7f columns: 1 rows: 1 pos: -1
2026-02-06T00:02:21.915+09:00 DEBUG 58699 --- [order-service] [    Test worker] io.r2dbc.h2.client.SessionClient         : Request:  SELECT CURRENT_TIMESTAMP
2026-02-06T00:02:21.915+09:00 DEBUG 58699 --- [order-service] [    Test worker] io.r2dbc.h2.client.SessionClient         : Response: org.h2.result.LocalResult@19fd0299 columns: 1 rows: 1 pos: -1
2026-02-06T00:02:21.915+09:00  WARN 58699 --- [order-service] [    Test worker] io.r2dbc.h2.H2Connection                 : Option{name='readOnly', sensitive=false} + isn't supported in H2 at the transaction level. You must set it on conenction URL. See http://www.h2database.com/html/features.html#read_only
2026-02-06T00:02:21.915+09:00 DEBUG 58699 --- [order-service] [    Test worker] io.r2dbc.h2.client.SessionClient         : Request:  SELECT orders.* FROM orders WHERE orders.ID = $1 LIMIT 2 {1: '5f694b17-c38b-4cc8-b228-adc8d1b24a04'}
2026-02-06T00:02:21.915+09:00 DEBUG 58699 --- [order-service] [    Test worker] io.r2dbc.h2.client.SessionClient         : Response: org.h2.result.LocalResult@3ee31090 columns: 9 rows: 0 pos: -1
2026-02-06T00:02:21.916+09:00 DEBUG 58699 --- [order-service] [    Test worker] io.r2dbc.h2.client.SessionClient         : Request:  INSERT INTO orders (ID, customer_id, customer_email, status, total_amount, currency, created_at, updated_at) VALUES ($1, $2, $3, $4, $5, $6, $7, $8) {1: '5f694b17-c38b-4cc8-b228-adc8d1b24a04', 2: 'customer-14', 3: 'test14@example.com', 4: 'PENDING', 5: 50.00, 6: 'USD', 7: TIMESTAMP WITH TIME ZONE '2026-02-05 15:02:21.808292+00', 8: TIMESTAMP WITH TIME ZONE '2026-02-05 15:02:21.808292+00'}
2026-02-06T00:02:21.917+09:00 DEBUG 58699 --- [order-service] [    Test worker] io.r2dbc.h2.client.SessionClient         : Request:  INSERT INTO order_items (order_id, product_id, product_name, quantity, unit_price, currency) VALUES ($1, $2, $3, $4, $5, $6) {1: '5f694b17-c38b-4cc8-b228-adc8d1b24a04', 2: 'prod-001', 3: 'Product A', 4: 1, 5: 50.00, 6: 'USD'}
2026-02-06T00:02:21.917+09:00 DEBUG 58699 --- [order-service] [    Test worker] io.r2dbc.h2.client.SessionClient         : Request:  SELECT orders.* FROM orders WHERE orders.ID = $1 LIMIT 2 {1: '5f694b17-c38b-4cc8-b228-adc8d1b24a04'}
2026-02-06T00:02:21.917+09:00 DEBUG 58699 --- [order-service] [    Test worker] io.r2dbc.h2.client.SessionClient         : Response: org.h2.result.LocalResult@2e66541a columns: 9 rows: 1 pos: -1
2026-02-06T00:02:21.918+09:00 DEBUG 58699 --- [order-service] [    Test worker] io.r2dbc.h2.client.SessionClient         : Request:  SELECT order_items.* FROM order_items WHERE order_items.order_id = $1 {1: '5f694b17-c38b-4cc8-b228-adc8d1b24a04'}
2026-02-06T00:02:21.918+09:00 DEBUG 58699 --- [order-service] [    Test worker] io.r2dbc.h2.client.SessionClient         : Response: org.h2.result.LocalResult@6252d1c columns: 7 rows: 1 pos: -1
2026-02-06T00:02:21.919+09:00 DEBUG 58699 --- [order-service] [    Test worker] io.r2dbc.h2.client.SessionClient         : Request:  INSERT INTO outbox (aggregate_type, aggregate_id, event_type, payload, created_at, processed) VALUES ($1, $2, $3, $4, $5, $6) {1: 'Order', 2: '5f694b17-c38b-4cc8-b228-adc8d1b24a04', 3: 'OrderCreatedEvent', 4: '{"orderId":"5f694b17-c38b-4cc8-b228-adc8d1b24a04","customerEmail":"test14@example.com","totalAmount":{"amount":50.00,"currency":"USD"},"createdAt":"2026-02-05T15:02:21.808292Z"}', 5: TIMESTAMP WITH TIME ZONE '2026-02-05 15:02:21.919207+00', 6: FALSE}
2026-02-06T00:02:21.920+09:00 DEBUG 58699 --- [order-service] [    Test worker] io.r2dbc.h2.client.SessionClient         : Request:  COMMIT
2026-02-06T00:02:21.920+09:00 DEBUG 58699 --- [order-service] [    Test worker] io.r2dbc.h2.client.SessionClient         : Request:  SELECT CURRENT_TIMESTAMP
2026-02-06T00:02:21.920+09:00 DEBUG 58699 --- [order-service] [    Test worker] io.r2dbc.h2.client.SessionClient         : Response: org.h2.result.LocalResult@6200887c columns: 1 rows: 1 pos: -1
2026-02-06T00:02:21.921+09:00 DEBUG 58699 --- [order-service] [    Test worker] io.r2dbc.h2.client.SessionClient         : Request:  SELECT CURRENT_TIMESTAMP
2026-02-06T00:02:21.921+09:00 DEBUG 58699 --- [order-service] [    Test worker] io.r2dbc.h2.client.SessionClient         : Response: org.h2.result.LocalResult@1765ca4d columns: 1 rows: 1 pos: -1
2026-02-06T00:02:21.921+09:00  WARN 58699 --- [order-service] [    Test worker] io.r2dbc.h2.H2Connection                 : Option{name='readOnly', sensitive=false} + isn't supported in H2 at the transaction level. You must set it on conenction URL. See http://www.h2database.com/html/features.html#read_only
2026-02-06T00:02:21.921+09:00 DEBUG 58699 --- [order-service] [    Test worker] io.r2dbc.h2.client.SessionClient         : Request:  SELECT orders.* FROM orders WHERE orders.ID = $1 LIMIT 2 {1: '1b2fb8e5-464c-4938-8c35-3e419d69229e'}
2026-02-06T00:02:21.921+09:00 DEBUG 58699 --- [order-service] [    Test worker] io.r2dbc.h2.client.SessionClient         : Response: org.h2.result.LocalResult@361fb3b3 columns: 9 rows: 0 pos: -1
2026-02-06T00:02:21.922+09:00 DEBUG 58699 --- [order-service] [    Test worker] io.r2dbc.h2.client.SessionClient         : Request:  INSERT INTO orders (ID, customer_id, customer_email, status, total_amount, currency, created_at, updated_at) VALUES ($1, $2, $3, $4, $5, $6, $7, $8) {1: '1b2fb8e5-464c-4938-8c35-3e419d69229e', 2: 'customer-15', 3: 'test15@example.com', 4: 'PENDING', 5: 50.00, 6: 'USD', 7: TIMESTAMP WITH TIME ZONE '2026-02-05 15:02:21.808473+00', 8: TIMESTAMP WITH TIME ZONE '2026-02-05 15:02:21.808473+00'}
2026-02-06T00:02:21.922+09:00 DEBUG 58699 --- [order-service] [    Test worker] io.r2dbc.h2.client.SessionClient         : Request:  INSERT INTO order_items (order_id, product_id, product_name, quantity, unit_price, currency) VALUES ($1, $2, $3, $4, $5, $6) {1: '1b2fb8e5-464c-4938-8c35-3e419d69229e', 2: 'prod-001', 3: 'Product A', 4: 1, 5: 50.00, 6: 'USD'}
2026-02-06T00:02:21.923+09:00 DEBUG 58699 --- [order-service] [    Test worker] io.r2dbc.h2.client.SessionClient         : Request:  SELECT orders.* FROM orders WHERE orders.ID = $1 LIMIT 2 {1: '1b2fb8e5-464c-4938-8c35-3e419d69229e'}
2026-02-06T00:02:21.923+09:00 DEBUG 58699 --- [order-service] [    Test worker] io.r2dbc.h2.client.SessionClient         : Response: org.h2.result.LocalResult@a588739 columns: 9 rows: 1 pos: -1
2026-02-06T00:02:21.924+09:00 DEBUG 58699 --- [order-service] [    Test worker] io.r2dbc.h2.client.SessionClient         : Request:  SELECT order_items.* FROM order_items WHERE order_items.order_id = $1 {1: '1b2fb8e5-464c-4938-8c35-3e419d69229e'}
2026-02-06T00:02:21.924+09:00 DEBUG 58699 --- [order-service] [    Test worker] io.r2dbc.h2.client.SessionClient         : Response: org.h2.result.LocalResult@7e82a5fb columns: 7 rows: 1 pos: -1
2026-02-06T00:02:21.925+09:00 DEBUG 58699 --- [order-service] [    Test worker] io.r2dbc.h2.client.SessionClient         : Request:  INSERT INTO outbox (aggregate_type, aggregate_id, event_type, payload, created_at, processed) VALUES ($1, $2, $3, $4, $5, $6) {1: 'Order', 2: '1b2fb8e5-464c-4938-8c35-3e419d69229e', 3: 'OrderCreatedEvent', 4: '{"orderId":"1b2fb8e5-464c-4938-8c35-3e419d69229e","customerEmail":"test15@example.com","totalAmount":{"amount":50.00,"currency":"USD"},"createdAt":"2026-02-05T15:02:21.808473Z"}', 5: TIMESTAMP WITH TIME ZONE '2026-02-05 15:02:21.924872+00', 6: FALSE}
2026-02-06T00:02:21.925+09:00 DEBUG 58699 --- [order-service] [    Test worker] io.r2dbc.h2.client.SessionClient         : Request:  COMMIT
2026-02-06T00:02:21.925+09:00 DEBUG 58699 --- [order-service] [    Test worker] io.r2dbc.h2.client.SessionClient         : Request:  SELECT CURRENT_TIMESTAMP
2026-02-06T00:02:21.926+09:00 DEBUG 58699 --- [order-service] [    Test worker] io.r2dbc.h2.client.SessionClient         : Response: org.h2.result.LocalResult@1459ffe4 columns: 1 rows: 1 pos: -1
2026-02-06T00:02:21.926+09:00 DEBUG 58699 --- [order-service] [    Test worker] io.r2dbc.h2.client.SessionClient         : Request:  SELECT CURRENT_TIMESTAMP
2026-02-06T00:02:21.926+09:00 DEBUG 58699 --- [order-service] [    Test worker] io.r2dbc.h2.client.SessionClient         : Response: org.h2.result.LocalResult@27504ed3 columns: 1 rows: 1 pos: -1
2026-02-06T00:02:21.926+09:00  WARN 58699 --- [order-service] [    Test worker] io.r2dbc.h2.H2Connection                 : Option{name='readOnly', sensitive=false} + isn't supported in H2 at the transaction level. You must set it on conenction URL. See http://www.h2database.com/html/features.html#read_only
[...]
2026-02-06T00:02:22.306+09:00  WARN 58699 --- [order-service] [    Test worker] io.r2dbc.h2.H2Connection                 : Option{name='readOnly', sensitive=false} + isn't supported in H2 at the transaction level. You must set it on conenction URL. See http://www.h2database.com/html/features.html#read_only
2026-02-06T00:02:22.306+09:00 DEBUG 58699 --- [order-service] [    Test worker] io.r2dbc.h2.client.SessionClient         : Request:  SELECT orders.* FROM orders WHERE orders.ID = $1 LIMIT 2 {1: '370b44d7-6beb-4030-85d9-065802958a8e'}
2026-02-06T00:02:22.306+09:00 DEBUG 58699 --- [order-service] [    Test worker] io.r2dbc.h2.client.SessionClient         : Response: org.h2.result.LocalResult@33d4ed23 columns: 9 rows: 0 pos: -1
2026-02-06T00:02:22.306+09:00 DEBUG 58699 --- [order-service] [    Test worker] io.r2dbc.h2.client.SessionClient         : Request:  INSERT INTO orders (ID, customer_id, customer_email, status, total_amount, currency, created_at, updated_at) VALUES ($1, $2, $3, $4, $5, $6, $7, $8) {1: '370b44d7-6beb-4030-85d9-065802958a8e', 2: 'customer-95', 3: 'test95@example.com', 4: 'PENDING', 5: 50.00, 6: 'USD', 7: TIMESTAMP WITH TIME ZONE '2026-02-05 15:02:22.06049+00', 8: TIMESTAMP WITH TIME ZONE '2026-02-05 15:02:22.06049+00'}
2026-02-06T00:02:22.306+09:00 DEBUG 58699 --- [order-service] [    Test worker] io.r2dbc.h2.client.SessionClient         : Request:  INSERT INTO order_items (order_id, product_id, product_name, quantity, unit_price, currency) VALUES ($1, $2, $3, $4, $5, $6) {1: '370b44d7-6beb-4030-85d9-065802958a8e', 2: 'prod-001', 3: 'Product A', 4: 1, 5: 50.00, 6: 'USD'}
2026-02-06T00:02:22.307+09:00 DEBUG 58699 --- [order-service] [    Test worker] io.r2dbc.h2.client.SessionClient         : Request:  SELECT orders.* FROM orders WHERE orders.ID = $1 LIMIT 2 {1: '370b44d7-6beb-4030-85d9-065802958a8e'}
2026-02-06T00:02:22.307+09:00 DEBUG 58699 --- [order-service] [    Test worker] io.r2dbc.h2.client.SessionClient         : Response: org.h2.result.LocalResult@f8740f5 columns: 9 rows: 1 pos: -1
2026-02-06T00:02:22.307+09:00 DEBUG 58699 --- [order-service] [    Test worker] io.r2dbc.h2.client.SessionClient         : Request:  SELECT order_items.* FROM order_items WHERE order_items.order_id = $1 {1: '370b44d7-6beb-4030-85d9-065802958a8e'}
2026-02-06T00:02:22.307+09:00 DEBUG 58699 --- [order-service] [    Test worker] io.r2dbc.h2.client.SessionClient         : Response: org.h2.result.LocalResult@5d9515d6 columns: 7 rows: 1 pos: -1
2026-02-06T00:02:22.307+09:00 DEBUG 58699 --- [order-service] [    Test worker] io.r2dbc.h2.client.SessionClient         : Request:  INSERT INTO outbox (aggregate_type, aggregate_id, event_type, payload, created_at, processed) VALUES ($1, $2, $3, $4, $5, $6) {1: 'Order', 2: '370b44d7-6beb-4030-85d9-065802958a8e', 3: 'OrderCreatedEvent', 4: '{"orderId":"370b44d7-6beb-4030-85d9-065802958a8e","customerEmail":"test95@example.com","totalAmount":{"amount":50.00,"currency":"USD"},"createdAt":"2026-02-05T15:02:22.060490Z"}', 5: TIMESTAMP WITH TIME ZONE '2026-02-05 15:02:22.307746+00', 6: FALSE}
2026-02-06T00:02:22.308+09:00 DEBUG 58699 --- [order-service] [    Test worker] io.r2dbc.h2.client.SessionClient         : Request:  COMMIT
2026-02-06T00:02:22.308+09:00 DEBUG 58699 --- [order-service] [    Test worker] io.r2dbc.h2.client.SessionClient         : Request:  SELECT CURRENT_TIMESTAMP
2026-02-06T00:02:22.308+09:00 DEBUG 58699 --- [order-service] [    Test worker] io.r2dbc.h2.client.SessionClient         : Response: org.h2.result.LocalResult@421e8b29 columns: 1 rows: 1 pos: -1
2026-02-06T00:02:22.308+09:00 DEBUG 58699 --- [order-service] [    Test worker] io.r2dbc.h2.client.SessionClient         : Request:  SELECT CURRENT_TIMESTAMP
2026-02-06T00:02:22.308+09:00 DEBUG 58699 --- [order-service] [    Test worker] io.r2dbc.h2.client.SessionClient         : Response: org.h2.result.LocalResult@69745cfe columns: 1 rows: 1 pos: -1
2026-02-06T00:02:22.308+09:00  WARN 58699 --- [order-service] [    Test worker] io.r2dbc.h2.H2Connection                 : Option{name='readOnly', sensitive=false} + isn't supported in H2 at the transaction level. You must set it on conenction URL. See http://www.h2database.com/html/features.html#read_only
2026-02-06T00:02:22.308+09:00 DEBUG 58699 --- [order-service] [    Test worker] io.r2dbc.h2.client.SessionClient         : Request:  SELECT orders.* FROM orders WHERE orders.ID = $1 LIMIT 2 {1: '1db21170-5cf0-4605-b4ba-89333294b65c'}
2026-02-06T00:02:22.308+09:00 DEBUG 58699 --- [order-service] [    Test worker] io.r2dbc.h2.client.SessionClient         : Response: org.h2.result.LocalResult@77db84cf columns: 9 rows: 0 pos: -1
2026-02-06T00:02:22.308+09:00 DEBUG 58699 --- [order-service] [    Test worker] io.r2dbc.h2.client.SessionClient         : Request:  INSERT INTO orders (ID, customer_id, customer_email, status, total_amount, currency, created_at, updated_at) VALUES ($1, $2, $3, $4, $5, $6, $7, $8) {1: '1db21170-5cf0-4605-b4ba-89333294b65c', 2: 'customer-96', 3: 'test96@example.com', 4: 'PENDING', 5: 50.00, 6: 'USD', 7: TIMESTAMP WITH TIME ZONE '2026-02-05 15:02:22.06057+00', 8: TIMESTAMP WITH TIME ZONE '2026-02-05 15:02:22.06057+00'}
2026-02-06T00:02:22.309+09:00 DEBUG 58699 --- [order-service] [    Test worker] io.r2dbc.h2.client.SessionClient         : Request:  INSERT INTO order_items (order_id, product_id, product_name, quantity, unit_price, currency) VALUES ($1, $2, $3, $4, $5, $6) {1: '1db21170-5cf0-4605-b4ba-89333294b65c', 2: 'prod-001', 3: 'Product A', 4: 1, 5: 50.00, 6: 'USD'}
2026-02-06T00:02:22.309+09:00 DEBUG 58699 --- [order-service] [    Test worker] io.r2dbc.h2.client.SessionClient         : Request:  SELECT orders.* FROM orders WHERE orders.ID = $1 LIMIT 2 {1: '1db21170-5cf0-4605-b4ba-89333294b65c'}
2026-02-06T00:02:22.309+09:00 DEBUG 58699 --- [order-service] [    Test worker] io.r2dbc.h2.client.SessionClient         : Response: org.h2.result.LocalResult@73ca241d columns: 9 rows: 1 pos: -1
2026-02-06T00:02:22.309+09:00 DEBUG 58699 --- [order-service] [    Test worker] io.r2dbc.h2.client.SessionClient         : Request:  SELECT order_items.* FROM order_items WHERE order_items.order_id = $1 {1: '1db21170-5cf0-4605-b4ba-89333294b65c'}
2026-02-06T00:02:22.309+09:00 DEBUG 58699 --- [order-service] [    Test worker] io.r2dbc.h2.client.SessionClient         : Response: org.h2.result.LocalResult@5c64026c columns: 7 rows: 1 pos: -1
2026-02-06T00:02:22.310+09:00 DEBUG 58699 --- [order-service] [    Test worker] io.r2dbc.h2.client.SessionClient         : Request:  INSERT INTO outbox (aggregate_type, aggregate_id, event_type, payload, created_at, processed) VALUES ($1, $2, $3, $4, $5, $6) {1: 'Order', 2: '1db21170-5cf0-4605-b4ba-89333294b65c', 3: 'OrderCreatedEvent', 4: '{"orderId":"1db21170-5cf0-4605-b4ba-89333294b65c","customerEmail":"test96@example.com","totalAmount":{"amount":50.00,"currency":"USD"},"createdAt":"2026-02-05T15:02:22.060570Z"}', 5: TIMESTAMP WITH TIME ZONE '2026-02-05 15:02:22.309892+00', 6: FALSE}
2026-02-06T00:02:22.310+09:00 DEBUG 58699 --- [order-service] [    Test worker] io.r2dbc.h2.client.SessionClient         : Request:  COMMIT
2026-02-06T00:02:22.310+09:00 DEBUG 58699 --- [order-service] [    Test worker] io.r2dbc.h2.client.SessionClient         : Request:  SELECT CURRENT_TIMESTAMP
2026-02-06T00:02:22.310+09:00 DEBUG 58699 --- [order-service] [    Test worker] io.r2dbc.h2.client.SessionClient         : Response: org.h2.result.LocalResult@36fe079c columns: 1 rows: 1 pos: -1
2026-02-06T00:02:22.310+09:00 DEBUG 58699 --- [order-service] [    Test worker] io.r2dbc.h2.client.SessionClient         : Request:  SELECT CURRENT_TIMESTAMP
2026-02-06T00:02:22.310+09:00 DEBUG 58699 --- [order-service] [    Test worker] io.r2dbc.h2.client.SessionClient         : Response: org.h2.result.LocalResult@1167b1a columns: 1 rows: 1 pos: -1
2026-02-06T00:02:22.310+09:00  WARN 58699 --- [order-service] [    Test worker] io.r2dbc.h2.H2Connection                 : Option{name='readOnly', sensitive=false} + isn't supported in H2 at the transaction level. You must set it on conenction URL. See http://www.h2database.com/html/features.html#read_only
2026-02-06T00:02:22.310+09:00 DEBUG 58699 --- [order-service] [    Test worker] io.r2dbc.h2.client.SessionClient         : Request:  SELECT orders.* FROM orders WHERE orders.ID = $1 LIMIT 2 {1: '2a083b11-8b4f-456b-8de1-f52e55d4d34e'}
2026-02-06T00:02:22.310+09:00 DEBUG 58699 --- [order-service] [    Test worker] io.r2dbc.h2.client.SessionClient         : Response: org.h2.result.LocalResult@4ead0ae1 columns: 9 rows: 0 pos: -1
2026-02-06T00:02:22.310+09:00 DEBUG 58699 --- [order-service] [    Test worker] io.r2dbc.h2.client.SessionClient         : Request:  INSERT INTO orders (ID, customer_id, customer_email, status, total_amount, currency, created_at, updated_at) VALUES ($1, $2, $3, $4, $5, $6, $7, $8) {1: '2a083b11-8b4f-456b-8de1-f52e55d4d34e', 2: 'customer-97', 3: 'test97@example.com', 4: 'PENDING', 5: 50.00, 6: 'USD', 7: TIMESTAMP WITH TIME ZONE '2026-02-05 15:02:22.060647+00', 8: TIMESTAMP WITH TIME ZONE '2026-02-05 15:02:22.060647+00'}
2026-02-06T00:02:22.311+09:00 DEBUG 58699 --- [order-service] [    Test worker] io.r2dbc.h2.client.SessionClient         : Request:  INSERT INTO order_items (order_id, product_id, product_name, quantity, unit_price, currency) VALUES ($1, $2, $3, $4, $5, $6) {1: '2a083b11-8b4f-456b-8de1-f52e55d4d34e', 2: 'prod-001', 3: 'Product A', 4: 1, 5: 50.00, 6: 'USD'}
2026-02-06T00:02:22.311+09:00 DEBUG 58699 --- [order-service] [    Test worker] io.r2dbc.h2.client.SessionClient         : Request:  SELECT orders.* FROM orders WHERE orders.ID = $1 LIMIT 2 {1: '2a083b11-8b4f-456b-8de1-f52e55d4d34e'}
2026-02-06T00:02:22.311+09:00 DEBUG 58699 --- [order-service] [    Test worker] io.r2dbc.h2.client.SessionClient         : Response: org.h2.result.LocalResult@634324c9 columns: 9 rows: 1 pos: -1
2026-02-06T00:02:22.311+09:00 DEBUG 58699 --- [order-service] [    Test worker] io.r2dbc.h2.client.SessionClient         : Request:  SELECT order_items.* FROM order_items WHERE order_items.order_id = $1 {1: '2a083b11-8b4f-456b-8de1-f52e55d4d34e'}
2026-02-06T00:02:22.311+09:00 DEBUG 58699 --- [order-service] [    Test worker] io.r2dbc.h2.client.SessionClient         : Response: org.h2.result.LocalResult@116d39e2 columns: 7 rows: 1 pos: -1
2026-02-06T00:02:22.312+09:00 DEBUG 58699 --- [order-service] [    Test worker] io.r2dbc.h2.client.SessionClient         : Request:  INSERT INTO outbox (aggregate_type, aggregate_id, event_type, payload, created_at, processed) VALUES ($1, $2, $3, $4, $5, $6) {1: 'Order', 2: '2a083b11-8b4f-456b-8de1-f52e55d4d34e', 3: 'OrderCreatedEvent', 4: '{"orderId":"2a083b11-8b4f-456b-8de1-f52e55d4d34e","customerEmail":"test97@example.com","totalAmount":{"amount":50.00,"currency":"USD"},"createdAt":"2026-02-05T15:02:22.060647Z"}', 5: TIMESTAMP WITH TIME ZONE '2026-02-05 15:02:22.311885+00', 6: FALSE}
2026-02-06T00:02:22.312+09:00 DEBUG 58699 --- [order-service] [    Test worker] io.r2dbc.h2.client.SessionClient         : Request:  COMMIT
2026-02-06T00:02:22.312+09:00 DEBUG 58699 --- [order-service] [    Test worker] io.r2dbc.h2.client.SessionClient         : Request:  SELECT CURRENT_TIMESTAMP
2026-02-06T00:02:22.312+09:00 DEBUG 58699 --- [order-service] [    Test worker] io.r2dbc.h2.client.SessionClient         : Response: org.h2.result.LocalResult@40b1cb8f columns: 1 rows: 1 pos: -1
2026-02-06T00:02:22.312+09:00 DEBUG 58699 --- [order-service] [    Test worker] io.r2dbc.h2.client.SessionClient         : Request:  SELECT CURRENT_TIMESTAMP
2026-02-06T00:02:22.312+09:00 DEBUG 58699 --- [order-service] [    Test worker] io.r2dbc.h2.client.SessionClient         : Response: org.h2.result.LocalResult@1e7c3465 columns: 1 rows: 1 pos: -1
2026-02-06T00:02:22.312+09:00  WARN 58699 --- [order-service] [    Test worker] io.r2dbc.h2.H2Connection                 : Option{name='readOnly', sensitive=false} + isn't supported in H2 at the transaction level. You must set it on conenction URL. See http://www.h2database.com/html/features.html#read_only
2026-02-06T00:02:22.312+09:00 DEBUG 58699 --- [order-service] [    Test worker] io.r2dbc.h2.client.SessionClient         : Request:  SELECT orders.* FROM orders WHERE orders.ID = $1 LIMIT 2 {1: '2d2ba464-2c0d-4221-b8e5-34295eebc18b'}
2026-02-06T00:02:22.312+09:00 DEBUG 58699 --- [order-service] [    Test worker] io.r2dbc.h2.client.SessionClient         : Response: org.h2.result.LocalResult@70761669 columns: 9 rows: 0 pos: -1
2026-02-06T00:02:22.312+09:00 DEBUG 58699 --- [order-service] [    Test worker] io.r2dbc.h2.client.SessionClient         : Request:  INSERT INTO orders (ID, customer_id, customer_email, status, total_amount, currency, created_at, updated_at) VALUES ($1, $2, $3, $4, $5, $6, $7, $8) {1: '2d2ba464-2c0d-4221-b8e5-34295eebc18b', 2: 'customer-98', 3: 'test98@example.com', 4: 'PENDING', 5: 50.00, 6: 'USD', 7: TIMESTAMP WITH TIME ZONE '2026-02-05 15:02:22.060741+00', 8: TIMESTAMP WITH TIME ZONE '2026-02-05 15:02:22.060741+00'}
2026-02-06T00:02:22.313+09:00 DEBUG 58699 --- [order-service] [    Test worker] io.r2dbc.h2.client.SessionClient         : Request:  INSERT INTO order_items (order_id, product_id, product_name, quantity, unit_price, currency) VALUES ($1, $2, $3, $4, $5, $6) {1: '2d2ba464-2c0d-4221-b8e5-34295eebc18b', 2: 'prod-001', 3: 'Product A', 4: 1, 5: 50.00, 6: 'USD'}
2026-02-06T00:02:22.313+09:00 DEBUG 58699 --- [order-service] [    Test worker] io.r2dbc.h2.client.SessionClient         : Request:  SELECT orders.* FROM orders WHERE orders.ID = $1 LIMIT 2 {1: '2d2ba464-2c0d-4221-b8e5-34295eebc18b'}
2026-02-06T00:02:22.313+09:00 DEBUG 58699 --- [order-service] [    Test worker] io.r2dbc.h2.client.SessionClient         : Response: org.h2.result.LocalResult@58576690 columns: 9 rows: 1 pos: -1
2026-02-06T00:02:22.313+09:00 DEBUG 58699 --- [order-service] [    Test worker] io.r2dbc.h2.client.SessionClient         : Request:  SELECT order_items.* FROM order_items WHERE order_items.order_id = $1 {1: '2d2ba464-2c0d-4221-b8e5-34295eebc18b'}
2026-02-06T00:02:22.313+09:00 DEBUG 58699 --- [order-service] [    Test worker] io.r2dbc.h2.client.SessionClient         : Response: org.h2.result.LocalResult@4850a747 columns: 7 rows: 1 pos: -1
2026-02-06T00:02:22.314+09:00 DEBUG 58699 --- [order-service] [    Test worker] io.r2dbc.h2.client.SessionClient         : Request:  INSERT INTO outbox (aggregate_type, aggregate_id, event_type, payload, created_at, processed) VALUES ($1, $2, $3, $4, $5, $6) {1: 'Order', 2: '2d2ba464-2c0d-4221-b8e5-34295eebc18b', 3: 'OrderCreatedEvent', 4: '{"orderId":"2d2ba464-2c0d-4221-b8e5-34295eebc18b","customerEmail":"test98@example.com","totalAmount":{"amount":50.00,"currency":"USD"},"createdAt":"2026-02-05T15:02:22.060741Z"}', 5: TIMESTAMP WITH TIME ZONE '2026-02-05 15:02:22.313897+00', 6: FALSE}
2026-02-06T00:02:22.314+09:00 DEBUG 58699 --- [order-service] [    Test worker] io.r2dbc.h2.client.SessionClient         : Request:  COMMIT
2026-02-06T00:02:22.314+09:00 DEBUG 58699 --- [order-service] [    Test worker] io.r2dbc.h2.client.SessionClient         : Request:  SELECT CURRENT_TIMESTAMP
2026-02-06T00:02:22.314+09:00 DEBUG 58699 --- [order-service] [    Test worker] io.r2dbc.h2.client.SessionClient         : Response: org.h2.result.LocalResult@3a65e121 columns: 1 rows: 1 pos: -1
2026-02-06T00:02:22.314+09:00 DEBUG 58699 --- [order-service] [    Test worker] io.r2dbc.h2.client.SessionClient         : Request:  SELECT CURRENT_TIMESTAMP
2026-02-06T00:02:22.314+09:00 DEBUG 58699 --- [order-service] [    Test worker] io.r2dbc.h2.client.SessionClient         : Response: org.h2.result.LocalResult@6013984c columns: 1 rows: 1 pos: -1
2026-02-06T00:02:22.314+09:00  WARN 58699 --- [order-service] [    Test worker] io.r2dbc.h2.H2Connection                 : Option{name='readOnly', sensitive=false} + isn't supported in H2 at the transaction level. You must set it on conenction URL. See http://www.h2database.com/html/features.html#read_only
2026-02-06T00:02:22.314+09:00 DEBUG 58699 --- [order-service] [    Test worker] io.r2dbc.h2.client.SessionClient         : Request:  SELECT orders.* FROM orders WHERE orders.ID = $1 LIMIT 2 {1: '8da33f58-ae26-4171-8ac1-59789a4f7c96'}
2026-02-06T00:02:22.314+09:00 DEBUG 58699 --- [order-service] [    Test worker] io.r2dbc.h2.client.SessionClient         : Response: org.h2.result.LocalResult@3d2a2117 columns: 9 rows: 0 pos: -1
2026-02-06T00:02:22.314+09:00 DEBUG 58699 --- [order-service] [    Test worker] io.r2dbc.h2.client.SessionClient         : Request:  INSERT INTO orders (ID, customer_id, customer_email, status, total_amount, currency, created_at, updated_at) VALUES ($1, $2, $3, $4, $5, $6, $7, $8) {1: '8da33f58-ae26-4171-8ac1-59789a4f7c96', 2: 'customer-99', 3: 'test99@example.com', 4: 'PENDING', 5: 50.00, 6: 'USD', 7: TIMESTAMP WITH TIME ZONE '2026-02-05 15:02:22.060821+00', 8: TIMESTAMP WITH TIME ZONE '2026-02-05 15:02:22.060821+00'}
2026-02-06T00:02:22.315+09:00 DEBUG 58699 --- [order-service] [    Test worker] io.r2dbc.h2.client.SessionClient         : Request:  INSERT INTO order_items (order_id, product_id, product_name, quantity, unit_price, currency) VALUES ($1, $2, $3, $4, $5, $6) {1: '8da33f58-ae26-4171-8ac1-59789a4f7c96', 2: 'prod-001', 3: 'Product A', 4: 1, 5: 50.00, 6: 'USD'}
2026-02-06T00:02:22.315+09:00 DEBUG 58699 --- [order-service] [    Test worker] io.r2dbc.h2.client.SessionClient         : Request:  SELECT orders.* FROM orders WHERE orders.ID = $1 LIMIT 2 {1: '8da33f58-ae26-4171-8ac1-59789a4f7c96'}
2026-02-06T00:02:22.315+09:00 DEBUG 58699 --- [order-service] [    Test worker] io.r2dbc.h2.client.SessionClient         : Response: org.h2.result.LocalResult@1d361feb columns: 9 rows: 1 pos: -1
2026-02-06T00:02:22.315+09:00 DEBUG 58699 --- [order-service] [    Test worker] io.r2dbc.h2.client.SessionClient         : Request:  SELECT order_items.* FROM order_items WHERE order_items.order_id = $1 {1: '8da33f58-ae26-4171-8ac1-59789a4f7c96'}
2026-02-06T00:02:22.315+09:00 DEBUG 58699 --- [order-service] [    Test worker] io.r2dbc.h2.client.SessionClient         : Response: org.h2.result.LocalResult@f32afbe columns: 7 rows: 1 pos: -1
2026-02-06T00:02:22.316+09:00 DEBUG 58699 --- [order-service] [    Test worker] io.r2dbc.h2.client.SessionClient         : Request:  INSERT INTO outbox (aggregate_type, aggregate_id, event_type, payload, created_at, processed) VALUES ($1, $2, $3, $4, $5, $6) {1: 'Order', 2: '8da33f58-ae26-4171-8ac1-59789a4f7c96', 3: 'OrderCreatedEvent', 4: '{"orderId":"8da33f58-ae26-4171-8ac1-59789a4f7c96","customerEmail":"test99@example.com","totalAmount":{"amount":50.00,"currency":"USD"},"createdAt":"2026-02-05T15:02:22.060821Z"}', 5: TIMESTAMP WITH TIME ZONE '2026-02-05 15:02:22.316005+00', 6: FALSE}
2026-02-06T00:02:22.316+09:00 DEBUG 58699 --- [order-service] [    Test worker] io.r2dbc.h2.client.SessionClient         : Request:  COMMIT
2026-02-06T00:02:22.316+09:00 DEBUG 58699 --- [order-service] [    Test worker] io.r2dbc.h2.client.SessionClient         : Request:  SELECT CURRENT_TIMESTAMP
2026-02-06T00:02:22.316+09:00 DEBUG 58699 --- [order-service] [    Test worker] io.r2dbc.h2.client.SessionClient         : Response: org.h2.result.LocalResult@14d4fe82 columns: 1 rows: 1 pos: -1
]]></system-out>
  <system-err><![CDATA[WARNING: A Java agent has been loaded dynamically (/Users/itbuddy/.gradle/caches/modules-2/files-2.1/net.bytebuddy/byte-buddy-agent/1.14.10/90ed94ac044ea8953b224304c762316e91fd6b31/byte-buddy-agent-1.14.10.jar)
WARNING: If a serviceability tool is in use, please run with -XX:+EnableDynamicAgentLoading to hide this warning
WARNING: If a serviceability tool is not in use, please run with -Djdk.instrument.traceUsage for more information
WARNING: Dynamic loading of agents will be disallowed by default in a future release
]]></system-err>
</testsuite>
