<?xml version="1.0" encoding="UTF-8"?>
<testsuite name="com.example.order.adapter.out.persistence.ConcurrencyTest" tests="6" skipped="0" failures="0" errors="0" timestamp="2026-02-05T15:02:23" hostname="MacBook-Pro-3.local" time="0.388">
  <properties/>
  <testcase name="shouldHandleConcurrentOrderCreations()" classname="com.example.order.adapter.out.persistence.ConcurrencyTest" time="0.134"/>
  <testcase name="shouldHandleConcurrentConfirmAndPay()" classname="com.example.order.adapter.out.persistence.ConcurrencyTest" time="0.026"/>
  <testcase name="shouldMaintainConsistencyUnderLoad()" classname="com.example.order.adapter.out.persistence.ConcurrencyTest" time="0.178"/>
  <testcase name="shouldPreventConcurrentDiscountApplications()" classname="com.example.order.adapter.out.persistence.ConcurrencyTest" time="0.016"/>
  <testcase name="shouldHandleConcurrentStatusUpdates()" classname="com.example.order.adapter.out.persistence.ConcurrencyTest" time="0.015"/>
  <testcase name="shouldPreventLostUpdates()" classname="com.example.order.adapter.out.persistence.ConcurrencyTest" time="0.017"/>
  <system-out><![CDATA[2026-02-06T00:02:23.137+09:00  INFO 58699 --- [order-service] [    Test worker] t.c.s.AnnotationConfigContextLoaderUtils : Could not detect default configuration classes for test class [com.example.order.adapter.out.persistence.ConcurrencyTest]: ConcurrencyTest does not declare any static, non-private, non-final, nested classes annotated with @Configuration.
2026-02-06T00:02:23.142+09:00  INFO 58699 --- [order-service] [    Test worker] .b.t.c.SpringBootTestContextBootstrapper : Found @SpringBootConfiguration com.example.order.OrderApplication for test class com.example.order.adapter.out.persistence.ConcurrencyTest

  .   ____          _            __ _ _
 /\\ / ___'_ __ _ _(_)_ __  __ _ \ \ \ \
( ( )\___ | '_ | '_| | '_ \/ _` | \ \ \ \
 \\/  ___)| |_)| | | | | || (_| |  ) ) ) )
  '  |____| .__|_| |_|_| |_\__, | / / / /
 =========|_|==============|___/=/_/_/_/
 :: Spring Boot ::                (v3.2.0)

2026-02-06T00:02:23.153+09:00  INFO 58699 --- [order-service] [    Test worker] c.e.o.a.out.persistence.ConcurrencyTest  : Starting ConcurrencyTest using Java 21.0.2 with PID 58699 (started by itbuddy in /Users/itbuddy/github/webflux-r2dbc-cqrs-ddd)
2026-02-06T00:02:23.153+09:00  INFO 58699 --- [order-service] [    Test worker] c.e.o.a.out.persistence.ConcurrencyTest  : No active profile set, falling back to 1 default profile: "default"
2026-02-06T00:02:23.206+09:00  INFO 58699 --- [order-service] [    Test worker] .s.d.r.c.RepositoryConfigurationDelegate : Bootstrapping Spring Data R2DBC repositories in DEFAULT mode.
2026-02-06T00:02:23.207+09:00  INFO 58699 --- [order-service] [    Test worker] .s.d.r.c.RepositoryConfigurationDelegate : Finished Spring Data repository scanning in 1 ms. Found 0 R2DBC repository interfaces.
2026-02-06T00:02:23.226+09:00  INFO 58699 --- [order-service] [    Test worker] .s.d.r.c.RepositoryConfigurationDelegate : Bootstrapping Spring Data R2DBC repositories in DEFAULT mode.
2026-02-06T00:02:23.229+09:00  INFO 58699 --- [order-service] [    Test worker] .s.d.r.c.RepositoryConfigurationDelegate : Finished Spring Data repository scanning in 2 ms. Found 0 R2DBC repository interfaces.
2026-02-06T00:02:23.305+09:00  INFO 58699 --- [order-service] [    Test worker] o.s.b.a.e.web.EndpointLinksResolver      : Exposing 2 endpoint(s) beneath base path '/actuator'
2026-02-06T00:02:23.328+09:00 DEBUG 58699 --- [order-service] [       single-1] io.r2dbc.h2.client.SessionClient         : Request:  CALL H2VERSION()
2026-02-06T00:02:23.328+09:00 DEBUG 58699 --- [order-service] [       single-1] io.r2dbc.h2.client.SessionClient         : Response: org.h2.result.LocalResult@37536f25 columns: 1 rows: 1 pos: -1
2026-02-06T00:02:23.328+09:00 DEBUG 58699 --- [order-service] [       single-1] io.r2dbc.h2.client.SessionClient         : Request:  SELECT CURRENT_TIMESTAMP
2026-02-06T00:02:23.328+09:00 DEBUG 58699 --- [order-service] [       single-1] io.r2dbc.h2.client.SessionClient         : Response: org.h2.result.LocalResult@1f32c006 columns: 1 rows: 1 pos: -1
2026-02-06T00:02:23.329+09:00 DEBUG 58699 --- [order-service] [       single-1] io.r2dbc.h2.client.SessionClient         : Request:  CALL H2VERSION()
2026-02-06T00:02:23.329+09:00 DEBUG 58699 --- [order-service] [       single-1] io.r2dbc.h2.client.SessionClient         : Response: org.h2.result.LocalResult@2d4bc774 columns: 1 rows: 1 pos: -1
2026-02-06T00:02:23.329+09:00 DEBUG 58699 --- [order-service] [       single-1] io.r2dbc.h2.client.SessionClient         : Request:  CALL H2VERSION()
2026-02-06T00:02:23.329+09:00 DEBUG 58699 --- [order-service] [       Thread-6] io.r2dbc.h2.client.SessionClient         : Request:  DROP TABLE IF EXISTS order_items
2026-02-06T00:02:23.329+09:00 DEBUG 58699 --- [order-service] [       single-1] io.r2dbc.h2.client.SessionClient         : Response: org.h2.result.LocalResult@14dbfbf columns: 1 rows: 1 pos: -1
2026-02-06T00:02:23.329+09:00 DEBUG 58699 --- [order-service] [       single-1] io.r2dbc.h2.client.SessionClient         : Request:  CALL H2VERSION()
2026-02-06T00:02:23.329+09:00 DEBUG 58699 --- [order-service] [       Thread-6] io.r2dbc.h2.client.SessionClient         : Request:  DROP TABLE IF EXISTS outbox
2026-02-06T00:02:23.329+09:00 DEBUG 58699 --- [order-service] [       single-1] io.r2dbc.h2.client.SessionClient         : Response: org.h2.result.LocalResult@6b936a7b columns: 1 rows: 1 pos: -1
2026-02-06T00:02:23.330+09:00 DEBUG 58699 --- [order-service] [       Thread-6] io.r2dbc.h2.client.SessionClient         : Request:  DROP TABLE IF EXISTS orders
2026-02-06T00:02:23.330+09:00 DEBUG 58699 --- [order-service] [       single-1] io.r2dbc.h2.client.SessionClient         : Request:  CALL H2VERSION()
2026-02-06T00:02:23.330+09:00 DEBUG 58699 --- [order-service] [       single-1] io.r2dbc.h2.client.SessionClient         : Response: org.h2.result.LocalResult@62a8b5ff columns: 1 rows: 1 pos: -1
2026-02-06T00:02:23.330+09:00 DEBUG 58699 --- [order-service] [       Thread-6] io.r2dbc.h2.client.SessionClient         : Request:  DROP TABLE IF EXISTS users
2026-02-06T00:02:23.330+09:00 DEBUG 58699 --- [order-service] [       single-1] io.r2dbc.h2.client.SessionClient         : Request:  CALL H2VERSION()
2026-02-06T00:02:23.330+09:00 DEBUG 58699 --- [order-service] [       single-1] io.r2dbc.h2.client.SessionClient         : Response: org.h2.result.LocalResult@112bbeb9 columns: 1 rows: 1 pos: -1
2026-02-06T00:02:23.330+09:00 DEBUG 58699 --- [order-service] [       single-1] io.r2dbc.h2.client.SessionClient         : Request:  CALL H2VERSION()
2026-02-06T00:02:23.330+09:00 DEBUG 58699 --- [order-service] [       single-1] io.r2dbc.h2.client.SessionClient         : Response: org.h2.result.LocalResult@7d774b64 columns: 1 rows: 1 pos: -1
2026-02-06T00:02:23.330+09:00 DEBUG 58699 --- [order-service] [       Thread-6] io.r2dbc.h2.client.SessionClient         : Request:  CREATE TABLE users ( id VARCHAR(36) PRIMARY KEY, name VARCHAR(255) NOT NULL, email VARCHAR(255) UNIQUE NOT NULL, password VARCHAR(255) NOT NULL, created_at TIMESTAMP NOT NULL DEFAULT CURRENT_TIMESTAMP, updated_at TIMESTAMP NOT NULL DEFAULT CURRENT_TIMESTAMP )
2026-02-06T00:02:23.330+09:00 DEBUG 58699 --- [order-service] [       single-1] io.r2dbc.h2.client.SessionClient         : Request:  CALL H2VERSION()
2026-02-06T00:02:23.330+09:00 DEBUG 58699 --- [order-service] [       single-1] io.r2dbc.h2.client.SessionClient         : Response: org.h2.result.LocalResult@dc72603 columns: 1 rows: 1 pos: -1
2026-02-06T00:02:23.331+09:00 DEBUG 58699 --- [order-service] [       single-1] io.r2dbc.h2.client.SessionClient         : Request:  CALL H2VERSION()
2026-02-06T00:02:23.331+09:00 DEBUG 58699 --- [order-service] [       single-1] io.r2dbc.h2.client.SessionClient         : Response: org.h2.result.LocalResult@2a677d09 columns: 1 rows: 1 pos: -1
2026-02-06T00:02:23.331+09:00 DEBUG 58699 --- [order-service] [       Thread-6] io.r2dbc.h2.client.SessionClient         : Request:  CREATE TABLE orders ( id VARCHAR(36) PRIMARY KEY, customer_id VARCHAR(255) NOT NULL, customer_email VARCHAR(255) NOT NULL, status VARCHAR(20) NOT NULL, total_amount DECIMAL(19, 2) NOT NULL, currency VARCHAR(3) NOT NULL DEFAULT 'USD', discount_amount DECIMAL(19, 2), created_at TIMESTAMP NOT NULL DEFAULT CURRENT_TIMESTAMP, updated_at TIMESTAMP NOT NULL DEFAULT CURRENT_TIMESTAMP )
2026-02-06T00:02:23.331+09:00 DEBUG 58699 --- [order-service] [       single-1] io.r2dbc.h2.client.SessionClient         : Request:  CALL H2VERSION()
2026-02-06T00:02:23.331+09:00 DEBUG 58699 --- [order-service] [       single-1] io.r2dbc.h2.client.SessionClient         : Response: org.h2.result.LocalResult@66f5d08a columns: 1 rows: 1 pos: -1
2026-02-06T00:02:23.331+09:00 DEBUG 58699 --- [order-service] [       Thread-6] io.r2dbc.h2.client.SessionClient         : Request:  CREATE TABLE order_items ( id BIGINT AUTO_INCREMENT PRIMARY KEY, order_id VARCHAR(36) NOT NULL, product_id VARCHAR(255) NOT NULL, product_name VARCHAR(255) NOT NULL, quantity INT NOT NULL, unit_price DECIMAL(19, 2) NOT NULL, currency VARCHAR(3) NOT NULL DEFAULT 'USD', FOREIGN KEY (order_id) REFERENCES orders(id) ON DELETE CASCADE )
2026-02-06T00:02:23.332+09:00 DEBUG 58699 --- [order-service] [       Thread-6] io.r2dbc.h2.client.SessionClient         : Request:  CREATE TABLE outbox ( id BIGINT AUTO_INCREMENT PRIMARY KEY, aggregate_type VARCHAR(255) NOT NULL, aggregate_id VARCHAR(255) NOT NULL, event_type VARCHAR(255) NOT NULL, payload CLOB NOT NULL, created_at TIMESTAMP NOT NULL DEFAULT CURRENT_TIMESTAMP, processed BOOLEAN NOT NULL DEFAULT FALSE )
2026-02-06T00:02:23.332+09:00 DEBUG 58699 --- [order-service] [       Thread-6] io.r2dbc.h2.client.SessionClient         : Request:  CREATE INDEX idx_orders_customer_id ON orders(customer_id)
2026-02-06T00:02:23.332+09:00 DEBUG 58699 --- [order-service] [       Thread-6] io.r2dbc.h2.client.SessionClient         : Request:  CREATE INDEX idx_orders_status ON orders(status)
2026-02-06T00:02:23.332+09:00 DEBUG 58699 --- [order-service] [       Thread-6] io.r2dbc.h2.client.SessionClient         : Request:  CREATE INDEX idx_orders_created_at ON orders(created_at)
2026-02-06T00:02:23.332+09:00 DEBUG 58699 --- [order-service] [       Thread-6] io.r2dbc.h2.client.SessionClient         : Request:  CREATE INDEX idx_order_items_order_id ON order_items(order_id)
2026-02-06T00:02:23.333+09:00 DEBUG 58699 --- [order-service] [       Thread-6] io.r2dbc.h2.client.SessionClient         : Request:  CREATE INDEX idx_order_items_product_id ON order_items(product_id)
2026-02-06T00:02:23.333+09:00 DEBUG 58699 --- [order-service] [       Thread-6] io.r2dbc.h2.client.SessionClient         : Request:  CREATE INDEX idx_outbox_processed ON outbox(processed)
2026-02-06T00:02:23.333+09:00 DEBUG 58699 --- [order-service] [       Thread-6] io.r2dbc.h2.client.SessionClient         : Request:  CREATE INDEX idx_outbox_created_at ON outbox(created_at)
2026-02-06T00:02:23.333+09:00 DEBUG 58699 --- [order-service] [       Thread-6] io.r2dbc.h2.client.SessionClient         : Request:  SELECT CURRENT_TIMESTAMP
2026-02-06T00:02:23.333+09:00 DEBUG 58699 --- [order-service] [       Thread-6] io.r2dbc.h2.client.SessionClient         : Response: org.h2.result.LocalResult@22997a01 columns: 1 rows: 1 pos: -1
2026-02-06T00:02:23.340+09:00  INFO 58699 --- [order-service] [    Test worker] c.e.o.a.out.persistence.ConcurrencyTest  : Started ConcurrencyTest in 0.196 seconds (process running for 5.734)
2026-02-06T00:02:23.341+09:00 DEBUG 58699 --- [order-service] [   scheduling-1] io.r2dbc.h2.client.SessionClient         : Request:  SELECT CURRENT_TIMESTAMP
2026-02-06T00:02:23.341+09:00 DEBUG 58699 --- [order-service] [   scheduling-1] io.r2dbc.h2.client.SessionClient         : Response: org.h2.result.LocalResult@40600611 columns: 1 rows: 1 pos: -1
2026-02-06T00:02:23.341+09:00 DEBUG 58699 --- [order-service] [   scheduling-1] io.r2dbc.h2.client.SessionClient         : Request:  SELECT outbox.* FROM outbox WHERE outbox.processed = $1 ORDER BY outbox.created_at ASC {1: FALSE}
2026-02-06T00:02:23.341+09:00 DEBUG 58699 --- [order-service] [   scheduling-1] io.r2dbc.h2.client.SessionClient         : Response: org.h2.result.LocalResult@41417299 columns: 7 rows: 0 pos: -1
2026-02-06T00:02:23.342+09:00 DEBUG 58699 --- [order-service] [   scheduling-1] io.r2dbc.h2.client.SessionClient         : Request:  SELECT CURRENT_TIMESTAMP
2026-02-06T00:02:23.342+09:00 DEBUG 58699 --- [order-service] [   scheduling-1] io.r2dbc.h2.client.SessionClient         : Response: org.h2.result.LocalResult@1054f9bc columns: 1 rows: 1 pos: -1
2026-02-06T00:02:23.344+09:00 DEBUG 58699 --- [order-service] [    Test worker] io.r2dbc.h2.client.SessionClient         : Request:  SELECT CURRENT_TIMESTAMP
2026-02-06T00:02:23.344+09:00 DEBUG 58699 --- [order-service] [    Test worker] io.r2dbc.h2.client.SessionClient         : Response: org.h2.result.LocalResult@313f2581 columns: 1 rows: 1 pos: -1
2026-02-06T00:02:23.344+09:00  WARN 58699 --- [order-service] [    Test worker] io.r2dbc.h2.H2Connection                 : Option{name='readOnly', sensitive=false} + isn't supported in H2 at the transaction level. You must set it on conenction URL. See http://www.h2database.com/html/features.html#read_only
2026-02-06T00:02:23.344+09:00 DEBUG 58699 --- [order-service] [    Test worker] io.r2dbc.h2.client.SessionClient         : Request:  SELECT orders.* FROM orders WHERE orders.ID = $1 LIMIT 2 {1: '9bfafc65-9f95-4f5d-8cdf-5f681ee90510'}
2026-02-06T00:02:23.344+09:00 DEBUG 58699 --- [order-service] [    Test worker] io.r2dbc.h2.client.SessionClient         : Response: org.h2.result.LocalResult@7afbb6aa columns: 9 rows: 0 pos: -1
2026-02-06T00:02:23.346+09:00 DEBUG 58699 --- [order-service] [    Test worker] io.r2dbc.h2.client.SessionClient         : Request:  INSERT INTO orders (ID, customer_id, customer_email, status, total_amount, currency, created_at, updated_at) VALUES ($1, $2, $3, $4, $5, $6, $7, $8) {1: '9bfafc65-9f95-4f5d-8cdf-5f681ee90510', 2: 'CUST-CONCURRENT-0', 3: 'customer0@example.com', 4: 'PENDING', 5: 10.00, 6: 'USD', 7: TIMESTAMP WITH TIME ZONE '2026-02-05 15:02:23.343663+00', 8: TIMESTAMP WITH TIME ZONE '2026-02-05 15:02:23.343663+00'}
2026-02-06T00:02:23.348+09:00 DEBUG 58699 --- [order-service] [    Test worker] io.r2dbc.h2.client.SessionClient         : Request:  INSERT INTO order_items (order_id, product_id, product_name, quantity, unit_price, currency) VALUES ($1, $2, $3, $4, $5, $6) {1: '9bfafc65-9f95-4f5d-8cdf-5f681ee90510', 2: 'PROD-0', 3: 'Product 0', 4: 1, 5: 10.00, 6: 'USD'}
2026-02-06T00:02:23.348+09:00 DEBUG 58699 --- [order-service] [    Test worker] io.r2dbc.h2.client.SessionClient         : Request:  SELECT orders.* FROM orders WHERE orders.ID = $1 LIMIT 2 {1: '9bfafc65-9f95-4f5d-8cdf-5f681ee90510'}
2026-02-06T00:02:23.348+09:00 DEBUG 58699 --- [order-service] [    Test worker] io.r2dbc.h2.client.SessionClient         : Response: org.h2.result.LocalResult@57715987 columns: 9 rows: 1 pos: -1
2026-02-06T00:02:23.354+09:00 DEBUG 58699 --- [order-service] [    Test worker] io.r2dbc.h2.client.SessionClient         : Request:  SELECT order_items.* FROM order_items WHERE order_items.order_id = $1 {1: '9bfafc65-9f95-4f5d-8cdf-5f681ee90510'}
2026-02-06T00:02:23.354+09:00 DEBUG 58699 --- [order-service] [    Test worker] io.r2dbc.h2.client.SessionClient         : Response: org.h2.result.LocalResult@45517b49 columns: 7 rows: 1 pos: -1
2026-02-06T00:02:23.359+09:00 DEBUG 58699 --- [order-service] [    Test worker] io.r2dbc.h2.client.SessionClient         : Request:  INSERT INTO outbox (aggregate_type, aggregate_id, event_type, payload, created_at, processed) VALUES ($1, $2, $3, $4, $5, $6) {1: 'Order', 2: '9bfafc65-9f95-4f5d-8cdf-5f681ee90510', 3: 'OrderCreatedEvent', 4: '{"orderId":"9bfafc65-9f95-4f5d-8cdf-5f681ee90510","customerEmail":"customer0@example.com","totalAmount":{"amount":10.00,"currency":"USD"},"createdAt":"2026-02-05T15:02:23.343663Z"}', 5: TIMESTAMP WITH TIME ZONE '2026-02-05 15:02:23.357322+00', 6: FALSE}
2026-02-06T00:02:23.359+09:00 DEBUG 58699 --- [order-service] [    Test worker] io.r2dbc.h2.client.SessionClient         : Request:  COMMIT
2026-02-06T00:02:23.359+09:00 DEBUG 58699 --- [order-service] [    Test worker] io.r2dbc.h2.client.SessionClient         : Request:  SELECT CURRENT_TIMESTAMP
2026-02-06T00:02:23.359+09:00 DEBUG 58699 --- [order-service] [    Test worker] io.r2dbc.h2.client.SessionClient         : Response: org.h2.result.LocalResult@770f8c86 columns: 1 rows: 1 pos: -1
2026-02-06T00:02:23.360+09:00 DEBUG 58699 --- [order-service] [    Test worker] io.r2dbc.h2.client.SessionClient         : Request:  SELECT CURRENT_TIMESTAMP
2026-02-06T00:02:23.360+09:00 DEBUG 58699 --- [order-service] [    Test worker] io.r2dbc.h2.client.SessionClient         : Response: org.h2.result.LocalResult@1930dca9 columns: 1 rows: 1 pos: -1
2026-02-06T00:02:23.360+09:00  WARN 58699 --- [order-service] [    Test worker] io.r2dbc.h2.H2Connection                 : Option{name='readOnly', sensitive=false} + isn't supported in H2 at the transaction level. You must set it on conenction URL. See http://www.h2database.com/html/features.html#read_only
2026-02-06T00:02:23.360+09:00 DEBUG 58699 --- [order-service] [    Test worker] io.r2dbc.h2.client.SessionClient         : Request:  SELECT orders.* FROM orders WHERE orders.ID = $1 LIMIT 2 {1: 'cf8d98b7-a8fe-4849-a635-92579abaa44f'}
2026-02-06T00:02:23.360+09:00 DEBUG 58699 --- [order-service] [    Test worker] io.r2dbc.h2.client.SessionClient         : Response: org.h2.result.LocalResult@1d03aacd columns: 9 rows: 0 pos: -1
2026-02-06T00:02:23.360+09:00 DEBUG 58699 --- [order-service] [    Test worker] io.r2dbc.h2.client.SessionClient         : Request:  INSERT INTO orders (ID, customer_id, customer_email, status, total_amount, currency, created_at, updated_at) VALUES ($1, $2, $3, $4, $5, $6, $7, $8) {1: 'cf8d98b7-a8fe-4849-a635-92579abaa44f', 2: 'CUST-CONCURRENT-1', 3: 'customer1@example.com', 4: 'PENDING', 5: 10.00, 6: 'USD', 7: TIMESTAMP WITH TIME ZONE '2026-02-05 15:02:23.360016+00', 8: TIMESTAMP WITH TIME ZONE '2026-02-05 15:02:23.360016+00'}
2026-02-06T00:02:23.361+09:00 DEBUG 58699 --- [order-service] [    Test worker] io.r2dbc.h2.client.SessionClient         : Request:  INSERT INTO order_items (order_id, product_id, product_name, quantity, unit_price, currency) VALUES ($1, $2, $3, $4, $5, $6) {1: 'cf8d98b7-a8fe-4849-a635-92579abaa44f', 2: 'PROD-1', 3: 'Product 1', 4: 1, 5: 10.00, 6: 'USD'}
2026-02-06T00:02:23.361+09:00 DEBUG 58699 --- [order-service] [    Test worker] io.r2dbc.h2.client.SessionClient         : Request:  SELECT orders.* FROM orders WHERE orders.ID = $1 LIMIT 2 {1: 'cf8d98b7-a8fe-4849-a635-92579abaa44f'}
2026-02-06T00:02:23.361+09:00 DEBUG 58699 --- [order-service] [    Test worker] io.r2dbc.h2.client.SessionClient         : Response: org.h2.result.LocalResult@1cd82d4d columns: 9 rows: 1 pos: -1
2026-02-06T00:02:23.361+09:00 DEBUG 58699 --- [order-service] [    Test worker] io.r2dbc.h2.client.SessionClient         : Request:  SELECT order_items.* FROM order_items WHERE order_items.order_id = $1 {1: 'cf8d98b7-a8fe-4849-a635-92579abaa44f'}
2026-02-06T00:02:23.361+09:00 DEBUG 58699 --- [order-service] [    Test worker] io.r2dbc.h2.client.SessionClient         : Response: org.h2.result.LocalResult@1f9ca08e columns: 7 rows: 1 pos: -1
2026-02-06T00:02:23.361+09:00 DEBUG 58699 --- [order-service] [    Test worker] io.r2dbc.h2.client.SessionClient         : Request:  INSERT INTO outbox (aggregate_type, aggregate_id, event_type, payload, created_at, processed) VALUES ($1, $2, $3, $4, $5, $6) {1: 'Order', 2: 'cf8d98b7-a8fe-4849-a635-92579abaa44f', 3: 'OrderCreatedEvent', 4: '{"orderId":"cf8d98b7-a8fe-4849-a635-92579abaa44f","customerEmail":"customer1@example.com","totalAmount":{"amount":10.00,"currency":"USD"},"createdAt":"2026-02-05T15:02:23.360016Z"}', 5: TIMESTAMP WITH TIME ZONE '2026-02-05 15:02:23.36187+00', 6: FALSE}
2026-02-06T00:02:23.362+09:00 DEBUG 58699 --- [order-service] [    Test worker] io.r2dbc.h2.client.SessionClient         : Request:  COMMIT
2026-02-06T00:02:23.362+09:00 DEBUG 58699 --- [order-service] [    Test worker] io.r2dbc.h2.client.SessionClient         : Request:  SELECT CURRENT_TIMESTAMP
2026-02-06T00:02:23.362+09:00 DEBUG 58699 --- [order-service] [    Test worker] io.r2dbc.h2.client.SessionClient         : Response: org.h2.result.LocalResult@4066ac40 columns: 1 rows: 1 pos: -1
2026-02-06T00:02:23.362+09:00 DEBUG 58699 --- [order-service] [    Test worker] io.r2dbc.h2.client.SessionClient         : Request:  SELECT CURRENT_TIMESTAMP
2026-02-06T00:02:23.362+09:00 DEBUG 58699 --- [order-service] [    Test worker] io.r2dbc.h2.client.SessionClient         : Response: org.h2.result.LocalResult@bf2677f columns: 1 rows: 1 pos: -1
2026-02-06T00:02:23.362+09:00  WARN 58699 --- [order-service] [    Test worker] io.r2dbc.h2.H2Connection                 : Option{name='readOnly', sensitive=false} + isn't supported in H2 at the transaction level. You must set it on conenction URL. See http://www.h2database.com/html/features.html#read_only
2026-02-06T00:02:23.362+09:00 DEBUG 58699 --- [order-service] [    Test worker] io.r2dbc.h2.client.SessionClient         : Request:  SELECT orders.* FROM orders WHERE orders.ID = $1 LIMIT 2 {1: '0d20f9dd-af7c-4e75-9497-ae90ffd0dd4b'}
2026-02-06T00:02:23.362+09:00 DEBUG 58699 --- [order-service] [    Test worker] io.r2dbc.h2.client.SessionClient         : Response: org.h2.result.LocalResult@78277966 columns: 9 rows: 0 pos: -1
2026-02-06T00:02:23.362+09:00 DEBUG 58699 --- [order-service] [    Test worker] io.r2dbc.h2.client.SessionClient         : Request:  INSERT INTO orders (ID, customer_id, customer_email, status, total_amount, currency, created_at, updated_at) VALUES ($1, $2, $3, $4, $5, $6, $7, $8) {1: '0d20f9dd-af7c-4e75-9497-ae90ffd0dd4b', 2: 'CUST-CONCURRENT-2', 3: 'customer2@example.com', 4: 'PENDING', 5: 10.00, 6: 'USD', 7: TIMESTAMP WITH TIME ZONE '2026-02-05 15:02:23.362354+00', 8: TIMESTAMP WITH TIME ZONE '2026-02-05 15:02:23.362354+00'}
2026-02-06T00:02:23.363+09:00 DEBUG 58699 --- [order-service] [    Test worker] io.r2dbc.h2.client.SessionClient         : Request:  INSERT INTO order_items (order_id, product_id, product_name, quantity, unit_price, currency) VALUES ($1, $2, $3, $4, $5, $6) {1: '0d20f9dd-af7c-4e75-9497-ae90ffd0dd4b', 2: 'PROD-2', 3: 'Product 2', 4: 1, 5: 10.00, 6: 'USD'}
2026-02-06T00:02:23.363+09:00 DEBUG 58699 --- [order-service] [    Test worker] io.r2dbc.h2.client.SessionClient         : Request:  SELECT orders.* FROM orders WHERE orders.ID = $1 LIMIT 2 {1: '0d20f9dd-af7c-4e75-9497-ae90ffd0dd4b'}
2026-02-06T00:02:23.363+09:00 DEBUG 58699 --- [order-service] [    Test worker] io.r2dbc.h2.client.SessionClient         : Response: org.h2.result.LocalResult@3c721652 columns: 9 rows: 1 pos: -1
2026-02-06T00:02:23.363+09:00 DEBUG 58699 --- [order-service] [    Test worker] io.r2dbc.h2.client.SessionClient         : Request:  SELECT order_items.* FROM order_items WHERE order_items.order_id = $1 {1: '0d20f9dd-af7c-4e75-9497-ae90ffd0dd4b'}
2026-02-06T00:02:23.363+09:00 DEBUG 58699 --- [order-service] [    Test worker] io.r2dbc.h2.client.SessionClient         : Response: org.h2.result.LocalResult@6c74d4bc columns: 7 rows: 1 pos: -1
2026-02-06T00:02:23.363+09:00 DEBUG 58699 --- [order-service] [    Test worker] io.r2dbc.h2.client.SessionClient         : Request:  INSERT INTO outbox (aggregate_type, aggregate_id, event_type, payload, created_at, processed) VALUES ($1, $2, $3, $4, $5, $6) {1: 'Order', 2: '0d20f9dd-af7c-4e75-9497-ae90ffd0dd4b', 3: 'OrderCreatedEvent', 4: '{"orderId":"0d20f9dd-af7c-4e75-9497-ae90ffd0dd4b","customerEmail":"customer2@example.com","totalAmount":{"amount":10.00,"currency":"USD"},"createdAt":"2026-02-05T15:02:23.362354Z"}', 5: TIMESTAMP WITH TIME ZONE '2026-02-05 15:02:23.363826+00', 6: FALSE}
2026-02-06T00:02:23.364+09:00 DEBUG 58699 --- [order-service] [    Test worker] io.r2dbc.h2.client.SessionClient         : Request:  COMMIT
2026-02-06T00:02:23.364+09:00 DEBUG 58699 --- [order-service] [    Test worker] io.r2dbc.h2.client.SessionClient         : Request:  SELECT CURRENT_TIMESTAMP
2026-02-06T00:02:23.364+09:00 DEBUG 58699 --- [order-service] [    Test worker] io.r2dbc.h2.client.SessionClient         : Response: org.h2.result.LocalResult@6e0b9024 columns: 1 rows: 1 pos: -1
2026-02-06T00:02:23.364+09:00 DEBUG 58699 --- [order-service] [    Test worker] io.r2dbc.h2.client.SessionClient         : Request:  SELECT CURRENT_TIMESTAMP
2026-02-06T00:02:23.364+09:00 DEBUG 58699 --- [order-service] [    Test worker] io.r2dbc.h2.client.SessionClient         : Response: org.h2.result.LocalResult@5ce0556c columns: 1 rows: 1 pos: -1
2026-02-06T00:02:23.364+09:00  WARN 58699 --- [order-service] [    Test worker] io.r2dbc.h2.H2Connection                 : Option{name='readOnly', sensitive=false} + isn't supported in H2 at the transaction level. You must set it on conenction URL. See http://www.h2database.com/html/features.html#read_only
2026-02-06T00:02:23.364+09:00 DEBUG 58699 --- [order-service] [    Test worker] io.r2dbc.h2.client.SessionClient         : Request:  SELECT orders.* FROM orders WHERE orders.ID = $1 LIMIT 2 {1: 'a2bf7b93-b4f7-4ced-84a6-be52af778e36'}
2026-02-06T00:02:23.364+09:00 DEBUG 58699 --- [order-service] [    Test worker] io.r2dbc.h2.client.SessionClient         : Response: org.h2.result.LocalResult@41a09e9 columns: 9 rows: 0 pos: -1
2026-02-06T00:02:23.364+09:00 DEBUG 58699 --- [order-service] [    Test worker] io.r2dbc.h2.client.SessionClient         : Request:  INSERT INTO orders (ID, customer_id, customer_email, status, total_amount, currency, created_at, updated_at) VALUES ($1, $2, $3, $4, $5, $6, $7, $8) {1: 'a2bf7b93-b4f7-4ced-84a6-be52af778e36', 2: 'CUST-CONCURRENT-3', 3: 'customer3@example.com', 4: 'PENDING', 5: 10.00, 6: 'USD', 7: TIMESTAMP WITH TIME ZONE '2026-02-05 15:02:23.364334+00', 8: TIMESTAMP WITH TIME ZONE '2026-02-05 15:02:23.364334+00'}
2026-02-06T00:02:23.365+09:00 DEBUG 58699 --- [order-service] [    Test worker] io.r2dbc.h2.client.SessionClient         : Request:  INSERT INTO order_items (order_id, product_id, product_name, quantity, unit_price, currency) VALUES ($1, $2, $3, $4, $5, $6) {1: 'a2bf7b93-b4f7-4ced-84a6-be52af778e36', 2: 'PROD-3', 3: 'Product 3', 4: 1, 5: 10.00, 6: 'USD'}
2026-02-06T00:02:23.365+09:00 DEBUG 58699 --- [order-service] [    Test worker] io.r2dbc.h2.client.SessionClient         : Request:  SELECT orders.* FROM orders WHERE orders.ID = $1 LIMIT 2 {1: 'a2bf7b93-b4f7-4ced-84a6-be52af778e36'}
2026-02-06T00:02:23.365+09:00 DEBUG 58699 --- [order-service] [    Test worker] io.r2dbc.h2.client.SessionClient         : Response: org.h2.result.LocalResult@4f96a7a columns: 9 rows: 1 pos: -1
2026-02-06T00:02:23.365+09:00 DEBUG 58699 --- [order-service] [    Test worker] io.r2dbc.h2.client.SessionClient         : Request:  SELECT order_items.* FROM order_items WHERE order_items.order_id = $1 {1: 'a2bf7b93-b4f7-4ced-84a6-be52af778e36'}
2026-02-06T00:02:23.365+09:00 DEBUG 58699 --- [order-service] [    Test worker] io.r2dbc.h2.client.SessionClient         : Response: org.h2.result.LocalResult@31cec21b columns: 7 rows: 1 pos: -1
2026-02-06T00:02:23.365+09:00 DEBUG 58699 --- [order-service] [    Test worker] io.r2dbc.h2.client.SessionClient         : Request:  INSERT INTO outbox (aggregate_type, aggregate_id, event_type, payload, created_at, processed) VALUES ($1, $2, $3, $4, $5, $6) {1: 'Order', 2: 'a2bf7b93-b4f7-4ced-84a6-be52af778e36', 3: 'OrderCreatedEvent', 4: '{"orderId":"a2bf7b93-b4f7-4ced-84a6-be52af778e36","customerEmail":"customer3@example.com","totalAmount":{"amount":10.00,"currency":"USD"},"createdAt":"2026-02-05T15:02:23.364334Z"}', 5: TIMESTAMP WITH TIME ZONE '2026-02-05 15:02:23.365811+00', 6: FALSE}
2026-02-06T00:02:23.366+09:00 DEBUG 58699 --- [order-service] [    Test worker] io.r2dbc.h2.client.SessionClient         : Request:  COMMIT
2026-02-06T00:02:23.366+09:00 DEBUG 58699 --- [order-service] [    Test worker] io.r2dbc.h2.client.SessionClient         : Request:  SELECT CURRENT_TIMESTAMP
2026-02-06T00:02:23.366+09:00 DEBUG 58699 --- [order-service] [    Test worker] io.r2dbc.h2.client.SessionClient         : Response: org.h2.result.LocalResult@72558d04 columns: 1 rows: 1 pos: -1
2026-02-06T00:02:23.366+09:00 DEBUG 58699 --- [order-service] [    Test worker] io.r2dbc.h2.client.SessionClient         : Request:  SELECT CURRENT_TIMESTAMP
2026-02-06T00:02:23.366+09:00 DEBUG 58699 --- [order-service] [    Test worker] io.r2dbc.h2.client.SessionClient         : Response: org.h2.result.LocalResult@7457bfac columns: 1 rows: 1 pos: -1
2026-02-06T00:02:23.366+09:00  WARN 58699 --- [order-service] [    Test worker] io.r2dbc.h2.H2Connection                 : Option{name='readOnly', sensitive=false} + isn't supported in H2 at the transaction level. You must set it on conenction URL. See http://www.h2database.com/html/features.html#read_only
2026-02-06T00:02:23.366+09:00 DEBUG 58699 --- [order-service] [    Test worker] io.r2dbc.h2.client.SessionClient         : Request:  SELECT orders.* FROM orders WHERE orders.ID = $1 LIMIT 2 {1: '0cc43b0c-fa41-424e-9cc1-745fbc70736d'}
2026-02-06T00:02:23.366+09:00 DEBUG 58699 --- [order-service] [    Test worker] io.r2dbc.h2.client.SessionClient         : Response: org.h2.result.LocalResult@57db6c52 columns: 9 rows: 0 pos: -1
2026-02-06T00:02:23.367+09:00 DEBUG 58699 --- [order-service] [    Test worker] io.r2dbc.h2.client.SessionClient         : Request:  INSERT INTO orders (ID, customer_id, customer_email, status, total_amount, currency, created_at, updated_at) VALUES ($1, $2, $3, $4, $5, $6, $7, $8) {1: '0cc43b0c-fa41-424e-9cc1-745fbc70736d', 2: 'CUST-CONCURRENT-4', 3: 'customer4@example.com', 4: 'PENDING', 5: 10.00, 6: 'USD', 7: TIMESTAMP WITH TIME ZONE '2026-02-05 15:02:23.366445+00', 8: TIMESTAMP WITH TIME ZONE '2026-02-05 15:02:23.366445+00'}
2026-02-06T00:02:23.367+09:00 DEBUG 58699 --- [order-service] [    Test worker] io.r2dbc.h2.client.SessionClient         : Request:  INSERT INTO order_items (order_id, product_id, product_name, quantity, unit_price, currency) VALUES ($1, $2, $3, $4, $5, $6) {1: '0cc43b0c-fa41-424e-9cc1-745fbc70736d', 2: 'PROD-4', 3: 'Product 4', 4: 1, 5: 10.00, 6: 'USD'}
2026-02-06T00:02:23.367+09:00 DEBUG 58699 --- [order-service] [    Test worker] io.r2dbc.h2.client.SessionClient         : Request:  SELECT orders.* FROM orders WHERE orders.ID = $1 LIMIT 2 {1: '0cc43b0c-fa41-424e-9cc1-745fbc70736d'}
2026-02-06T00:02:23.367+09:00 DEBUG 58699 --- [order-service] [    Test worker] io.r2dbc.h2.client.SessionClient         : Response: org.h2.result.LocalResult@707f90e0 columns: 9 rows: 1 pos: -1
2026-02-06T00:02:23.367+09:00 DEBUG 58699 --- [order-service] [    Test worker] io.r2dbc.h2.client.SessionClient         : Request:  SELECT order_items.* FROM order_items WHERE order_items.order_id = $1 {1: '0cc43b0c-fa41-424e-9cc1-745fbc70736d'}
2026-02-06T00:02:23.367+09:00 DEBUG 58699 --- [order-service] [    Test worker] io.r2dbc.h2.client.SessionClient         : Response: org.h2.result.LocalResult@734c0274 columns: 7 rows: 1 pos: -1
2026-02-06T00:02:23.368+09:00 DEBUG 58699 --- [order-service] [    Test worker] io.r2dbc.h2.client.SessionClient         : Request:  INSERT INTO outbox (aggregate_type, aggregate_id, event_type, payload, created_at, processed) VALUES ($1, $2, $3, $4, $5, $6) {1: 'Order', 2: '0cc43b0c-fa41-424e-9cc1-745fbc70736d', 3: 'OrderCreatedEvent', 4: '{"orderId":"0cc43b0c-fa41-424e-9cc1-745fbc70736d","customerEmail":"customer4@example.com","totalAmount":{"amount":10.00,"currency":"USD"},"createdAt":"2026-02-05T15:02:23.366445Z"}', 5: TIMESTAMP WITH TIME ZONE '2026-02-05 15:02:23.368024+00', 6: FALSE}
2026-02-06T00:02:23.368+09:00 DEBUG 58699 --- [order-service] [    Test worker] io.r2dbc.h2.client.SessionClient         : Request:  COMMIT
2026-02-06T00:02:23.368+09:00 DEBUG 58699 --- [order-service] [    Test worker] io.r2dbc.h2.client.SessionClient         : Request:  SELECT CURRENT_TIMESTAMP
2026-02-06T00:02:23.368+09:00 DEBUG 58699 --- [order-service] [    Test worker] io.r2dbc.h2.client.SessionClient         : Response: org.h2.result.LocalResult@221095b1 columns: 1 rows: 1 pos: -1
2026-02-06T00:02:23.368+09:00 DEBUG 58699 --- [order-service] [    Test worker] io.r2dbc.h2.client.SessionClient         : Request:  SELECT CURRENT_TIMESTAMP
2026-02-06T00:02:23.368+09:00 DEBUG 58699 --- [order-service] [    Test worker] io.r2dbc.h2.client.SessionClient         : Response: org.h2.result.LocalResult@65645eea columns: 1 rows: 1 pos: -1
2026-02-06T00:02:23.368+09:00  WARN 58699 --- [order-service] [    Test worker] io.r2dbc.h2.H2Connection                 : Option{name='readOnly', sensitive=false} + isn't supported in H2 at the transaction level. You must set it on conenction URL. See http://www.h2database.com/html/features.html#read_only
2026-02-06T00:02:23.368+09:00 DEBUG 58699 --- [order-service] [    Test worker] io.r2dbc.h2.client.SessionClient         : Request:  SELECT orders.* FROM orders WHERE orders.ID = $1 LIMIT 2 {1: '355b5758-1190-4dcf-8937-d9788baff7f3'}
2026-02-06T00:02:23.369+09:00 DEBUG 58699 --- [order-service] [    Test worker] io.r2dbc.h2.client.SessionClient         : Response: org.h2.result.LocalResult@7181fe53 columns: 9 rows: 0 pos: -1
2026-02-06T00:02:23.369+09:00 DEBUG 58699 --- [order-service] [    Test worker] io.r2dbc.h2.client.SessionClient         : Request:  INSERT INTO orders (ID, customer_id, customer_email, status, total_amount, currency, created_at, updated_at) VALUES ($1, $2, $3, $4, $5, $6, $7, $8) {1: '355b5758-1190-4dcf-8937-d9788baff7f3', 2: 'CUST-CONCURRENT-0', 3: 'customer5@example.com', 4: 'PENDING', 5: 10.00, 6: 'USD', 7: TIMESTAMP WITH TIME ZONE '2026-02-05 15:02:23.36855+00', 8: TIMESTAMP WITH TIME ZONE '2026-02-05 15:02:23.36855+00'}
2026-02-06T00:02:23.369+09:00 DEBUG 58699 --- [order-service] [    Test worker] io.r2dbc.h2.client.SessionClient         : Request:  INSERT INTO order_items (order_id, product_id, product_name, quantity, unit_price, currency) VALUES ($1, $2, $3, $4, $5, $6) {1: '355b5758-1190-4dcf-8937-d9788baff7f3', 2: 'PROD-5', 3: 'Product 5', 4: 1, 5: 10.00, 6: 'USD'}
2026-02-06T00:02:23.369+09:00 DEBUG 58699 --- [order-service] [    Test worker] io.r2dbc.h2.client.SessionClient         : Request:  SELECT orders.* FROM orders WHERE orders.ID = $1 LIMIT 2 {1: '355b5758-1190-4dcf-8937-d9788baff7f3'}
2026-02-06T00:02:23.369+09:00 DEBUG 58699 --- [order-service] [    Test worker] io.r2dbc.h2.client.SessionClient         : Response: org.h2.result.LocalResult@68346d78 columns: 9 rows: 1 pos: -1
2026-02-06T00:02:23.370+09:00 DEBUG 58699 --- [order-service] [    Test worker] io.r2dbc.h2.client.SessionClient         : Request:  SELECT order_items.* FROM order_items WHERE order_items.order_id = $1 {1: '355b5758-1190-4dcf-8937-d9788baff7f3'}
2026-02-06T00:02:23.370+09:00 DEBUG 58699 --- [order-service] [    Test worker] io.r2dbc.h2.client.SessionClient         : Response: org.h2.result.LocalResult@7185afb1 columns: 7 rows: 1 pos: -1
2026-02-06T00:02:23.370+09:00 DEBUG 58699 --- [order-service] [    Test worker] io.r2dbc.h2.client.SessionClient         : Request:  INSERT INTO outbox (aggregate_type, aggregate_id, event_type, payload, created_at, processed) VALUES ($1, $2, $3, $4, $5, $6) {1: 'Order', 2: '355b5758-1190-4dcf-8937-d9788baff7f3', 3: 'OrderCreatedEvent', 4: '{"orderId":"355b5758-1190-4dcf-8937-d9788baff7f3","customerEmail":"customer5@example.com","totalAmount":{"amount":10.00,"currency":"USD"},"createdAt":"2026-02-05T15:02:23.368550Z"}', 5: TIMESTAMP WITH TIME ZONE '2026-02-05 15:02:23.37061+00', 6: FALSE}
2026-02-06T00:02:23.370+09:00 DEBUG 58699 --- [order-service] [    Test worker] io.r2dbc.h2.client.SessionClient         : Request:  COMMIT
2026-02-06T00:02:23.371+09:00 DEBUG 58699 --- [order-service] [    Test worker] io.r2dbc.h2.client.SessionClient         : Request:  SELECT CURRENT_TIMESTAMP
2026-02-06T00:02:23.371+09:00 DEBUG 58699 --- [order-service] [    Test worker] io.r2dbc.h2.client.SessionClient         : Response: org.h2.result.LocalResult@4b8da8c5 columns: 1 rows: 1 pos: -1
2026-02-06T00:02:23.371+09:00 DEBUG 58699 --- [order-service] [    Test worker] io.r2dbc.h2.client.SessionClient         : Request:  SELECT CURRENT_TIMESTAMP
2026-02-06T00:02:23.371+09:00 DEBUG 58699 --- [order-service] [    Test worker] io.r2dbc.h2.client.SessionClient         : Response: org.h2.result.LocalResult@7dd66054 columns: 1 rows: 1 pos: -1
2026-02-06T00:02:23.371+09:00  WARN 58699 --- [order-service] [    Test worker] io.r2dbc.h2.H2Connection                 : Option{name='readOnly', sensitive=false} + isn't supported in H2 at the transaction level. You must set it on conenction URL. See http://www.h2database.com/html/features.html#read_only
2026-02-06T00:02:23.371+09:00 DEBUG 58699 --- [order-service] [    Test worker] io.r2dbc.h2.client.SessionClient         : Request:  SELECT orders.* FROM orders WHERE orders.ID = $1 LIMIT 2 {1: 'f54cedc3-ab55-4b1b-aecf-f2d86c54ee63'}
2026-02-06T00:02:23.371+09:00 DEBUG 58699 --- [order-service] [    Test worker] io.r2dbc.h2.client.SessionClient         : Response: org.h2.result.LocalResult@1698b4f3 columns: 9 rows: 0 pos: -1
2026-02-06T00:02:23.371+09:00 DEBUG 58699 --- [order-service] [    Test worker] io.r2dbc.h2.client.SessionClient         : Request:  INSERT INTO orders (ID, customer_id, customer_email, status, total_amount, currency, created_at, updated_at) VALUES ($1, $2, $3, $4, $5, $6, $7, $8) {1: 'f54cedc3-ab55-4b1b-aecf-f2d86c54ee63', 2: 'CUST-CONCURRENT-1', 3: 'customer6@example.com', 4: 'PENDING', 5: 10.00, 6: 'USD', 7: TIMESTAMP WITH TIME ZONE '2026-02-05 15:02:23.371228+00', 8: TIMESTAMP WITH TIME ZONE '2026-02-05 15:02:23.371228+00'}
2026-02-06T00:02:23.371+09:00 DEBUG 58699 --- [order-service] [    Test worker] io.r2dbc.h2.client.SessionClient         : Request:  INSERT INTO order_items (order_id, product_id, product_name, quantity, unit_price, currency) VALUES ($1, $2, $3, $4, $5, $6) {1: 'f54cedc3-ab55-4b1b-aecf-f2d86c54ee63', 2: 'PROD-6', 3: 'Product 6', 4: 1, 5: 10.00, 6: 'USD'}
2026-02-06T00:02:23.372+09:00 DEBUG 58699 --- [order-service] [    Test worker] io.r2dbc.h2.client.SessionClient         : Request:  SELECT orders.* FROM orders WHERE orders.ID = $1 LIMIT 2 {1: 'f54cedc3-ab55-4b1b-aecf-f2d86c54ee63'}
2026-02-06T00:02:23.372+09:00 DEBUG 58699 --- [order-service] [    Test worker] io.r2dbc.h2.client.SessionClient         : Response: org.h2.result.LocalResult@2fe26d67 columns: 9 rows: 1 pos: -1
2026-02-06T00:02:23.372+09:00 DEBUG 58699 --- [order-service] [    Test worker] io.r2dbc.h2.client.SessionClient         : Request:  SELECT order_items.* FROM order_items WHERE order_items.order_id = $1 {1: 'f54cedc3-ab55-4b1b-aecf-f2d86c54ee63'}
2026-02-06T00:02:23.372+09:00 DEBUG 58699 --- [order-service] [    Test worker] io.r2dbc.h2.client.SessionClient         : Response: org.h2.result.LocalResult@6ed7a56b columns: 7 rows: 1 pos: -1
2026-02-06T00:02:23.372+09:00 DEBUG 58699 --- [order-service] [    Test worker] io.r2dbc.h2.client.SessionClient         : Request:  INSERT INTO outbox (aggregate_type, aggregate_id, event_type, payload, created_at, processed) VALUES ($1, $2, $3, $4, $5, $6) {1: 'Order', 2: 'f54cedc3-ab55-4b1b-aecf-f2d86c54ee63', 3: 'OrderCreatedEvent', 4: '{"orderId":"f54cedc3-ab55-4b1b-aecf-f2d86c54ee63","customerEmail":"customer6@example.com","totalAmount":{"amount":10.00,"currency":"USD"},"createdAt":"2026-02-05T15:02:23.371228Z"}', 5: TIMESTAMP WITH TIME ZONE '2026-02-05 15:02:23.372819+00', 6: FALSE}
2026-02-06T00:02:23.373+09:00 DEBUG 58699 --- [order-service] [    Test worker] io.r2dbc.h2.client.SessionClient         : Request:  COMMIT
2026-02-06T00:02:23.373+09:00 DEBUG 58699 --- [order-service] [    Test worker] io.r2dbc.h2.client.SessionClient         : Request:  SELECT CURRENT_TIMESTAMP
2026-02-06T00:02:23.373+09:00 DEBUG 58699 --- [order-service] [    Test worker] io.r2dbc.h2.client.SessionClient         : Response: org.h2.result.LocalResult@17d428b0 columns: 1 rows: 1 pos: -1
2026-02-06T00:02:23.373+09:00 DEBUG 58699 --- [order-service] [    Test worker] io.r2dbc.h2.client.SessionClient         : Request:  SELECT CURRENT_TIMESTAMP
2026-02-06T00:02:23.373+09:00 DEBUG 58699 --- [order-service] [    Test worker] io.r2dbc.h2.client.SessionClient         : Response: org.h2.result.LocalResult@208633f9 columns: 1 rows: 1 pos: -1
2026-02-06T00:02:23.373+09:00  WARN 58699 --- [order-service] [    Test worker] io.r2dbc.h2.H2Connection                 : Option{name='readOnly', sensitive=false} + isn't supported in H2 at the transaction level. You must set it on conenction URL. See http://www.h2database.com/html/features.html#read_only
2026-02-06T00:02:23.373+09:00 DEBUG 58699 --- [order-service] [    Test worker] io.r2dbc.h2.client.SessionClient         : Request:  SELECT orders.* FROM orders WHERE orders.ID = $1 LIMIT 2 {1: '35af706d-d754-4f56-80ce-6c8e65e8d556'}
2026-02-06T00:02:23.373+09:00 DEBUG 58699 --- [order-service] [    Test worker] io.r2dbc.h2.client.SessionClient         : Response: org.h2.result.LocalResult@3b9a8a75 columns: 9 rows: 0 pos: -1
2026-02-06T00:02:23.373+09:00 DEBUG 58699 --- [order-service] [    Test worker] io.r2dbc.h2.client.SessionClient         : Request:  INSERT INTO orders (ID, customer_id, customer_email, status, total_amount, currency, created_at, updated_at) VALUES ($1, $2, $3, $4, $5, $6, $7, $8) {1: '35af706d-d754-4f56-80ce-6c8e65e8d556', 2: 'CUST-CONCURRENT-2', 3: 'customer7@example.com', 4: 'PENDING', 5: 10.00, 6: 'USD', 7: TIMESTAMP WITH TIME ZONE '2026-02-05 15:02:23.373307+00', 8: TIMESTAMP WITH TIME ZONE '2026-02-05 15:02:23.373307+00'}
2026-02-06T00:02:23.373+09:00 DEBUG 58699 --- [order-service] [    Test worker] io.r2dbc.h2.client.SessionClient         : Request:  INSERT INTO order_items (order_id, product_id, product_name, quantity, unit_price, currency) VALUES ($1, $2, $3, $4, $5, $6) {1: '35af706d-d754-4f56-80ce-6c8e65e8d556', 2: 'PROD-7', 3: 'Product 7', 4: 1, 5: 10.00, 6: 'USD'}
2026-02-06T00:02:23.374+09:00 DEBUG 58699 --- [order-service] [    Test worker] io.r2dbc.h2.client.SessionClient         : Request:  SELECT orders.* FROM orders WHERE orders.ID = $1 LIMIT 2 {1: '35af706d-d754-4f56-80ce-6c8e65e8d556'}
2026-02-06T00:02:23.374+09:00 DEBUG 58699 --- [order-service] [    Test worker] io.r2dbc.h2.client.SessionClient         : Response: org.h2.result.LocalResult@2ce56d1c columns: 9 rows: 1 pos: -1
2026-02-06T00:02:23.374+09:00 DEBUG 58699 --- [order-service] [    Test worker] io.r2dbc.h2.client.SessionClient         : Request:  SELECT order_items.* FROM order_items WHERE order_items.order_id = $1 {1: '35af706d-d754-4f56-80ce-6c8e65e8d556'}
2026-02-06T00:02:23.374+09:00 DEBUG 58699 --- [order-service] [    Test worker] io.r2dbc.h2.client.SessionClient         : Response: org.h2.result.LocalResult@185f8899 columns: 7 rows: 1 pos: -1
2026-02-06T00:02:23.374+09:00 DEBUG 58699 --- [order-service] [    Test worker] io.r2dbc.h2.client.SessionClient         : Request:  INSERT INTO outbox (aggregate_type, aggregate_id, event_type, payload, created_at, processed) VALUES ($1, $2, $3, $4, $5, $6) {1: 'Order', 2: '35af706d-d754-4f56-80ce-6c8e65e8d556', 3: 'OrderCreatedEvent', 4: '{"orderId":"35af706d-d754-4f56-80ce-6c8e65e8d556","customerEmail":"customer7@example.com","totalAmount":{"amount":10.00,"currency":"USD"},"createdAt":"2026-02-05T15:02:23.373307Z"}', 5: TIMESTAMP WITH TIME ZONE '2026-02-05 15:02:23.374699+00', 6: FALSE}
2026-02-06T00:02:23.374+09:00 DEBUG 58699 --- [order-service] [    Test worker] io.r2dbc.h2.client.SessionClient         : Request:  COMMIT
2026-02-06T00:02:23.375+09:00 DEBUG 58699 --- [order-service] [    Test worker] io.r2dbc.h2.client.SessionClient         : Request:  SELECT CURRENT_TIMESTAMP
2026-02-06T00:02:23.375+09:00 DEBUG 58699 --- [order-service] [    Test worker] io.r2dbc.h2.client.SessionClient         : Response: org.h2.result.LocalResult@4285e6ae columns: 1 rows: 1 pos: -1
2026-02-06T00:02:23.375+09:00 DEBUG 58699 --- [order-service] [    Test worker] io.r2dbc.h2.client.SessionClient         : Request:  SELECT CURRENT_TIMESTAMP
2026-02-06T00:02:23.375+09:00 DEBUG 58699 --- [order-service] [    Test worker] io.r2dbc.h2.client.SessionClient         : Response: org.h2.result.LocalResult@57b7287c columns: 1 rows: 1 pos: -1
2026-02-06T00:02:23.375+09:00  WARN 58699 --- [order-service] [    Test worker] io.r2dbc.h2.H2Connection                 : Option{name='readOnly', sensitive=false} + isn't supported in H2 at the transaction level. You must set it on conenction URL. See http://www.h2database.com/html/features.html#read_only
2026-02-06T00:02:23.375+09:00 DEBUG 58699 --- [order-service] [    Test worker] io.r2dbc.h2.client.SessionClient         : Request:  SELECT orders.* FROM orders WHERE orders.ID = $1 LIMIT 2 {1: '8932b67c-3f3a-465f-a6bf-7d4470f89db2'}
2026-02-06T00:02:23.375+09:00 DEBUG 58699 --- [order-service] [    Test worker] io.r2dbc.h2.client.SessionClient         : Response: org.h2.result.LocalResult@25240d08 columns: 9 rows: 0 pos: -1
2026-02-06T00:02:23.375+09:00 DEBUG 58699 --- [order-service] [    Test worker] io.r2dbc.h2.client.SessionClient         : Request:  INSERT INTO orders (ID, customer_id, customer_email, status, total_amount, currency, created_at, updated_at) VALUES ($1, $2, $3, $4, $5, $6, $7, $8) {1: '8932b67c-3f3a-465f-a6bf-7d4470f89db2', 2: 'CUST-CONCURRENT-3', 3: 'customer8@example.com', 4: 'PENDING', 5: 10.00, 6: 'USD', 7: TIMESTAMP WITH TIME ZONE '2026-02-05 15:02:23.375136+00', 8: TIMESTAMP WITH TIME ZONE '2026-02-05 15:02:23.375136+00'}
2026-02-06T00:02:23.375+09:00 DEBUG 58699 --- [order-service] [    Test worker] io.r2dbc.h2.client.SessionClient         : Request:  INSERT INTO order_items (order_id, product_id, product_name, quantity, unit_price, currency) VALUES ($1, $2, $3, $4, $5, $6) {1: '8932b67c-3f3a-465f-a6bf-7d4470f89db2', 2: 'PROD-8', 3: 'Product 8', 4: 1, 5: 10.00, 6: 'USD'}
2026-02-06T00:02:23.376+09:00 DEBUG 58699 --- [order-service] [    Test worker] io.r2dbc.h2.client.SessionClient         : Request:  SELECT orders.* FROM orders WHERE orders.ID = $1 LIMIT 2 {1: '8932b67c-3f3a-465f-a6bf-7d4470f89db2'}
2026-02-06T00:02:23.376+09:00 DEBUG 58699 --- [order-service] [    Test worker] io.r2dbc.h2.client.SessionClient         : Response: org.h2.result.LocalResult@1f60412a columns: 9 rows: 1 pos: -1
2026-02-06T00:02:23.376+09:00 DEBUG 58699 --- [order-service] [    Test worker] io.r2dbc.h2.client.SessionClient         : Request:  SELECT order_items.* FROM order_items WHERE order_items.order_id = $1 {1: '8932b67c-3f3a-465f-a6bf-7d4470f89db2'}
2026-02-06T00:02:23.376+09:00 DEBUG 58699 --- [order-service] [    Test worker] io.r2dbc.h2.client.SessionClient         : Response: org.h2.result.LocalResult@14bcbd4e columns: 7 rows: 1 pos: -1
2026-02-06T00:02:23.376+09:00 DEBUG 58699 --- [order-service] [    Test worker] io.r2dbc.h2.client.SessionClient         : Request:  INSERT INTO outbox (aggregate_type, aggregate_id, event_type, payload, created_at, processed) VALUES ($1, $2, $3, $4, $5, $6) {1: 'Order', 2: '8932b67c-3f3a-465f-a6bf-7d4470f89db2', 3: 'OrderCreatedEvent', 4: '{"orderId":"8932b67c-3f3a-465f-a6bf-7d4470f89db2","customerEmail":"customer8@example.com","totalAmount":{"amount":10.00,"currency":"USD"},"createdAt":"2026-02-05T15:02:23.375136Z"}', 5: TIMESTAMP WITH TIME ZONE '2026-02-05 15:02:23.376527+00', 6: FALSE}
2026-02-06T00:02:23.376+09:00 DEBUG 58699 --- [order-service] [    Test worker] io.r2dbc.h2.client.SessionClient         : Request:  COMMIT
2026-02-06T00:02:23.376+09:00 DEBUG 58699 --- [order-service] [    Test worker] io.r2dbc.h2.client.SessionClient         : Request:  SELECT CURRENT_TIMESTAMP
2026-02-06T00:02:23.376+09:00 DEBUG 58699 --- [order-service] [    Test worker] io.r2dbc.h2.client.SessionClient         : Response: org.h2.result.LocalResult@4fe34d9d columns: 1 rows: 1 pos: -1
2026-02-06T00:02:23.377+09:00 DEBUG 58699 --- [order-service] [    Test worker] io.r2dbc.h2.client.SessionClient         : Request:  SELECT CURRENT_TIMESTAMP
2026-02-06T00:02:23.377+09:00 DEBUG 58699 --- [order-service] [    Test worker] io.r2dbc.h2.client.SessionClient         : Response: org.h2.result.LocalResult@3ddd5d32 columns: 1 rows: 1 pos: -1
2026-02-06T00:02:23.377+09:00  WARN 58699 --- [order-service] [    Test worker] io.r2dbc.h2.H2Connection                 : Option{name='readOnly', sensitive=false} + isn't supported in H2 at the transaction level. You must set it on conenction URL. See http://www.h2database.com/html/features.html#read_only
2026-02-06T00:02:23.377+09:00 DEBUG 58699 --- [order-service] [    Test worker] io.r2dbc.h2.client.SessionClient         : Request:  SELECT orders.* FROM orders WHERE orders.ID = $1 LIMIT 2 {1: '75edf065-41c4-4a1a-91d8-8ab9dec8e1e3'}
2026-02-06T00:02:23.377+09:00 DEBUG 58699 --- [order-service] [    Test worker] io.r2dbc.h2.client.SessionClient         : Response: org.h2.result.LocalResult@13f4d61b columns: 9 rows: 0 pos: -1
2026-02-06T00:02:23.377+09:00 DEBUG 58699 --- [order-service] [    Test worker] io.r2dbc.h2.client.SessionClient         : Request:  INSERT INTO orders (ID, customer_id, customer_email, status, total_amount, currency, created_at, updated_at) VALUES ($1, $2, $3, $4, $5, $6, $7, $8) {1: '75edf065-41c4-4a1a-91d8-8ab9dec8e1e3', 2: 'CUST-CONCURRENT-4', 3: 'customer9@example.com', 4: 'PENDING', 5: 10.00, 6: 'USD', 7: TIMESTAMP WITH TIME ZONE '2026-02-05 15:02:23.37697+00', 8: TIMESTAMP WITH TIME ZONE '2026-02-05 15:02:23.37697+00'}
2026-02-06T00:02:23.377+09:00 DEBUG 58699 --- [order-service] [    Test worker] io.r2dbc.h2.client.SessionClient         : Request:  INSERT INTO order_items (order_id, product_id, product_name, quantity, unit_price, currency) VALUES ($1, $2, $3, $4, $5, $6) {1: '75edf065-41c4-4a1a-91d8-8ab9dec8e1e3', 2: 'PROD-9', 3: 'Product 9', 4: 1, 5: 10.00, 6: 'USD'}
2026-02-06T00:02:23.377+09:00 DEBUG 58699 --- [order-service] [    Test worker] io.r2dbc.h2.client.SessionClient         : Request:  SELECT orders.* FROM orders WHERE orders.ID = $1 LIMIT 2 {1: '75edf065-41c4-4a1a-91d8-8ab9dec8e1e3'}
2026-02-06T00:02:23.377+09:00 DEBUG 58699 --- [order-service] [    Test worker] io.r2dbc.h2.client.SessionClient         : Response: org.h2.result.LocalResult@7a32ded4 columns: 9 rows: 1 pos: -1
2026-02-06T00:02:23.378+09:00 DEBUG 58699 --- [order-service] [    Test worker] io.r2dbc.h2.client.SessionClient         : Request:  SELECT order_items.* FROM order_items WHERE order_items.order_id = $1 {1: '75edf065-41c4-4a1a-91d8-8ab9dec8e1e3'}
2026-02-06T00:02:23.378+09:00 DEBUG 58699 --- [order-service] [    Test worker] io.r2dbc.h2.client.SessionClient         : Response: org.h2.result.LocalResult@2d7b31e2 columns: 7 rows: 1 pos: -1
2026-02-06T00:02:23.378+09:00 DEBUG 58699 --- [order-service] [    Test worker] io.r2dbc.h2.client.SessionClient         : Request:  INSERT INTO outbox (aggregate_type, aggregate_id, event_type, payload, created_at, processed) VALUES ($1, $2, $3, $4, $5, $6) {1: 'Order', 2: '75edf065-41c4-4a1a-91d8-8ab9dec8e1e3', 3: 'OrderCreatedEvent', 4: '{"orderId":"75edf065-41c4-4a1a-91d8-8ab9dec8e1e3","customerEmail":"customer9@example.com","totalAmount":{"amount":10.00,"currency":"USD"},"createdAt":"2026-02-05T15:02:23.376970Z"}', 5: TIMESTAMP WITH TIME ZONE '2026-02-05 15:02:23.378301+00', 6: FALSE}
2026-02-06T00:02:23.378+09:00 DEBUG 58699 --- [order-service] [    Test worker] io.r2dbc.h2.client.SessionClient         : Request:  COMMIT
2026-02-06T00:02:23.378+09:00 DEBUG 58699 --- [order-service] [    Test worker] io.r2dbc.h2.client.SessionClient         : Request:  SELECT CURRENT_TIMESTAMP
2026-02-06T00:02:23.378+09:00 DEBUG 58699 --- [order-service] [    Test worker] io.r2dbc.h2.client.SessionClient         : Response: org.h2.result.LocalResult@7eb0ea3e columns: 1 rows: 1 pos: -1
2026-02-06T00:02:23.379+09:00 DEBUG 58699 --- [order-service] [    Test worker] io.r2dbc.h2.client.SessionClient         : Request:  SELECT CURRENT_TIMESTAMP
2026-02-06T00:02:23.379+09:00 DEBUG 58699 --- [order-service] [    Test worker] io.r2dbc.h2.client.SessionClient         : Response: org.h2.result.LocalResult@1ec5c8df columns: 1 rows: 1 pos: -1
2026-02-06T00:02:23.379+09:00  WARN 58699 --- [order-service] [    Test worker] io.r2dbc.h2.H2Connection                 : Option{name='readOnly', sensitive=false} + isn't supported in H2 at the transaction level. You must set it on conenction URL. See http://www.h2database.com/html/features.html#read_only
2026-02-06T00:02:23.379+09:00 DEBUG 58699 --- [order-service] [    Test worker] io.r2dbc.h2.client.SessionClient         : Request:  SELECT orders.* FROM orders WHERE orders.ID = $1 LIMIT 2 {1: 'ae8756a9-a9d5-4139-a2a7-53b3a30a2ba1'}
2026-02-06T00:02:23.379+09:00 DEBUG 58699 --- [order-service] [    Test worker] io.r2dbc.h2.client.SessionClient         : Response: org.h2.result.LocalResult@698b32d5 columns: 9 rows: 0 pos: -1
2026-02-06T00:02:23.379+09:00 DEBUG 58699 --- [order-service] [    Test worker] io.r2dbc.h2.client.SessionClient         : Request:  INSERT INTO orders (ID, customer_id, customer_email, status, total_amount, currency, created_at, updated_at) VALUES ($1, $2, $3, $4, $5, $6, $7, $8) {1: 'ae8756a9-a9d5-4139-a2a7-53b3a30a2ba1', 2: 'CUST-CONCURRENT-0', 3: 'customer10@example.com', 4: 'PENDING', 5: 10.00, 6: 'USD', 7: TIMESTAMP WITH TIME ZONE '2026-02-05 15:02:23.378763+00', 8: TIMESTAMP WITH TIME ZONE '2026-02-05 15:02:23.378763+00'}
2026-02-06T00:02:23.379+09:00 DEBUG 58699 --- [order-service] [    Test worker] io.r2dbc.h2.client.SessionClient         : Request:  INSERT INTO order_items (order_id, product_id, product_name, quantity, unit_price, currency) VALUES ($1, $2, $3, $4, $5, $6) {1: 'ae8756a9-a9d5-4139-a2a7-53b3a30a2ba1', 2: 'PROD-10', 3: 'Product 10', 4: 1, 5: 10.00, 6: 'USD'}
2026-02-06T00:02:23.379+09:00 DEBUG 58699 --- [order-service] [    Test worker] io.r2dbc.h2.client.SessionClient         : Request:  SELECT orders.* FROM orders WHERE orders.ID = $1 LIMIT 2 {1: 'ae8756a9-a9d5-4139-a2a7-53b3a30a2ba1'}
2026-02-06T00:02:23.379+09:00 DEBUG 58699 --- [order-service] [    Test worker] io.r2dbc.h2.client.SessionClient         : Response: org.h2.result.LocalResult@51f81027 columns: 9 rows: 1 pos: -1
2026-02-06T00:02:23.380+09:00 DEBUG 58699 --- [order-service] [    Test worker] io.r2dbc.h2.client.SessionClient         : Request:  SELECT order_items.* FROM order_items WHERE order_items.order_id = $1 {1: 'ae8756a9-a9d5-4139-a2a7-53b3a30a2ba1'}
2026-02-06T00:02:23.380+09:00 DEBUG 58699 --- [order-service] [    Test worker] io.r2dbc.h2.client.SessionClient         : Response: org.h2.result.LocalResult@632c0206 columns: 7 rows: 1 pos: -1
2026-02-06T00:02:23.380+09:00 DEBUG 58699 --- [order-service] [    Test worker] io.r2dbc.h2.client.SessionClient         : Request:  INSERT INTO outbox (aggregate_type, aggregate_id, event_type, payload, created_at, processed) VALUES ($1, $2, $3, $4, $5, $6) {1: 'Order', 2: 'ae8756a9-a9d5-4139-a2a7-53b3a30a2ba1', 3: 'OrderCreatedEvent', 4: '{"orderId":"ae8756a9-a9d5-4139-a2a7-53b3a30a2ba1","customerEmail":"customer10@example.com","totalAmount":{"amount":10.00,"currency":"USD"},"createdAt":"2026-02-05T15:02:23.378763Z"}', 5: TIMESTAMP WITH TIME ZONE '2026-02-05 15:02:23.380291+00', 6: FALSE}
2026-02-06T00:02:23.380+09:00 DEBUG 58699 --- [order-service] [    Test worker] io.r2dbc.h2.client.SessionClient         : Request:  COMMIT
2026-02-06T00:02:23.380+09:00 DEBUG 58699 --- [order-service] [    Test worker] io.r2dbc.h2.client.SessionClient         : Request:  SELECT CURRENT_TIMESTAMP
2026-02-06T00:02:23.380+09:00 DEBUG 58699 --- [order-service] [    Test worker] io.r2dbc.h2.client.SessionClient         : Response: org.h2.result.LocalResult@626fd424 columns: 1 rows: 1 pos: -1
2026-02-06T00:02:23.380+09:00 DEBUG 58699 --- [order-service] [    Test worker] io.r2dbc.h2.client.SessionClient         : Request:  SELECT CURRENT_TIMESTAMP
2026-02-06T00:02:23.380+09:00 DEBUG 58699 --- [order-service] [    Test worker] io.r2dbc.h2.client.SessionClient         : Response: org.h2.result.LocalResult@5af50e1a columns: 1 rows: 1 pos: -1
2026-02-06T00:02:23.380+09:00  WARN 58699 --- [order-service] [    Test worker] io.r2dbc.h2.H2Connection                 : Option{name='readOnly', sensitive=false} + isn't supported in H2 at the transaction level. You must set it on conenction URL. See http://www.h2database.com/html/features.html#read_only
2026-02-06T00:02:23.381+09:00 DEBUG 58699 --- [order-service] [    Test worker] io.r2dbc.h2.client.SessionClient         : Request:  SELECT orders.* FROM orders WHERE orders.ID = $1 LIMIT 2 {1: '99afb495-67bb-450e-80a1-cdd9dfe03355'}
2026-02-06T00:02:23.381+09:00 DEBUG 58699 --- [order-service] [    Test worker] io.r2dbc.h2.client.SessionClient         : Response: org.h2.result.LocalResult@69d0e9b0 columns: 9 rows: 0 pos: -1
2026-02-06T00:02:23.381+09:00 DEBUG 58699 --- [order-service] [    Test worker] io.r2dbc.h2.client.SessionClient         : Request:  INSERT INTO orders (ID, customer_id, customer_email, status, total_amount, currency, created_at, updated_at) VALUES ($1, $2, $3, $4, $5, $6, $7, $8) {1: '99afb495-67bb-450e-80a1-cdd9dfe03355', 2: 'CUST-CONCURRENT-1', 3: 'customer11@example.com', 4: 'PENDING', 5: 10.00, 6: 'USD', 7: TIMESTAMP WITH TIME ZONE '2026-02-05 15:02:23.380739+00', 8: TIMESTAMP WITH TIME ZONE '2026-02-05 15:02:23.380739+00'}
2026-02-06T00:02:23.381+09:00 DEBUG 58699 --- [order-service] [    Test worker] io.r2dbc.h2.client.SessionClient         : Request:  INSERT INTO order_items (order_id, product_id, product_name, quantity, unit_price, currency) VALUES ($1, $2, $3, $4, $5, $6) {1: '99afb495-67bb-450e-80a1-cdd9dfe03355', 2: 'PROD-11', 3: 'Product 11', 4: 1, 5: 10.00, 6: 'USD'}
2026-02-06T00:02:23.381+09:00 DEBUG 58699 --- [order-service] [    Test worker] io.r2dbc.h2.client.SessionClient         : Request:  SELECT orders.* FROM orders WHERE orders.ID = $1 LIMIT 2 {1: '99afb495-67bb-450e-80a1-cdd9dfe03355'}
2026-02-06T00:02:23.381+09:00 DEBUG 58699 --- [order-service] [    Test worker] io.r2dbc.h2.client.SessionClient         : Response: org.h2.result.LocalResult@81c63c4 columns: 9 rows: 1 pos: -1
2026-02-06T00:02:23.381+09:00 DEBUG 58699 --- [order-service] [    Test worker] io.r2dbc.h2.client.SessionClient         : Request:  SELECT order_items.* FROM order_items WHERE order_items.order_id = $1 {1: '99afb495-67bb-450e-80a1-cdd9dfe03355'}
2026-02-06T00:02:23.381+09:00 DEBUG 58699 --- [order-service] [    Test worker] io.r2dbc.h2.client.SessionClient         : Response: org.h2.result.LocalResult@25417c7c columns: 7 rows: 1 pos: -1
2026-02-06T00:02:23.382+09:00 DEBUG 58699 --- [order-service] [    Test worker] io.r2dbc.h2.client.SessionClient         : Request:  INSERT INTO outbox (aggregate_type, aggregate_id, event_type, payload, created_at, processed) VALUES ($1, $2, $3, $4, $5, $6) {1: 'Order', 2: '99afb495-67bb-450e-80a1-cdd9dfe03355', 3: 'OrderCreatedEvent', 4: '{"orderId":"99afb495-67bb-450e-80a1-cdd9dfe03355","customerEmail":"customer11@example.com","totalAmount":{"amount":10.00,"currency":"USD"},"createdAt":"2026-02-05T15:02:23.380739Z"}', 5: TIMESTAMP WITH TIME ZONE '2026-02-05 15:02:23.382072+00', 6: FALSE}
2026-02-06T00:02:23.382+09:00 DEBUG 58699 --- [order-service] [    Test worker] io.r2dbc.h2.client.SessionClient         : Request:  COMMIT
2026-02-06T00:02:23.382+09:00 DEBUG 58699 --- [order-service] [    Test worker] io.r2dbc.h2.client.SessionClient         : Request:  SELECT CURRENT_TIMESTAMP
2026-02-06T00:02:23.382+09:00 DEBUG 58699 --- [order-service] [    Test worker] io.r2dbc.h2.client.SessionClient         : Response: org.h2.result.LocalResult@3511a82 columns: 1 rows: 1 pos: -1
2026-02-06T00:02:23.382+09:00 DEBUG 58699 --- [order-service] [    Test worker] io.r2dbc.h2.client.SessionClient         : Request:  SELECT CURRENT_TIMESTAMP
2026-02-06T00:02:23.382+09:00 DEBUG 58699 --- [order-service] [    Test worker] io.r2dbc.h2.client.SessionClient         : Response: org.h2.result.LocalResult@54435e36 columns: 1 rows: 1 pos: -1
2026-02-06T00:02:23.382+09:00  WARN 58699 --- [order-service] [    Test worker] io.r2dbc.h2.H2Connection                 : Option{name='readOnly', sensitive=false} + isn't supported in H2 at the transaction level. You must set it on conenction URL. See http://www.h2database.com/html/features.html#read_only
2026-02-06T00:02:23.382+09:00 DEBUG 58699 --- [order-service] [    Test worker] io.r2dbc.h2.client.SessionClient         : Request:  SELECT orders.* FROM orders WHERE orders.ID = $1 LIMIT 2 {1: '3c7c1318-fe37-4485-900b-70215cfec59c'}
2026-02-06T00:02:23.382+09:00 DEBUG 58699 --- [order-service] [    Test worker] io.r2dbc.h2.client.SessionClient         : Response: org.h2.result.LocalResult@4ecdd8e6 columns: 9 rows: 0 pos: -1
2026-02-06T00:02:23.383+09:00 DEBUG 58699 --- [order-service] [    Test worker] io.r2dbc.h2.client.SessionClient         : Request:  INSERT INTO orders (ID, customer_id, customer_email, status, total_amount, currency, created_at, updated_at) VALUES ($1, $2, $3, $4, $5, $6, $7, $8) {1: '3c7c1318-fe37-4485-900b-70215cfec59c', 2: 'CUST-CONCURRENT-2', 3: 'customer12@example.com', 4: 'PENDING', 5: 10.00, 6: 'USD', 7: TIMESTAMP WITH TIME ZONE '2026-02-05 15:02:23.382609+00', 8: TIMESTAMP WITH TIME ZONE '2026-02-05 15:02:23.382609+00'}
2026-02-06T00:02:23.383+09:00 DEBUG 58699 --- [order-service] [    Test worker] io.r2dbc.h2.client.SessionClient         : Request:  INSERT INTO order_items (order_id, product_id, product_name, quantity, unit_price, currency) VALUES ($1, $2, $3, $4, $5, $6) {1: '3c7c1318-fe37-4485-900b-70215cfec59c', 2: 'PROD-12', 3: 'Product 12', 4: 1, 5: 10.00, 6: 'USD'}
2026-02-06T00:02:23.383+09:00 DEBUG 58699 --- [order-service] [    Test worker] io.r2dbc.h2.client.SessionClient         : Request:  SELECT orders.* FROM orders WHERE orders.ID = $1 LIMIT 2 {1: '3c7c1318-fe37-4485-900b-70215cfec59c'}
2026-02-06T00:02:23.383+09:00 DEBUG 58699 --- [order-service] [    Test worker] io.r2dbc.h2.client.SessionClient         : Response: org.h2.result.LocalResult@2ae85f78 columns: 9 rows: 1 pos: -1
2026-02-06T00:02:23.383+09:00 DEBUG 58699 --- [order-service] [    Test worker] io.r2dbc.h2.client.SessionClient         : Request:  SELECT order_items.* FROM order_items WHERE order_items.order_id = $1 {1: '3c7c1318-fe37-4485-900b-70215cfec59c'}
2026-02-06T00:02:23.383+09:00 DEBUG 58699 --- [order-service] [    Test worker] io.r2dbc.h2.client.SessionClient         : Response: org.h2.result.LocalResult@6badcaa3 columns: 7 rows: 1 pos: -1
2026-02-06T00:02:23.384+09:00 DEBUG 58699 --- [order-service] [    Test worker] io.r2dbc.h2.client.SessionClient         : Request:  INSERT INTO outbox (aggregate_type, aggregate_id, event_type, payload, created_at, processed) VALUES ($1, $2, $3, $4, $5, $6) {1: 'Order', 2: '3c7c1318-fe37-4485-900b-70215cfec59c', 3: 'OrderCreatedEvent', 4: '{"orderId":"3c7c1318-fe37-4485-900b-70215cfec59c","customerEmail":"customer12@example.com","totalAmount":{"amount":10.00,"currency":"USD"},"createdAt":"2026-02-05T15:02:23.382609Z"}', 5: TIMESTAMP WITH TIME ZONE '2026-02-05 15:02:23.383988+00', 6: FALSE}
2026-02-06T00:02:23.384+09:00 DEBUG 58699 --- [order-service] [    Test worker] io.r2dbc.h2.client.SessionClient         : Request:  COMMIT
2026-02-06T00:02:23.384+09:00 DEBUG 58699 --- [order-service] [    Test worker] io.r2dbc.h2.client.SessionClient         : Request:  SELECT CURRENT_TIMESTAMP
2026-02-06T00:02:23.384+09:00 DEBUG 58699 --- [order-service] [    Test worker] io.r2dbc.h2.client.SessionClient         : Response: org.h2.result.LocalResult@40c6afcf columns: 1 rows: 1 pos: -1
2026-02-06T00:02:23.384+09:00 DEBUG 58699 --- [order-service] [    Test worker] io.r2dbc.h2.client.SessionClient         : Request:  SELECT CURRENT_TIMESTAMP
2026-02-06T00:02:23.384+09:00 DEBUG 58699 --- [order-service] [    Test worker] io.r2dbc.h2.client.SessionClient         : Response: org.h2.result.LocalResult@20b23903 columns: 1 rows: 1 pos: -1
2026-02-06T00:02:23.384+09:00  WARN 58699 --- [order-service] [    Test worker] io.r2dbc.h2.H2Connection                 : Option{name='readOnly', sensitive=false} + isn't supported in H2 at the transaction level. You must set it on conenction URL. See http://www.h2database.com/html/features.html#read_only
2026-02-06T00:02:23.384+09:00 DEBUG 58699 --- [order-service] [    Test worker] io.r2dbc.h2.client.SessionClient         : Request:  SELECT orders.* FROM orders WHERE orders.ID = $1 LIMIT 2 {1: '522d9ba6-9da7-4edb-994e-af5e2df7c323'}
2026-02-06T00:02:23.384+09:00 DEBUG 58699 --- [order-service] [    Test worker] io.r2dbc.h2.client.SessionClient         : Response: org.h2.result.LocalResult@60cee7ca columns: 9 rows: 0 pos: -1
2026-02-06T00:02:23.385+09:00 DEBUG 58699 --- [order-service] [    Test worker] io.r2dbc.h2.client.SessionClient         : Request:  INSERT INTO orders (ID, customer_id, customer_email, status, total_amount, currency, created_at, updated_at) VALUES ($1, $2, $3, $4, $5, $6, $7, $8) {1: '522d9ba6-9da7-4edb-994e-af5e2df7c323', 2: 'CUST-CONCURRENT-3', 3: 'customer13@example.com', 4: 'PENDING', 5: 10.00, 6: 'USD', 7: TIMESTAMP WITH TIME ZONE '2026-02-05 15:02:23.384558+00', 8: TIMESTAMP WITH TIME ZONE '2026-02-05 15:02:23.384558+00'}
2026-02-06T00:02:23.385+09:00 DEBUG 58699 --- [order-service] [    Test worker] io.r2dbc.h2.client.SessionClient         : Request:  INSERT INTO order_items (order_id, product_id, product_name, quantity, unit_price, currency) VALUES ($1, $2, $3, $4, $5, $6) {1: '522d9ba6-9da7-4edb-994e-af5e2df7c323', 2: 'PROD-13', 3: 'Product 13', 4: 1, 5: 10.00, 6: 'USD'}
2026-02-06T00:02:23.385+09:00 DEBUG 58699 --- [order-service] [    Test worker] io.r2dbc.h2.client.SessionClient         : Request:  SELECT orders.* FROM orders WHERE orders.ID = $1 LIMIT 2 {1: '522d9ba6-9da7-4edb-994e-af5e2df7c323'}
2026-02-06T00:02:23.385+09:00 DEBUG 58699 --- [order-service] [    Test worker] io.r2dbc.h2.client.SessionClient         : Response: org.h2.result.LocalResult@7c0d43bb columns: 9 rows: 1 pos: -1
2026-02-06T00:02:23.385+09:00 DEBUG 58699 --- [order-service] [    Test worker] io.r2dbc.h2.client.SessionClient         : Request:  SELECT order_items.* FROM order_items WHERE order_items.order_id = $1 {1: '522d9ba6-9da7-4edb-994e-af5e2df7c323'}
2026-02-06T00:02:23.385+09:00 DEBUG 58699 --- [order-service] [    Test worker] io.r2dbc.h2.client.SessionClient         : Response: org.h2.result.LocalResult@46d80eb columns: 7 rows: 1 pos: -1
2026-02-06T00:02:23.386+09:00 DEBUG 58699 --- [order-service] [    Test worker] io.r2dbc.h2.client.SessionClient         : Request:  INSERT INTO outbox (aggregate_type, aggregate_id, event_type, payload, created_at, processed) VALUES ($1, $2, $3, $4, $5, $6) {1: 'Order', 2: '522d9ba6-9da7-4edb-994e-af5e2df7c323', 3: 'OrderCreatedEvent', 4: '{"orderId":"522d9ba6-9da7-4edb-994e-af5e2df7c323","customerEmail":"customer13@example.com","totalAmount":{"amount":10.00,"currency":"USD"},"createdAt":"2026-02-05T15:02:23.384558Z"}', 5: TIMESTAMP WITH TIME ZONE '2026-02-05 15:02:23.385936+00', 6: FALSE}
2026-02-06T00:02:23.386+09:00 DEBUG 58699 --- [order-service] [    Test worker] io.r2dbc.h2.client.SessionClient         : Request:  COMMIT
2026-02-06T00:02:23.386+09:00 DEBUG 58699 --- [order-service] [    Test worker] io.r2dbc.h2.client.SessionClient         : Request:  SELECT CURRENT_TIMESTAMP
2026-02-06T00:02:23.386+09:00 DEBUG 58699 --- [order-service] [    Test worker] io.r2dbc.h2.client.SessionClient         : Response: org.h2.result.LocalResult@622bdfdc columns: 1 rows: 1 pos: -1
2026-02-06T00:02:23.386+09:00 DEBUG 58699 --- [order-service] [    Test worker] io.r2dbc.h2.client.SessionClient         : Request:  SELECT CURRENT_TIMESTAMP
2026-02-06T00:02:23.386+09:00 DEBUG 58699 --- [order-service] [    Test worker] io.r2dbc.h2.client.SessionClient         : Response: org.h2.result.LocalResult@1c0cea8e columns: 1 rows: 1 pos: -1
2026-02-06T00:02:23.386+09:00  WARN 58699 --- [order-service] [    Test worker] io.r2dbc.h2.H2Connection                 : Option{name='readOnly', sensitive=false} + isn't supported in H2 at the transaction level. You must set it on conenction URL. See http://www.h2database.com/html/features.html#read_only
2026-02-06T00:02:23.386+09:00 DEBUG 58699 --- [order-service] [    Test worker] io.r2dbc.h2.client.SessionClient         : Request:  SELECT orders.* FROM orders WHERE orders.ID = $1 LIMIT 2 {1: '0ce14cca-38a7-4ad4-8b11-4be79ab66250'}
2026-02-06T00:02:23.386+09:00 DEBUG 58699 --- [order-service] [    Test worker] io.r2dbc.h2.client.SessionClient         : Response: org.h2.result.LocalResult@224876e9 columns: 9 rows: 0 pos: -1
2026-02-06T00:02:23.386+09:00 DEBUG 58699 --- [order-service] [    Test worker] io.r2dbc.h2.client.SessionClient         : Request:  INSERT INTO orders (ID, customer_id, customer_email, status, total_amount, currency, created_at, updated_at) VALUES ($1, $2, $3, $4, $5, $6, $7, $8) {1: '0ce14cca-38a7-4ad4-8b11-4be79ab66250', 2: 'CUST-CONCURRENT-4', 3: 'customer14@example.com', 4: 'PENDING', 5: 10.00, 6: 'USD', 7: TIMESTAMP WITH TIME ZONE '2026-02-05 15:02:23.38638+00', 8: TIMESTAMP WITH TIME ZONE '2026-02-05 15:02:23.38638+00'}
2026-02-06T00:02:23.387+09:00 DEBUG 58699 --- [order-service] [    Test worker] io.r2dbc.h2.client.SessionClient         : Request:  INSERT INTO order_items (order_id, product_id, product_name, quantity, unit_price, currency) VALUES ($1, $2, $3, $4, $5, $6) {1: '0ce14cca-38a7-4ad4-8b11-4be79ab66250', 2: 'PROD-14', 3: 'Product 14', 4: 1, 5: 10.00, 6: 'USD'}
2026-02-06T00:02:23.387+09:00 DEBUG 58699 --- [order-service] [    Test worker] io.r2dbc.h2.client.SessionClient         : Request:  SELECT orders.* FROM orders WHERE orders.ID = $1 LIMIT 2 {1: '0ce14cca-38a7-4ad4-8b11-4be79ab66250'}
2026-02-06T00:02:23.387+09:00 DEBUG 58699 --- [order-service] [    Test worker] io.r2dbc.h2.client.SessionClient         : Response: org.h2.result.LocalResult@356b1ca7 columns: 9 rows: 1 pos: -1
2026-02-06T00:02:23.387+09:00 DEBUG 58699 --- [order-service] [    Test worker] io.r2dbc.h2.client.SessionClient         : Request:  SELECT order_items.* FROM order_items WHERE order_items.order_id = $1 {1: '0ce14cca-38a7-4ad4-8b11-4be79ab66250'}
2026-02-06T00:02:23.387+09:00 DEBUG 58699 --- [order-service] [    Test worker] io.r2dbc.h2.client.SessionClient         : Response: org.h2.result.LocalResult@510efcb7 columns: 7 rows: 1 pos: -1
2026-02-06T00:02:23.388+09:00 DEBUG 58699 --- [order-service] [    Test worker] io.r2dbc.h2.client.SessionClient         : Request:  INSERT INTO outbox (aggregate_type, aggregate_id, event_type, payload, created_at, processed) VALUES ($1, $2, $3, $4, $5, $6) {1: 'Order', 2: '0ce14cca-38a7-4ad4-8b11-4be79ab66250', 3: 'OrderCreatedEvent', 4: '{"orderId":"0ce14cca-38a7-4ad4-8b11-4be79ab66250","customerEmail":"customer14@example.com","totalAmount":{"amount":10.00,"currency":"USD"},"createdAt":"2026-02-05T15:02:23.386380Z"}', 5: TIMESTAMP WITH TIME ZONE '2026-02-05 15:02:23.387714+00', 6: FALSE}
2026-02-06T00:02:23.388+09:00 DEBUG 58699 --- [order-service] [    Test worker] io.r2dbc.h2.client.SessionClient         : Request:  COMMIT
2026-02-06T00:02:23.388+09:00 DEBUG 58699 --- [order-service] [    Test worker] io.r2dbc.h2.client.SessionClient         : Request:  SELECT CURRENT_TIMESTAMP
2026-02-06T00:02:23.388+09:00 DEBUG 58699 --- [order-service] [    Test worker] io.r2dbc.h2.client.SessionClient         : Response: org.h2.result.LocalResult@5fe01354 columns: 1 rows: 1 pos: -1
2026-02-06T00:02:23.388+09:00 DEBUG 58699 --- [order-service] [    Test worker] io.r2dbc.h2.client.SessionClient         : Request:  SELECT CURRENT_TIMESTAMP
2026-02-06T00:02:23.388+09:00 DEBUG 58699 --- [order-service] [    Test worker] io.r2dbc.h2.client.SessionClient         : Response: org.h2.result.LocalResult@24146e78 columns: 1 rows: 1 pos: -1
2026-02-06T00:02:23.388+09:00  WARN 58699 --- [order-service] [    Test worker] io.r2dbc.h2.H2Connection                 : Option{name='readOnly', sensitive=false} + isn't supported in H2 at the transaction level. You must set it on conenction URL. See http://www.h2database.com/html/features.html#read_only
2026-02-06T00:02:23.388+09:00 DEBUG 58699 --- [order-service] [    Test worker] io.r2dbc.h2.client.SessionClient         : Request:  SELECT orders.* FROM orders WHERE orders.ID = $1 LIMIT 2 {1: '31f370ed-255e-488e-9e93-9c8251042926'}
2026-02-06T00:02:23.388+09:00 DEBUG 58699 --- [order-service] [    Test worker] io.r2dbc.h2.client.SessionClient         : Response: org.h2.result.LocalResult@34b7283d columns: 9 rows: 0 pos: -1
2026-02-06T00:02:23.388+09:00 DEBUG 58699 --- [order-service] [    Test worker] io.r2dbc.h2.client.SessionClient         : Request:  INSERT INTO orders (ID, customer_id, customer_email, status, total_amount, currency, created_at, updated_at) VALUES ($1, $2, $3, $4, $5, $6, $7, $8) {1: '31f370ed-255e-488e-9e93-9c8251042926', 2: 'CUST-CONCURRENT-0', 3: 'customer15@example.com', 4: 'PENDING', 5: 10.00, 6: 'USD', 7: TIMESTAMP WITH TIME ZONE '2026-02-05 15:02:23.388486+00', 8: TIMESTAMP WITH TIME ZONE '2026-02-05 15:02:23.388486+00'}
2026-02-06T00:02:23.389+09:00 DEBUG 58699 --- [order-service] [    Test worker] io.r2dbc.h2.client.SessionClient         : Request:  INSERT INTO order_items (order_id, product_id, product_name, quantity, unit_price, currency) VALUES ($1, $2, $3, $4, $5, $6) {1: '31f370ed-255e-488e-9e93-9c8251042926', 2: 'PROD-15', 3: 'Product 15', 4: 1, 5: 10.00, 6: 'USD'}
2026-02-06T00:02:23.389+09:00 DEBUG 58699 --- [order-service] [    Test worker] io.r2dbc.h2.client.SessionClient         : Request:  SELECT orders.* FROM orders WHERE orders.ID = $1 LIMIT 2 {1: '31f370ed-255e-488e-9e93-9c8251042926'}
2026-02-06T00:02:23.389+09:00 DEBUG 58699 --- [order-service] [    Test worker] io.r2dbc.h2.client.SessionClient         : Response: org.h2.result.LocalResult@d6fc3bf columns: 9 rows: 1 pos: -1
2026-02-06T00:02:23.389+09:00 DEBUG 58699 --- [order-service] [    Test worker] io.r2dbc.h2.client.SessionClient         : Request:  SELECT order_items.* FROM order_items WHERE order_items.order_id = $1 {1: '31f370ed-255e-488e-9e93-9c8251042926'}
2026-02-06T00:02:23.389+09:00 DEBUG 58699 --- [order-service] [    Test worker] io.r2dbc.h2.client.SessionClient         : Response: org.h2.result.LocalResult@6dfb7c1a columns: 7 rows: 1 pos: -1
2026-02-06T00:02:23.389+09:00 DEBUG 58699 --- [order-service] [    Test worker] io.r2dbc.h2.client.SessionClient         : Request:  INSERT INTO outbox (aggregate_type, aggregate_id, event_type, payload, created_at, processed) VALUES ($1, $2, $3, $4, $5, $6) {1: 'Order', 2: '31f370ed-255e-488e-9e93-9c8251042926', 3: 'OrderCreatedEvent', 4: '{"orderId":"31f370ed-255e-488e-9e93-9c8251042926","customerEmail":"customer15@example.com","totalAmount":{"amount":10.00,"currency":"USD"},"createdAt":"2026-02-05T15:02:23.388486Z"}', 5: TIMESTAMP WITH TIME ZONE '2026-02-05 15:02:23.38985+00', 6: FALSE}
2026-02-06T00:02:23.390+09:00 DEBUG 58699 --- [order-service] [    Test worker] io.r2dbc.h2.client.SessionClient         : Request:  COMMIT
2026-02-06T00:02:23.390+09:00 DEBUG 58699 --- [order-service] [    Test worker] io.r2dbc.h2.client.SessionClient         : Request:  SELECT CURRENT_TIMESTAMP
2026-02-06T00:02:23.390+09:00 DEBUG 58699 --- [order-service] [    Test worker] io.r2dbc.h2.client.SessionClient         : Response: org.h2.result.LocalResult@4d1fe401 columns: 1 rows: 1 pos: -1
2026-02-06T00:02:23.390+09:00 DEBUG 58699 --- [order-service] [    Test worker] io.r2dbc.h2.client.SessionClient         : Request:  SELECT CURRENT_TIMESTAMP
2026-02-06T00:02:23.390+09:00 DEBUG 58699 --- [order-service] [    Test worker] io.r2dbc.h2.client.SessionClient         : Response: org.h2.result.LocalResult@51b98f26 columns: 1 rows: 1 pos: -1
2026-02-06T00:02:23.390+09:00  WARN 58699 --- [order-service] [    Test worker] io.r2dbc.h2.H2Connection                 : Option{name='readOnly', sensitive=false} + isn't supported in H2 at the transaction level. You must set it on conenction URL. See http://www.h2database.com/html/features.html#read_only
2026-02-06T00:02:23.390+09:00 DEBUG 58699 --- [order-service] [    Test worker] io.r2dbc.h2.client.SessionClient         : Request:  SELECT orders.* FROM orders WHERE orders.ID = $1 LIMIT 2 {1: 'c3fee044-618a-4754-9bab-7c738031b5d4'}
2026-02-06T00:02:23.390+09:00 DEBUG 58699 --- [order-service] [    Test worker] io.r2dbc.h2.client.SessionClient         : Response: org.h2.result.LocalResult@259089ab columns: 9 rows: 0 pos: -1
2026-02-06T00:02:23.390+09:00 DEBUG 58699 --- [order-service] [    Test worker] io.r2dbc.h2.client.SessionClient         : Request:  INSERT INTO orders (ID, customer_id, customer_email, status, total_amount, currency, created_at, updated_at) VALUES ($1, $2, $3, $4, $5, $6, $7, $8) {1: 'c3fee044-618a-4754-9bab-7c738031b5d4', 2: 'CUST-CONCURRENT-1', 3: 'customer16@example.com', 4: 'PENDING', 5: 10.00, 6: 'USD', 7: TIMESTAMP WITH TIME ZONE '2026-02-05 15:02:23.390286+00', 8: TIMESTAMP WITH TIME ZONE '2026-02-05 15:02:23.390286+00'}
2026-02-06T00:02:23.390+09:00 DEBUG 58699 --- [order-service] [    Test worker] io.r2dbc.h2.client.SessionClient         : Request:  INSERT INTO order_items (order_id, product_id, product_name, quantity, unit_price, currency) VALUES ($1, $2, $3, $4, $5, $6) {1: 'c3fee044-618a-4754-9bab-7c738031b5d4', 2: 'PROD-16', 3: 'Product 16', 4: 1, 5: 10.00, 6: 'USD'}
2026-02-06T00:02:23.391+09:00 DEBUG 58699 --- [order-service] [    Test worker] io.r2dbc.h2.client.SessionClient         : Request:  SELECT orders.* FROM orders WHERE orders.ID = $1 LIMIT 2 {1: 'c3fee044-618a-4754-9bab-7c738031b5d4'}
2026-02-06T00:02:23.392+09:00 DEBUG 58699 --- [order-service] [    Test worker] io.r2dbc.h2.client.SessionClient         : Response: org.h2.result.LocalResult@44c874fe columns: 9 rows: 1 pos: -1
2026-02-06T00:02:23.393+09:00 DEBUG 58699 --- [order-service] [    Test worker] io.r2dbc.h2.client.SessionClient         : Request:  SELECT order_items.* FROM order_items WHERE order_items.order_id = $1 {1: 'c3fee044-618a-4754-9bab-7c738031b5d4'}
2026-02-06T00:02:23.393+09:00 DEBUG 58699 --- [order-service] [    Test worker] io.r2dbc.h2.client.SessionClient         : Response: org.h2.result.LocalResult@1c09921a columns: 7 rows: 1 pos: -1
2026-02-06T00:02:23.394+09:00 DEBUG 58699 --- [order-service] [    Test worker] io.r2dbc.h2.client.SessionClient         : Request:  INSERT INTO outbox (aggregate_type, aggregate_id, event_type, payload, created_at, processed) VALUES ($1, $2, $3, $4, $5, $6) {1: 'Order', 2: 'c3fee044-618a-4754-9bab-7c738031b5d4', 3: 'OrderCreatedEvent', 4: '{"orderId":"c3fee044-618a-4754-9bab-7c738031b5d4","customerEmail":"customer16@example.com","totalAmount":{"amount":10.00,"currency":"USD"},"createdAt":"2026-02-05T15:02:23.390286Z"}', 5: TIMESTAMP WITH TIME ZONE '2026-02-05 15:02:23.394053+00', 6: FALSE}
2026-02-06T00:02:23.394+09:00 DEBUG 58699 --- [order-service] [    Test worker] io.r2dbc.h2.client.SessionClient         : Request:  COMMIT
2026-02-06T00:02:23.394+09:00 DEBUG 58699 --- [order-service] [    Test worker] io.r2dbc.h2.client.SessionClient         : Request:  SELECT CURRENT_TIMESTAMP
2026-02-06T00:02:23.394+09:00 DEBUG 58699 --- [order-service] [    Test worker] io.r2dbc.h2.client.SessionClient         : Response: org.h2.result.LocalResult@5fb83ec7 columns: 1 rows: 1 pos: -1
2026-02-06T00:02:23.395+09:00 DEBUG 58699 --- [order-service] [    Test worker] io.r2dbc.h2.client.SessionClient         : Request:  SELECT CURRENT_TIMESTAMP
[...]
2026-02-06T00:02:23.719+09:00 DEBUG 58699 --- [order-service] [    Test worker] io.r2dbc.h2.client.SessionClient         : Request:  SELECT CURRENT_TIMESTAMP
2026-02-06T00:02:23.719+09:00 DEBUG 58699 --- [order-service] [    Test worker] io.r2dbc.h2.client.SessionClient         : Response: org.h2.result.LocalResult@411775eb columns: 1 rows: 1 pos: -1
2026-02-06T00:02:23.720+09:00 DEBUG 58699 --- [order-service] [    Test worker] io.r2dbc.h2.client.SessionClient         : Request:  SELECT CURRENT_TIMESTAMP
2026-02-06T00:02:23.720+09:00 DEBUG 58699 --- [order-service] [    Test worker] io.r2dbc.h2.client.SessionClient         : Response: org.h2.result.LocalResult@96f0630 columns: 1 rows: 1 pos: -1
2026-02-06T00:02:23.720+09:00 DEBUG 58699 --- [order-service] [    Test worker] io.r2dbc.h2.client.SessionClient         : Request:  UPDATE orders SET customer_id = $1, customer_email = $2, status = $3, total_amount = $4, currency = $5, discount_amount = $6, created_at = $7, updated_at = $8 WHERE orders.ID = $9 {1: 'CUST-LU', 2: 'lostupdate@example.com', 3: 'PENDING', 4: 100.00, 5: 'USD', 6: 90.0000, 7: TIMESTAMP WITH TIME ZONE '2026-02-05 15:02:23.713835+00', 8: TIMESTAMP WITH TIME ZONE '2026-02-05 15:02:23.713835+00', 9: '51836119-9a6e-4061-bb0d-a3029c38394e'}
2026-02-06T00:02:23.720+09:00 DEBUG 58699 --- [order-service] [    Test worker] io.r2dbc.h2.client.SessionClient         : Request:  SELECT CURRENT_TIMESTAMP
2026-02-06T00:02:23.720+09:00 DEBUG 58699 --- [order-service] [    Test worker] io.r2dbc.h2.client.SessionClient         : Response: org.h2.result.LocalResult@faef38e columns: 1 rows: 1 pos: -1
2026-02-06T00:02:23.722+09:00 DEBUG 58699 --- [order-service] [    Test worker] io.r2dbc.h2.client.SessionClient         : Request:  SELECT CURRENT_TIMESTAMP
2026-02-06T00:02:23.722+09:00 DEBUG 58699 --- [order-service] [    Test worker] io.r2dbc.h2.client.SessionClient         : Response: org.h2.result.LocalResult@57e7a218 columns: 1 rows: 1 pos: -1
2026-02-06T00:02:23.723+09:00 DEBUG 58699 --- [order-service] [    Test worker] io.r2dbc.h2.client.SessionClient         : Request:  UPDATE orders SET customer_id = $1, customer_email = $2, status = $3, total_amount = $4, currency = $5, discount_amount = $6, created_at = $7, updated_at = $8 WHERE orders.ID = $9 {1: 'CUST-LU', 2: 'lostupdate@example.com', 3: 'PENDING', 4: 100.00, 5: 'USD', 6: 80.0000, 7: TIMESTAMP WITH TIME ZONE '2026-02-05 15:02:23.713835+00', 8: TIMESTAMP WITH TIME ZONE '2026-02-05 15:02:23.713835+00', 9: '51836119-9a6e-4061-bb0d-a3029c38394e'}
2026-02-06T00:02:23.723+09:00 DEBUG 58699 --- [order-service] [    Test worker] io.r2dbc.h2.client.SessionClient         : Request:  SELECT CURRENT_TIMESTAMP
2026-02-06T00:02:23.723+09:00 DEBUG 58699 --- [order-service] [    Test worker] io.r2dbc.h2.client.SessionClient         : Response: org.h2.result.LocalResult@1a4db85 columns: 1 rows: 1 pos: -1
2026-02-06T00:02:23.723+09:00 DEBUG 58699 --- [order-service] [    Test worker] io.r2dbc.h2.client.SessionClient         : Request:  SELECT CURRENT_TIMESTAMP
2026-02-06T00:02:23.723+09:00 DEBUG 58699 --- [order-service] [    Test worker] io.r2dbc.h2.client.SessionClient         : Response: org.h2.result.LocalResult@ee73f75 columns: 1 rows: 1 pos: -1
2026-02-06T00:02:23.723+09:00 DEBUG 58699 --- [order-service] [    Test worker] io.r2dbc.h2.client.SessionClient         : Request:  UPDATE orders SET customer_id = $1, customer_email = $2, status = $3, total_amount = $4, currency = $5, discount_amount = $6, created_at = $7, updated_at = $8 WHERE orders.ID = $9 {1: 'CUST-LU', 2: 'lostupdate@example.com', 3: 'PENDING', 4: 100.00, 5: 'USD', 6: 70.0000, 7: TIMESTAMP WITH TIME ZONE '2026-02-05 15:02:23.713835+00', 8: TIMESTAMP WITH TIME ZONE '2026-02-05 15:02:23.713835+00', 9: '51836119-9a6e-4061-bb0d-a3029c38394e'}
2026-02-06T00:02:23.723+09:00 DEBUG 58699 --- [order-service] [    Test worker] io.r2dbc.h2.client.SessionClient         : Request:  SELECT CURRENT_TIMESTAMP
2026-02-06T00:02:23.723+09:00 DEBUG 58699 --- [order-service] [    Test worker] io.r2dbc.h2.client.SessionClient         : Response: org.h2.result.LocalResult@23f13b32 columns: 1 rows: 1 pos: -1
2026-02-06T00:02:23.724+09:00 DEBUG 58699 --- [order-service] [    Test worker] io.r2dbc.h2.client.SessionClient         : Request:  SELECT CURRENT_TIMESTAMP
2026-02-06T00:02:23.724+09:00 DEBUG 58699 --- [order-service] [    Test worker] io.r2dbc.h2.client.SessionClient         : Response: org.h2.result.LocalResult@25254ec9 columns: 1 rows: 1 pos: -1
2026-02-06T00:02:23.724+09:00 DEBUG 58699 --- [order-service] [    Test worker] io.r2dbc.h2.client.SessionClient         : Request:  DELETE FROM order_items WHERE order_id = $1 {1: '51836119-9a6e-4061-bb0d-a3029c38394e'}
2026-02-06T00:02:23.724+09:00 DEBUG 58699 --- [order-service] [    Test worker] io.r2dbc.h2.client.SessionClient         : Request:  SELECT CURRENT_TIMESTAMP
2026-02-06T00:02:23.724+09:00 DEBUG 58699 --- [order-service] [    Test worker] io.r2dbc.h2.client.SessionClient         : Response: org.h2.result.LocalResult@7e7e5302 columns: 1 rows: 1 pos: -1
2026-02-06T00:02:23.724+09:00 DEBUG 58699 --- [order-service] [    Test worker] io.r2dbc.h2.client.SessionClient         : Request:  SELECT CURRENT_TIMESTAMP
2026-02-06T00:02:23.724+09:00 DEBUG 58699 --- [order-service] [    Test worker] io.r2dbc.h2.client.SessionClient         : Response: org.h2.result.LocalResult@1f3c0098 columns: 1 rows: 1 pos: -1
2026-02-06T00:02:23.724+09:00 DEBUG 58699 --- [order-service] [    Test worker] io.r2dbc.h2.client.SessionClient         : Request:  DELETE FROM order_items WHERE order_id = $1 {1: '51836119-9a6e-4061-bb0d-a3029c38394e'}
2026-02-06T00:02:23.724+09:00 DEBUG 58699 --- [order-service] [    Test worker] io.r2dbc.h2.client.SessionClient         : Request:  SELECT CURRENT_TIMESTAMP
2026-02-06T00:02:23.724+09:00 DEBUG 58699 --- [order-service] [    Test worker] io.r2dbc.h2.client.SessionClient         : Response: org.h2.result.LocalResult@4560f8dc columns: 1 rows: 1 pos: -1
2026-02-06T00:02:23.724+09:00 DEBUG 58699 --- [order-service] [    Test worker] io.r2dbc.h2.client.SessionClient         : Request:  SELECT CURRENT_TIMESTAMP
2026-02-06T00:02:23.724+09:00 DEBUG 58699 --- [order-service] [    Test worker] io.r2dbc.h2.client.SessionClient         : Response: org.h2.result.LocalResult@11828cc2 columns: 1 rows: 1 pos: -1
2026-02-06T00:02:23.724+09:00 DEBUG 58699 --- [order-service] [    Test worker] io.r2dbc.h2.client.SessionClient         : Request:  DELETE FROM order_items WHERE order_id = $1 {1: '51836119-9a6e-4061-bb0d-a3029c38394e'}
2026-02-06T00:02:23.724+09:00 DEBUG 58699 --- [order-service] [    Test worker] io.r2dbc.h2.client.SessionClient         : Request:  SELECT CURRENT_TIMESTAMP
2026-02-06T00:02:23.724+09:00 DEBUG 58699 --- [order-service] [    Test worker] io.r2dbc.h2.client.SessionClient         : Response: org.h2.result.LocalResult@5915534a columns: 1 rows: 1 pos: -1
2026-02-06T00:02:23.724+09:00 DEBUG 58699 --- [order-service] [    Test worker] io.r2dbc.h2.client.SessionClient         : Request:  SELECT CURRENT_TIMESTAMP
2026-02-06T00:02:23.724+09:00 DEBUG 58699 --- [order-service] [    Test worker] io.r2dbc.h2.client.SessionClient         : Response: org.h2.result.LocalResult@5c8292df columns: 1 rows: 1 pos: -1
2026-02-06T00:02:23.725+09:00 DEBUG 58699 --- [order-service] [    Test worker] io.r2dbc.h2.client.SessionClient         : Request:  INSERT INTO order_items (order_id, product_id, product_name, quantity, unit_price, currency) VALUES ($1, $2, $3, $4, $5, $6) {1: '51836119-9a6e-4061-bb0d-a3029c38394e', 2: 'PROD-LOSTUPDATE', 3: 'Lost Update Test Product', 4: 1, 5: 100.00, 6: 'USD'}
2026-02-06T00:02:23.725+09:00 DEBUG 58699 --- [order-service] [    Test worker] io.r2dbc.h2.client.SessionClient         : Request:  SELECT CURRENT_TIMESTAMP
2026-02-06T00:02:23.725+09:00 DEBUG 58699 --- [order-service] [    Test worker] io.r2dbc.h2.client.SessionClient         : Response: org.h2.result.LocalResult@20dc625e columns: 1 rows: 1 pos: -1
2026-02-06T00:02:23.725+09:00 DEBUG 58699 --- [order-service] [    Test worker] io.r2dbc.h2.client.SessionClient         : Request:  SELECT CURRENT_TIMESTAMP
2026-02-06T00:02:23.725+09:00 DEBUG 58699 --- [order-service] [    Test worker] io.r2dbc.h2.client.SessionClient         : Response: org.h2.result.LocalResult@5f02432e columns: 1 rows: 1 pos: -1
2026-02-06T00:02:23.725+09:00 DEBUG 58699 --- [order-service] [    Test worker] io.r2dbc.h2.client.SessionClient         : Request:  INSERT INTO order_items (order_id, product_id, product_name, quantity, unit_price, currency) VALUES ($1, $2, $3, $4, $5, $6) {1: '51836119-9a6e-4061-bb0d-a3029c38394e', 2: 'PROD-LOSTUPDATE', 3: 'Lost Update Test Product', 4: 1, 5: 100.00, 6: 'USD'}
2026-02-06T00:02:23.725+09:00 DEBUG 58699 --- [order-service] [    Test worker] io.r2dbc.h2.client.SessionClient         : Request:  SELECT CURRENT_TIMESTAMP
2026-02-06T00:02:23.725+09:00 DEBUG 58699 --- [order-service] [    Test worker] io.r2dbc.h2.client.SessionClient         : Response: org.h2.result.LocalResult@7415ca9f columns: 1 rows: 1 pos: -1
2026-02-06T00:02:23.725+09:00 DEBUG 58699 --- [order-service] [    Test worker] io.r2dbc.h2.client.SessionClient         : Request:  SELECT CURRENT_TIMESTAMP
2026-02-06T00:02:23.725+09:00 DEBUG 58699 --- [order-service] [    Test worker] io.r2dbc.h2.client.SessionClient         : Response: org.h2.result.LocalResult@6fedd1e1 columns: 1 rows: 1 pos: -1
2026-02-06T00:02:23.725+09:00 DEBUG 58699 --- [order-service] [    Test worker] io.r2dbc.h2.client.SessionClient         : Request:  INSERT INTO order_items (order_id, product_id, product_name, quantity, unit_price, currency) VALUES ($1, $2, $3, $4, $5, $6) {1: '51836119-9a6e-4061-bb0d-a3029c38394e', 2: 'PROD-LOSTUPDATE', 3: 'Lost Update Test Product', 4: 1, 5: 100.00, 6: 'USD'}
2026-02-06T00:02:23.725+09:00 DEBUG 58699 --- [order-service] [    Test worker] io.r2dbc.h2.client.SessionClient         : Request:  SELECT CURRENT_TIMESTAMP
2026-02-06T00:02:23.725+09:00 DEBUG 58699 --- [order-service] [    Test worker] io.r2dbc.h2.client.SessionClient         : Response: org.h2.result.LocalResult@13171215 columns: 1 rows: 1 pos: -1
2026-02-06T00:02:23.725+09:00 DEBUG 58699 --- [order-service] [    Test worker] io.r2dbc.h2.client.SessionClient         : Request:  SELECT CURRENT_TIMESTAMP
2026-02-06T00:02:23.725+09:00 DEBUG 58699 --- [order-service] [    Test worker] io.r2dbc.h2.client.SessionClient         : Response: org.h2.result.LocalResult@5953cdd5 columns: 1 rows: 1 pos: -1
2026-02-06T00:02:23.725+09:00 DEBUG 58699 --- [order-service] [    Test worker] io.r2dbc.h2.client.SessionClient         : Request:  SELECT orders.* FROM orders WHERE orders.ID = $1 LIMIT 2 {1: '51836119-9a6e-4061-bb0d-a3029c38394e'}
2026-02-06T00:02:23.726+09:00 DEBUG 58699 --- [order-service] [    Test worker] io.r2dbc.h2.client.SessionClient         : Response: org.h2.result.LocalResult@7d984423 columns: 9 rows: 1 pos: -1
2026-02-06T00:02:23.726+09:00 DEBUG 58699 --- [order-service] [    Test worker] io.r2dbc.h2.client.SessionClient         : Request:  SELECT CURRENT_TIMESTAMP
2026-02-06T00:02:23.726+09:00 DEBUG 58699 --- [order-service] [    Test worker] io.r2dbc.h2.client.SessionClient         : Response: org.h2.result.LocalResult@4865096a columns: 1 rows: 1 pos: -1
2026-02-06T00:02:23.726+09:00 DEBUG 58699 --- [order-service] [    Test worker] io.r2dbc.h2.client.SessionClient         : Request:  SELECT CURRENT_TIMESTAMP
2026-02-06T00:02:23.726+09:00 DEBUG 58699 --- [order-service] [    Test worker] io.r2dbc.h2.client.SessionClient         : Response: org.h2.result.LocalResult@230f9f56 columns: 1 rows: 1 pos: -1
2026-02-06T00:02:23.726+09:00 DEBUG 58699 --- [order-service] [    Test worker] io.r2dbc.h2.client.SessionClient         : Request:  SELECT orders.* FROM orders WHERE orders.ID = $1 LIMIT 2 {1: '51836119-9a6e-4061-bb0d-a3029c38394e'}
2026-02-06T00:02:23.726+09:00 DEBUG 58699 --- [order-service] [    Test worker] io.r2dbc.h2.client.SessionClient         : Response: org.h2.result.LocalResult@56232a19 columns: 9 rows: 1 pos: -1
2026-02-06T00:02:23.726+09:00 DEBUG 58699 --- [order-service] [    Test worker] io.r2dbc.h2.client.SessionClient         : Request:  SELECT CURRENT_TIMESTAMP
2026-02-06T00:02:23.726+09:00 DEBUG 58699 --- [order-service] [    Test worker] io.r2dbc.h2.client.SessionClient         : Response: org.h2.result.LocalResult@67a8eb0a columns: 1 rows: 1 pos: -1
2026-02-06T00:02:23.726+09:00 DEBUG 58699 --- [order-service] [    Test worker] io.r2dbc.h2.client.SessionClient         : Request:  SELECT CURRENT_TIMESTAMP
2026-02-06T00:02:23.726+09:00 DEBUG 58699 --- [order-service] [    Test worker] io.r2dbc.h2.client.SessionClient         : Response: org.h2.result.LocalResult@55f2111b columns: 1 rows: 1 pos: -1
2026-02-06T00:02:23.726+09:00 DEBUG 58699 --- [order-service] [    Test worker] io.r2dbc.h2.client.SessionClient         : Request:  SELECT orders.* FROM orders WHERE orders.ID = $1 LIMIT 2 {1: '51836119-9a6e-4061-bb0d-a3029c38394e'}
2026-02-06T00:02:23.726+09:00 DEBUG 58699 --- [order-service] [    Test worker] io.r2dbc.h2.client.SessionClient         : Response: org.h2.result.LocalResult@7c35782e columns: 9 rows: 1 pos: -1
2026-02-06T00:02:23.726+09:00 DEBUG 58699 --- [order-service] [    Test worker] io.r2dbc.h2.client.SessionClient         : Request:  SELECT CURRENT_TIMESTAMP
2026-02-06T00:02:23.726+09:00 DEBUG 58699 --- [order-service] [    Test worker] io.r2dbc.h2.client.SessionClient         : Response: org.h2.result.LocalResult@19b7f8f6 columns: 1 rows: 1 pos: -1
2026-02-06T00:02:23.727+09:00 DEBUG 58699 --- [order-service] [    Test worker] io.r2dbc.h2.client.SessionClient         : Request:  SELECT CURRENT_TIMESTAMP
2026-02-06T00:02:23.727+09:00 DEBUG 58699 --- [order-service] [    Test worker] io.r2dbc.h2.client.SessionClient         : Response: org.h2.result.LocalResult@414bb17a columns: 1 rows: 1 pos: -1
2026-02-06T00:02:23.727+09:00 DEBUG 58699 --- [order-service] [    Test worker] io.r2dbc.h2.client.SessionClient         : Request:  SELECT order_items.* FROM order_items WHERE order_items.order_id = $1 {1: '51836119-9a6e-4061-bb0d-a3029c38394e'}
2026-02-06T00:02:23.727+09:00 DEBUG 58699 --- [order-service] [    Test worker] io.r2dbc.h2.client.SessionClient         : Response: org.h2.result.LocalResult@5f9d3999 columns: 7 rows: 3 pos: -1
2026-02-06T00:02:23.727+09:00 DEBUG 58699 --- [order-service] [    Test worker] io.r2dbc.h2.client.SessionClient         : Request:  SELECT CURRENT_TIMESTAMP
2026-02-06T00:02:23.727+09:00 DEBUG 58699 --- [order-service] [    Test worker] io.r2dbc.h2.client.SessionClient         : Response: org.h2.result.LocalResult@2a27be1 columns: 1 rows: 1 pos: -1
2026-02-06T00:02:23.727+09:00 DEBUG 58699 --- [order-service] [    Test worker] io.r2dbc.h2.client.SessionClient         : Request:  SELECT CURRENT_TIMESTAMP
2026-02-06T00:02:23.727+09:00 DEBUG 58699 --- [order-service] [    Test worker] io.r2dbc.h2.client.SessionClient         : Response: org.h2.result.LocalResult@28196919 columns: 1 rows: 1 pos: -1
2026-02-06T00:02:23.727+09:00 DEBUG 58699 --- [order-service] [    Test worker] io.r2dbc.h2.client.SessionClient         : Request:  SELECT order_items.* FROM order_items WHERE order_items.order_id = $1 {1: '51836119-9a6e-4061-bb0d-a3029c38394e'}
2026-02-06T00:02:23.727+09:00 DEBUG 58699 --- [order-service] [    Test worker] io.r2dbc.h2.client.SessionClient         : Response: org.h2.result.LocalResult@4efccce1 columns: 7 rows: 3 pos: -1
2026-02-06T00:02:23.727+09:00 DEBUG 58699 --- [order-service] [    Test worker] io.r2dbc.h2.client.SessionClient         : Request:  SELECT CURRENT_TIMESTAMP
2026-02-06T00:02:23.727+09:00 DEBUG 58699 --- [order-service] [    Test worker] io.r2dbc.h2.client.SessionClient         : Response: org.h2.result.LocalResult@37d3415a columns: 1 rows: 1 pos: -1
2026-02-06T00:02:23.727+09:00 DEBUG 58699 --- [order-service] [    Test worker] io.r2dbc.h2.client.SessionClient         : Request:  SELECT CURRENT_TIMESTAMP
2026-02-06T00:02:23.727+09:00 DEBUG 58699 --- [order-service] [    Test worker] io.r2dbc.h2.client.SessionClient         : Response: org.h2.result.LocalResult@7c52f2b1 columns: 1 rows: 1 pos: -1
2026-02-06T00:02:23.727+09:00 DEBUG 58699 --- [order-service] [    Test worker] io.r2dbc.h2.client.SessionClient         : Request:  SELECT order_items.* FROM order_items WHERE order_items.order_id = $1 {1: '51836119-9a6e-4061-bb0d-a3029c38394e'}
2026-02-06T00:02:23.727+09:00 DEBUG 58699 --- [order-service] [    Test worker] io.r2dbc.h2.client.SessionClient         : Response: org.h2.result.LocalResult@25469b3c columns: 7 rows: 3 pos: -1
2026-02-06T00:02:23.727+09:00 DEBUG 58699 --- [order-service] [    Test worker] io.r2dbc.h2.client.SessionClient         : Request:  SELECT CURRENT_TIMESTAMP
2026-02-06T00:02:23.727+09:00 DEBUG 58699 --- [order-service] [    Test worker] io.r2dbc.h2.client.SessionClient         : Response: org.h2.result.LocalResult@51326836 columns: 1 rows: 1 pos: -1
2026-02-06T00:02:23.728+09:00 DEBUG 58699 --- [order-service] [    Test worker] io.r2dbc.h2.client.SessionClient         : Request:  SELECT CURRENT_TIMESTAMP
2026-02-06T00:02:23.728+09:00 DEBUG 58699 --- [order-service] [    Test worker] io.r2dbc.h2.client.SessionClient         : Response: org.h2.result.LocalResult@35860edd columns: 1 rows: 1 pos: -1
2026-02-06T00:02:23.728+09:00 DEBUG 58699 --- [order-service] [    Test worker] io.r2dbc.h2.client.SessionClient         : Request:  SELECT status, discount_amount FROM orders WHERE id = $1 {1: '51836119-9a6e-4061-bb0d-a3029c38394e'}
2026-02-06T00:02:23.728+09:00 DEBUG 58699 --- [order-service] [    Test worker] io.r2dbc.h2.client.SessionClient         : Response: org.h2.result.LocalResult@77b7a383 columns: 2 rows: 1 pos: -1
2026-02-06T00:02:23.728+09:00 DEBUG 58699 --- [order-service] [    Test worker] io.r2dbc.h2.client.SessionClient         : Request:  SELECT CURRENT_TIMESTAMP
2026-02-06T00:02:23.728+09:00 DEBUG 58699 --- [order-service] [    Test worker] io.r2dbc.h2.client.SessionClient         : Response: org.h2.result.LocalResult@11476fd1 columns: 1 rows: 1 pos: -1
2026-02-06T00:02:23.728+09:00 DEBUG 58699 --- [order-service] [    Test worker] io.r2dbc.h2.client.SessionClient         : Request:  SELECT CURRENT_TIMESTAMP
2026-02-06T00:02:23.728+09:00 DEBUG 58699 --- [order-service] [    Test worker] io.r2dbc.h2.client.SessionClient         : Response: org.h2.result.LocalResult@5ed3696c columns: 1 rows: 1 pos: -1
2026-02-06T00:02:23.728+09:00 DEBUG 58699 --- [order-service] [    Test worker] io.r2dbc.h2.client.SessionClient         : Request:  DELETE FROM order_items
2026-02-06T00:02:23.729+09:00 DEBUG 58699 --- [order-service] [    Test worker] io.r2dbc.h2.client.SessionClient         : Request:  SELECT CURRENT_TIMESTAMP
2026-02-06T00:02:23.729+09:00 DEBUG 58699 --- [order-service] [    Test worker] io.r2dbc.h2.client.SessionClient         : Response: org.h2.result.LocalResult@11eb6744 columns: 1 rows: 1 pos: -1
2026-02-06T00:02:23.729+09:00 DEBUG 58699 --- [order-service] [    Test worker] io.r2dbc.h2.client.SessionClient         : Request:  SELECT CURRENT_TIMESTAMP
2026-02-06T00:02:23.729+09:00 DEBUG 58699 --- [order-service] [    Test worker] io.r2dbc.h2.client.SessionClient         : Response: org.h2.result.LocalResult@535d6165 columns: 1 rows: 1 pos: -1
2026-02-06T00:02:23.729+09:00 DEBUG 58699 --- [order-service] [    Test worker] io.r2dbc.h2.client.SessionClient         : Request:  DELETE FROM orders
2026-02-06T00:02:23.729+09:00 DEBUG 58699 --- [order-service] [    Test worker] io.r2dbc.h2.client.SessionClient         : Request:  SELECT CURRENT_TIMESTAMP
2026-02-06T00:02:23.729+09:00 DEBUG 58699 --- [order-service] [    Test worker] io.r2dbc.h2.client.SessionClient         : Response: org.h2.result.LocalResult@673036e3 columns: 1 rows: 1 pos: -1
]]></system-out>
  <system-err><![CDATA[]]></system-err>
</testsuite>
