<?xml version="1.0" encoding="UTF-8"?>
<testsuite name="com.example.order.domain.model.OrderReconstituteTest" tests="7" skipped="0" failures="0" errors="0" timestamp="2026-02-05T15:52:16" hostname="MacBook-Pro-3.local" time="0.002">
  <properties/>
  <testcase name="shouldTrackDomainEventsOnReconstitutedOrder()" classname="com.example.order.domain.model.OrderReconstituteTest" time="0.0"/>
  <testcase name="shouldReconstituteOrderWithItems()" classname="com.example.order.domain.model.OrderReconstituteTest" time="0.0"/>
  <testcase name="shouldAllowStateTransitionsOnReconstitutedOrder()" classname="com.example.order.domain.model.OrderReconstituteTest" time="0.0"/>
  <testcase name="shouldReconstituteCancelledOrder()" classname="com.example.order.domain.model.OrderReconstituteTest" time="0.0"/>
  <testcase name="shouldReconstituteOrder()" classname="com.example.order.domain.model.OrderReconstituteTest" time="0.0"/>
  <testcase name="shouldCalculateFinalAmountWhenNoDiscount()" classname="com.example.order.domain.model.OrderReconstituteTest" time="0.001"/>
  <testcase name="shouldCalculateFinalAmountWithDiscount()" classname="com.example.order.domain.model.OrderReconstituteTest" time="0.0"/>
  <system-out><![CDATA[]]></system-out>
  <system-err><![CDATA[]]></system-err>
</testsuite>
