<?xml version="1.0" encoding="UTF-8"?>
<testsuite name="com.example.order.domain.model.OrderDomainEventsTest" tests="7" skipped="0" failures="0" errors="0" timestamp="2026-02-05T15:02:25" hostname="MacBook-Pro-3.local" time="0.002">
  <properties/>
  <testcase name="shouldRegisterEventWhenCreatingOrder()" classname="com.example.order.domain.model.OrderDomainEventsTest" time="0.0"/>
  <testcase name="shouldClearAllDomainEvents()" classname="com.example.order.domain.model.OrderDomainEventsTest" time="0.0"/>
  <testcase name="shouldReturnUnmodifiableEventList()" classname="com.example.order.domain.model.OrderDomainEventsTest" time="0.001"/>
  <testcase name="shouldRegisterEventWhenCancellingOrder()" classname="com.example.order.domain.model.OrderDomainEventsTest" time="0.0"/>
  <testcase name="shouldRegisterEventWhenConfirmingOrder()" classname="com.example.order.domain.model.OrderDomainEventsTest" time="0.0"/>
  <testcase name="shouldAccumulateMultipleEvents()" classname="com.example.order.domain.model.OrderDomainEventsTest" time="0.0"/>
  <testcase name="shouldRegisterEventWhenPayingOrder()" classname="com.example.order.domain.model.OrderDomainEventsTest" time="0.001"/>
  <system-out><![CDATA[]]></system-out>
  <system-err><![CDATA[]]></system-err>
</testsuite>
