<?xml version="1.0" encoding="UTF-8"?>
<testsuite name="com.example.order.adapter.in.web.handler.OrderQueryWebHandlerTest" tests="8" skipped="0" failures="0" errors="0" timestamp="2026-02-05T15:02:23" hostname="MacBook-Pro-3.local" time="0.072">
  <properties/>
  <testcase name="shouldReturn404ForNonExistentOrderSummary()" classname="com.example.order.adapter.in.web.handler.OrderQueryWebHandlerTest" time="0.007"/>
  <testcase name="shouldListOrders()" classname="com.example.order.adapter.in.web.handler.OrderQueryWebHandlerTest" time="0.02"/>
  <testcase name="shouldGetOrdersByCustomer()" classname="com.example.order.adapter.in.web.handler.OrderQueryWebHandlerTest" time="0.014"/>
  <testcase name="shouldGetOrderSummary()" classname="com.example.order.adapter.in.web.handler.OrderQueryWebHandlerTest" time="0.009"/>
  <testcase name="shouldReturn404WhenOrderNotFound()" classname="com.example.order.adapter.in.web.handler.OrderQueryWebHandlerTest" time="0.003"/>
  <testcase name="shouldGetOrderById()" classname="com.example.order.adapter.in.web.handler.OrderQueryWebHandlerTest" time="0.004"/>
  <testcase name="shouldGetOrdersByStatus()" classname="com.example.order.adapter.in.web.handler.OrderQueryWebHandlerTest" time="0.003"/>
  <testcase name="shouldGetCustomerStats()" classname="com.example.order.adapter.in.web.handler.OrderQueryWebHandlerTest" time="0.009"/>
  <system-out><![CDATA[2026-02-06T00:02:22.791+09:00  INFO 58699 --- [order-service] [    Test worker] t.c.s.AnnotationConfigContextLoaderUtils : Could not detect default configuration classes for test class [com.example.order.adapter.in.web.handler.OrderQueryWebHandlerTest]: OrderQueryWebHandlerTest does not declare any static, non-private, non-final, nested classes annotated with @Configuration.
2026-02-06T00:02:22.792+09:00  INFO 58699 --- [order-service] [    Test worker] .b.t.c.SpringBootTestContextBootstrapper : Found @SpringBootConfiguration com.example.order.OrderApplication for test class com.example.order.adapter.in.web.handler.OrderQueryWebHandlerTest

  .   ____          _            __ _ _
 /\\ / ___'_ __ _ _(_)_ __  __ _ \ \ \ \
( ( )\___ | '_ | '_| | '_ \/ _` | \ \ \ \
 \\/  ___)| |_)| | | | | || (_| |  ) ) ) )
  '  |____| .__|_| |_|_| |_\__, | / / / /
 =========|_|==============|___/=/_/_/_/
 :: Spring Boot ::                (v3.2.0)

2026-02-06T00:02:22.804+09:00  INFO 58699 --- [order-service] [    Test worker] c.e.o.a.i.w.h.OrderQueryWebHandlerTest   : Starting OrderQueryWebHandlerTest using Java 21.0.2 with PID 58699 (started by itbuddy in /Users/itbuddy/github/webflux-r2dbc-cqrs-ddd)
2026-02-06T00:02:22.804+09:00  INFO 58699 --- [order-service] [    Test worker] c.e.o.a.i.w.h.OrderQueryWebHandlerTest   : No active profile set, falling back to 1 default profile: "default"
2026-02-06T00:02:22.866+09:00  INFO 58699 --- [order-service] [    Test worker] .s.d.r.c.RepositoryConfigurationDelegate : Bootstrapping Spring Data R2DBC repositories in DEFAULT mode.
2026-02-06T00:02:22.868+09:00  INFO 58699 --- [order-service] [    Test worker] .s.d.r.c.RepositoryConfigurationDelegate : Finished Spring Data repository scanning in 1 ms. Found 0 R2DBC repository interfaces.
2026-02-06T00:02:22.893+09:00  INFO 58699 --- [order-service] [    Test worker] .s.d.r.c.RepositoryConfigurationDelegate : Bootstrapping Spring Data R2DBC repositories in DEFAULT mode.
2026-02-06T00:02:22.896+09:00  INFO 58699 --- [order-service] [    Test worker] .s.d.r.c.RepositoryConfigurationDelegate : Finished Spring Data repository scanning in 2 ms. Found 0 R2DBC repository interfaces.
2026-02-06T00:02:23.015+09:00  INFO 58699 --- [order-service] [    Test worker] o.s.b.a.e.web.EndpointLinksResolver      : Exposing 2 endpoint(s) beneath base path '/actuator'
2026-02-06T00:02:23.044+09:00 DEBUG 58699 --- [order-service] [       single-1] io.r2dbc.h2.client.SessionClient         : Request:  CALL H2VERSION()
2026-02-06T00:02:23.044+09:00 DEBUG 58699 --- [order-service] [       single-1] io.r2dbc.h2.client.SessionClient         : Response: org.h2.result.LocalResult@1c0f956d columns: 1 rows: 1 pos: -1
2026-02-06T00:02:23.044+09:00 DEBUG 58699 --- [order-service] [       single-1] io.r2dbc.h2.client.SessionClient         : Request:  SELECT CURRENT_TIMESTAMP
2026-02-06T00:02:23.044+09:00 DEBUG 58699 --- [order-service] [       single-1] io.r2dbc.h2.client.SessionClient         : Response: org.h2.result.LocalResult@5702d2ee columns: 1 rows: 1 pos: -1
2026-02-06T00:02:23.044+09:00 DEBUG 58699 --- [order-service] [       single-1] io.r2dbc.h2.client.SessionClient         : Request:  CALL H2VERSION()
2026-02-06T00:02:23.044+09:00 DEBUG 58699 --- [order-service] [       single-1] io.r2dbc.h2.client.SessionClient         : Response: org.h2.result.LocalResult@74ec6bb1 columns: 1 rows: 1 pos: -1
2026-02-06T00:02:23.045+09:00 DEBUG 58699 --- [order-service] [       single-1] io.r2dbc.h2.client.SessionClient         : Request:  CALL H2VERSION()
2026-02-06T00:02:23.045+09:00 DEBUG 58699 --- [order-service] [       Thread-7] io.r2dbc.h2.client.SessionClient         : Request:  DROP TABLE IF EXISTS order_items
2026-02-06T00:02:23.045+09:00 DEBUG 58699 --- [order-service] [       single-1] io.r2dbc.h2.client.SessionClient         : Response: org.h2.result.LocalResult@14a82cbc columns: 1 rows: 1 pos: -1
2026-02-06T00:02:23.045+09:00 DEBUG 58699 --- [order-service] [       Thread-7] io.r2dbc.h2.client.SessionClient         : Request:  DROP TABLE IF EXISTS outbox
2026-02-06T00:02:23.045+09:00 DEBUG 58699 --- [order-service] [       single-1] io.r2dbc.h2.client.SessionClient         : Request:  CALL H2VERSION()
2026-02-06T00:02:23.045+09:00 DEBUG 58699 --- [order-service] [       single-1] io.r2dbc.h2.client.SessionClient         : Response: org.h2.result.LocalResult@41678e76 columns: 1 rows: 1 pos: -1
2026-02-06T00:02:23.045+09:00 DEBUG 58699 --- [order-service] [       Thread-7] io.r2dbc.h2.client.SessionClient         : Request:  DROP TABLE IF EXISTS orders
2026-02-06T00:02:23.045+09:00 DEBUG 58699 --- [order-service] [       single-1] io.r2dbc.h2.client.SessionClient         : Request:  CALL H2VERSION()
2026-02-06T00:02:23.046+09:00 DEBUG 58699 --- [order-service] [       single-1] io.r2dbc.h2.client.SessionClient         : Response: org.h2.result.LocalResult@33b116 columns: 1 rows: 1 pos: -1
2026-02-06T00:02:23.046+09:00 DEBUG 58699 --- [order-service] [       Thread-7] io.r2dbc.h2.client.SessionClient         : Request:  DROP TABLE IF EXISTS users
2026-02-06T00:02:23.046+09:00 DEBUG 58699 --- [order-service] [       single-1] io.r2dbc.h2.client.SessionClient         : Request:  CALL H2VERSION()
2026-02-06T00:02:23.046+09:00 DEBUG 58699 --- [order-service] [       single-1] io.r2dbc.h2.client.SessionClient         : Response: org.h2.result.LocalResult@1715f342 columns: 1 rows: 1 pos: -1
2026-02-06T00:02:23.046+09:00 DEBUG 58699 --- [order-service] [       single-1] io.r2dbc.h2.client.SessionClient         : Request:  CALL H2VERSION()
2026-02-06T00:02:23.046+09:00 DEBUG 58699 --- [order-service] [       single-1] io.r2dbc.h2.client.SessionClient         : Response: org.h2.result.LocalResult@428df0d0 columns: 1 rows: 1 pos: -1
2026-02-06T00:02:23.046+09:00 DEBUG 58699 --- [order-service] [       Thread-7] io.r2dbc.h2.client.SessionClient         : Request:  CREATE TABLE users ( id VARCHAR(36) PRIMARY KEY, name VARCHAR(255) NOT NULL, email VARCHAR(255) UNIQUE NOT NULL, password VARCHAR(255) NOT NULL, created_at TIMESTAMP NOT NULL DEFAULT CURRENT_TIMESTAMP, updated_at TIMESTAMP NOT NULL DEFAULT CURRENT_TIMESTAMP )
2026-02-06T00:02:23.046+09:00 DEBUG 58699 --- [order-service] [       single-1] io.r2dbc.h2.client.SessionClient         : Request:  CALL H2VERSION()
2026-02-06T00:02:23.046+09:00 DEBUG 58699 --- [order-service] [       single-1] io.r2dbc.h2.client.SessionClient         : Response: org.h2.result.LocalResult@3fe4d2c9 columns: 1 rows: 1 pos: -1
2026-02-06T00:02:23.046+09:00 DEBUG 58699 --- [order-service] [       single-1] io.r2dbc.h2.client.SessionClient         : Request:  CALL H2VERSION()
2026-02-06T00:02:23.046+09:00 DEBUG 58699 --- [order-service] [       single-1] io.r2dbc.h2.client.SessionClient         : Response: org.h2.result.LocalResult@22426f22 columns: 1 rows: 1 pos: -1
2026-02-06T00:02:23.046+09:00 DEBUG 58699 --- [order-service] [       Thread-7] io.r2dbc.h2.client.SessionClient         : Request:  CREATE TABLE orders ( id VARCHAR(36) PRIMARY KEY, customer_id VARCHAR(255) NOT NULL, customer_email VARCHAR(255) NOT NULL, status VARCHAR(20) NOT NULL, total_amount DECIMAL(19, 2) NOT NULL, currency VARCHAR(3) NOT NULL DEFAULT 'USD', discount_amount DECIMAL(19, 2), created_at TIMESTAMP NOT NULL DEFAULT CURRENT_TIMESTAMP, updated_at TIMESTAMP NOT NULL DEFAULT CURRENT_TIMESTAMP )
2026-02-06T00:02:23.047+09:00 DEBUG 58699 --- [order-service] [       single-1] io.r2dbc.h2.client.SessionClient         : Request:  CALL H2VERSION()
2026-02-06T00:02:23.047+09:00 DEBUG 58699 --- [order-service] [       single-1] io.r2dbc.h2.client.SessionClient         : Response: org.h2.result.LocalResult@1a7507cb columns: 1 rows: 1 pos: -1
2026-02-06T00:02:23.047+09:00 DEBUG 58699 --- [order-service] [       Thread-7] io.r2dbc.h2.client.SessionClient         : Request:  CREATE TABLE order_items ( id BIGINT AUTO_INCREMENT PRIMARY KEY, order_id VARCHAR(36) NOT NULL, product_id VARCHAR(255) NOT NULL, product_name VARCHAR(255) NOT NULL, quantity INT NOT NULL, unit_price DECIMAL(19, 2) NOT NULL, currency VARCHAR(3) NOT NULL DEFAULT 'USD', FOREIGN KEY (order_id) REFERENCES orders(id) ON DELETE CASCADE )
2026-02-06T00:02:23.048+09:00 DEBUG 58699 --- [order-service] [       Thread-7] io.r2dbc.h2.client.SessionClient         : Request:  CREATE TABLE outbox ( id BIGINT AUTO_INCREMENT PRIMARY KEY, aggregate_type VARCHAR(255) NOT NULL, aggregate_id VARCHAR(255) NOT NULL, event_type VARCHAR(255) NOT NULL, payload CLOB NOT NULL, created_at TIMESTAMP NOT NULL DEFAULT CURRENT_TIMESTAMP, processed BOOLEAN NOT NULL DEFAULT FALSE )
2026-02-06T00:02:23.048+09:00 DEBUG 58699 --- [order-service] [       Thread-7] io.r2dbc.h2.client.SessionClient         : Request:  CREATE INDEX idx_orders_customer_id ON orders(customer_id)
2026-02-06T00:02:23.048+09:00 DEBUG 58699 --- [order-service] [       Thread-7] io.r2dbc.h2.client.SessionClient         : Request:  CREATE INDEX idx_orders_status ON orders(status)
2026-02-06T00:02:23.048+09:00 DEBUG 58699 --- [order-service] [       Thread-7] io.r2dbc.h2.client.SessionClient         : Request:  CREATE INDEX idx_orders_created_at ON orders(created_at)
2026-02-06T00:02:23.049+09:00 DEBUG 58699 --- [order-service] [       Thread-7] io.r2dbc.h2.client.SessionClient         : Request:  CREATE INDEX idx_order_items_order_id ON order_items(order_id)
2026-02-06T00:02:23.049+09:00 DEBUG 58699 --- [order-service] [       Thread-7] io.r2dbc.h2.client.SessionClient         : Request:  CREATE INDEX idx_order_items_product_id ON order_items(product_id)
2026-02-06T00:02:23.049+09:00 DEBUG 58699 --- [order-service] [       Thread-7] io.r2dbc.h2.client.SessionClient         : Request:  CREATE INDEX idx_outbox_processed ON outbox(processed)
2026-02-06T00:02:23.049+09:00 DEBUG 58699 --- [order-service] [       Thread-7] io.r2dbc.h2.client.SessionClient         : Request:  CREATE INDEX idx_outbox_created_at ON outbox(created_at)
2026-02-06T00:02:23.049+09:00 DEBUG 58699 --- [order-service] [       Thread-7] io.r2dbc.h2.client.SessionClient         : Request:  SELECT CURRENT_TIMESTAMP
2026-02-06T00:02:23.049+09:00 DEBUG 58699 --- [order-service] [       Thread-7] io.r2dbc.h2.client.SessionClient         : Response: org.h2.result.LocalResult@4e255b95 columns: 1 rows: 1 pos: -1
2026-02-06T00:02:23.061+09:00  INFO 58699 --- [order-service] [    Test worker] c.e.o.a.i.w.h.OrderQueryWebHandlerTest   : Started OrderQueryWebHandlerTest in 0.267 seconds (process running for 5.455)
2026-02-06T00:02:23.061+09:00 DEBUG 58699 --- [order-service] [   scheduling-1] io.r2dbc.h2.client.SessionClient         : Request:  SELECT CURRENT_TIMESTAMP
2026-02-06T00:02:23.062+09:00 DEBUG 58699 --- [order-service] [   scheduling-1] io.r2dbc.h2.client.SessionClient         : Response: org.h2.result.LocalResult@d4a5692 columns: 1 rows: 1 pos: -1
2026-02-06T00:02:23.063+09:00 DEBUG 58699 --- [order-service] [   scheduling-1] io.r2dbc.h2.client.SessionClient         : Request:  SELECT outbox.* FROM outbox WHERE outbox.processed = $1 ORDER BY outbox.created_at ASC {1: FALSE}
2026-02-06T00:02:23.064+09:00 DEBUG 58699 --- [order-service] [   scheduling-1] io.r2dbc.h2.client.SessionClient         : Response: org.h2.result.LocalResult@3fc65132 columns: 7 rows: 0 pos: -1
2026-02-06T00:02:23.065+09:00 DEBUG 58699 --- [order-service] [   scheduling-1] io.r2dbc.h2.client.SessionClient         : Request:  SELECT CURRENT_TIMESTAMP
2026-02-06T00:02:23.065+09:00 DEBUG 58699 --- [order-service] [   scheduling-1] io.r2dbc.h2.client.SessionClient         : Response: org.h2.result.LocalResult@6ead4545 columns: 1 rows: 1 pos: -1
]]></system-out>
  <system-err><![CDATA[]]></system-err>
</testsuite>
