<?xml version="1.0" encoding="UTF-8"?>
<testsuite name="com.example.order.domain.order.entity.OrderTest" tests="19" skipped="0" failures="0" errors="0" timestamp="2026-02-05T00:42:49" hostname="itbuddy-server" time="0.039">
  <properties/>
  <testcase name="shouldThrowExceptionWhenCreatingOrderWithNullItems()" classname="com.example.order.domain.order.entity.OrderTest" time="0.002"/>
  <testcase name="shouldThrowExceptionWhenApplyingDiscountToNonPendingOrder()" classname="com.example.order.domain.order.entity.OrderTest" time="0.003"/>
  <testcase name="shouldCancelConfirmedOrder()" classname="com.example.order.domain.order.entity.OrderTest" time="0.001"/>
  <testcase name="shouldReturnFinalAmountAsTotalWhenNoDiscount()" classname="com.example.order.domain.order.entity.OrderTest" time="0.0"/>
  <testcase name="shouldDeliverShippedOrder()" classname="com.example.order.domain.order.entity.OrderTest" time="0.0"/>
  <testcase name="shouldThrowExceptionWhenConfirmingNonPendingOrder()" classname="com.example.order.domain.order.entity.OrderTest" time="0.001"/>
  <testcase name="shouldConfirmPendingOrder()" classname="com.example.order.domain.order.entity.OrderTest" time="0.0"/>
  <testcase name="shouldShipPaidOrder()" classname="com.example.order.domain.order.entity.OrderTest" time="0.0"/>
  <testcase name="shouldCancelPendingOrder()" classname="com.example.order.domain.order.entity.OrderTest" time="0.0"/>
  <testcase name="shouldCalculateItemCount()" classname="com.example.order.domain.order.entity.OrderTest" time="0.002"/>
  <testcase name="shouldApplyDiscountToPendingOrder()" classname="com.example.order.domain.order.entity.OrderTest" time="0.001"/>
  <testcase name="shouldThrowExceptionWhenApplyingInvalidDiscount()" classname="com.example.order.domain.order.entity.OrderTest" time="0.003"/>
  <testcase name="shouldPayConfirmedOrder()" classname="com.example.order.domain.order.entity.OrderTest" time="0.001"/>
  <testcase name="shouldThrowExceptionWhenCancellingShippedOrder()" classname="com.example.order.domain.order.entity.OrderTest" time="0.001"/>
  <testcase name="shouldThrowExceptionWhenPayingNonConfirmedOrder()" classname="com.example.order.domain.order.entity.OrderTest" time="0.003"/>
  <testcase name="shouldReturnUnmodifiableItemsList()" classname="com.example.order.domain.order.entity.OrderTest" time="0.001"/>
  <testcase name="shouldThrowExceptionWhenCreatingOrderWithoutItems()" classname="com.example.order.domain.order.entity.OrderTest" time="0.003"/>
  <testcase name="shouldThrowExceptionWhenCancellingDeliveredOrder()" classname="com.example.order.domain.order.entity.OrderTest" time="0.004"/>
  <testcase name="shouldCreateOrderWithItems()" classname="com.example.order.domain.order.entity.OrderTest" time="0.0"/>
  <system-out><![CDATA[2026-02-05T09:42:49.065+09:00 DEBUG 237270 --- [order-service] [   scheduling-1] io.r2dbc.h2.client.SessionClient         : Response: org.h2.result.LocalResult@355cfc8f columns: 1 rows: 1 pos: -1
2026-02-05T09:42:49.066+09:00 DEBUG 237270 --- [order-service] [   scheduling-1] io.r2dbc.h2.client.SessionClient         : Request:  UPDATE outbox SET processed = $1 WHERE outbox.ID = $2 {1: TRUE, 2: CAST(46 AS BIGINT)}
2026-02-05T09:42:49.066+09:00 DEBUG 237270 --- [order-service] [   scheduling-1] io.r2dbc.h2.client.SessionClient         : Request:  SELECT CURRENT_TIMESTAMP
2026-02-05T09:42:49.067+09:00 DEBUG 237270 --- [order-service] [   scheduling-1] io.r2dbc.h2.client.SessionClient         : Response: org.h2.result.LocalResult@2eaedc94 columns: 1 rows: 1 pos: -1
2026-02-05T09:42:49.067+09:00 DEBUG 237270 --- [order-service] [   scheduling-1] io.r2dbc.h2.client.SessionClient         : Request:  SELECT CURRENT_TIMESTAMP
2026-02-05T09:42:49.067+09:00 DEBUG 237270 --- [order-service] [   scheduling-1] io.r2dbc.h2.client.SessionClient         : Response: org.h2.result.LocalResult@5b8570f2 columns: 1 rows: 1 pos: -1
2026-02-05T09:42:49.067+09:00 DEBUG 237270 --- [order-service] [   scheduling-1] io.r2dbc.h2.client.SessionClient         : Request:  UPDATE outbox SET processed = $1 WHERE outbox.ID = $2 {1: TRUE, 2: CAST(47 AS BIGINT)}
2026-02-05T09:42:49.068+09:00 DEBUG 237270 --- [order-service] [   scheduling-1] io.r2dbc.h2.client.SessionClient         : Request:  SELECT CURRENT_TIMESTAMP
2026-02-05T09:42:49.069+09:00 DEBUG 237270 --- [order-service] [   scheduling-1] io.r2dbc.h2.client.SessionClient         : Response: org.h2.result.LocalResult@37a7210 columns: 1 rows: 1 pos: -1
2026-02-05T09:42:49.069+09:00 DEBUG 237270 --- [order-service] [   scheduling-1] io.r2dbc.h2.client.SessionClient         : Request:  SELECT CURRENT_TIMESTAMP
2026-02-05T09:42:49.070+09:00 DEBUG 237270 --- [order-service] [   scheduling-1] io.r2dbc.h2.client.SessionClient         : Response: org.h2.result.LocalResult@7a7255 columns: 1 rows: 1 pos: -1
2026-02-05T09:42:49.070+09:00 DEBUG 237270 --- [order-service] [   scheduling-1] io.r2dbc.h2.client.SessionClient         : Request:  UPDATE outbox SET processed = $1 WHERE outbox.ID = $2 {1: TRUE, 2: CAST(48 AS BIGINT)}
2026-02-05T09:42:49.070+09:00 DEBUG 237270 --- [order-service] [   scheduling-1] io.r2dbc.h2.client.SessionClient         : Request:  SELECT CURRENT_TIMESTAMP
2026-02-05T09:42:49.071+09:00 DEBUG 237270 --- [order-service] [   scheduling-1] io.r2dbc.h2.client.SessionClient         : Response: org.h2.result.LocalResult@49cd1a74 columns: 1 rows: 1 pos: -1
2026-02-05T09:42:49.071+09:00 DEBUG 237270 --- [order-service] [   scheduling-1] io.r2dbc.h2.client.SessionClient         : Request:  SELECT CURRENT_TIMESTAMP
2026-02-05T09:42:49.071+09:00 DEBUG 237270 --- [order-service] [   scheduling-1] io.r2dbc.h2.client.SessionClient         : Response: org.h2.result.LocalResult@2e387a8a columns: 1 rows: 1 pos: -1
2026-02-05T09:42:49.071+09:00 DEBUG 237270 --- [order-service] [   scheduling-1] io.r2dbc.h2.client.SessionClient         : Request:  UPDATE outbox SET processed = $1 WHERE outbox.ID = $2 {1: TRUE, 2: CAST(49 AS BIGINT)}
2026-02-05T09:42:49.072+09:00 DEBUG 237270 --- [order-service] [   scheduling-1] io.r2dbc.h2.client.SessionClient         : Request:  SELECT CURRENT_TIMESTAMP
2026-02-05T09:42:49.072+09:00 DEBUG 237270 --- [order-service] [   scheduling-1] io.r2dbc.h2.client.SessionClient         : Response: org.h2.result.LocalResult@2e5cf196 columns: 1 rows: 1 pos: -1
2026-02-05T09:42:49.073+09:00 DEBUG 237270 --- [order-service] [   scheduling-1] io.r2dbc.h2.client.SessionClient         : Request:  SELECT CURRENT_TIMESTAMP
2026-02-05T09:42:49.073+09:00 DEBUG 237270 --- [order-service] [   scheduling-1] io.r2dbc.h2.client.SessionClient         : Response: org.h2.result.LocalResult@24846a17 columns: 1 rows: 1 pos: -1
2026-02-05T09:42:49.074+09:00 DEBUG 237270 --- [order-service] [   scheduling-1] io.r2dbc.h2.client.SessionClient         : Request:  UPDATE outbox SET processed = $1 WHERE outbox.ID = $2 {1: TRUE, 2: CAST(50 AS BIGINT)}
2026-02-05T09:42:49.075+09:00 DEBUG 237270 --- [order-service] [   scheduling-1] io.r2dbc.h2.client.SessionClient         : Request:  SELECT CURRENT_TIMESTAMP
2026-02-05T09:42:49.075+09:00 DEBUG 237270 --- [order-service] [   scheduling-1] io.r2dbc.h2.client.SessionClient         : Response: org.h2.result.LocalResult@78ce4b2a columns: 1 rows: 1 pos: -1
2026-02-05T09:42:49.075+09:00 DEBUG 237270 --- [order-service] [   scheduling-1] io.r2dbc.h2.client.SessionClient         : Request:  SELECT CURRENT_TIMESTAMP
2026-02-05T09:42:49.075+09:00 DEBUG 237270 --- [order-service] [   scheduling-1] io.r2dbc.h2.client.SessionClient         : Response: org.h2.result.LocalResult@1bd0f5fc columns: 1 rows: 1 pos: -1
2026-02-05T09:42:49.075+09:00 DEBUG 237270 --- [order-service] [   scheduling-1] io.r2dbc.h2.client.SessionClient         : Request:  UPDATE outbox SET processed = $1 WHERE outbox.ID = $2 {1: TRUE, 2: CAST(51 AS BIGINT)}
2026-02-05T09:42:49.077+09:00 DEBUG 237270 --- [order-service] [   scheduling-1] io.r2dbc.h2.client.SessionClient         : Request:  SELECT CURRENT_TIMESTAMP
2026-02-05T09:42:49.077+09:00 DEBUG 237270 --- [order-service] [   scheduling-1] io.r2dbc.h2.client.SessionClient         : Response: org.h2.result.LocalResult@1e73bd99 columns: 1 rows: 1 pos: -1
2026-02-05T09:42:49.078+09:00 DEBUG 237270 --- [order-service] [   scheduling-1] io.r2dbc.h2.client.SessionClient         : Request:  SELECT CURRENT_TIMESTAMP
2026-02-05T09:42:49.078+09:00 DEBUG 237270 --- [order-service] [   scheduling-1] io.r2dbc.h2.client.SessionClient         : Response: org.h2.result.LocalResult@195e911 columns: 1 rows: 1 pos: -1
2026-02-05T09:42:49.078+09:00 DEBUG 237270 --- [order-service] [   scheduling-1] io.r2dbc.h2.client.SessionClient         : Request:  UPDATE outbox SET processed = $1 WHERE outbox.ID = $2 {1: TRUE, 2: CAST(52 AS BIGINT)}
2026-02-05T09:42:49.079+09:00 DEBUG 237270 --- [order-service] [   scheduling-1] io.r2dbc.h2.client.SessionClient         : Request:  SELECT CURRENT_TIMESTAMP
2026-02-05T09:42:49.079+09:00 DEBUG 237270 --- [order-service] [   scheduling-1] io.r2dbc.h2.client.SessionClient         : Response: org.h2.result.LocalResult@671b63e1 columns: 1 rows: 1 pos: -1
2026-02-05T09:42:49.079+09:00 DEBUG 237270 --- [order-service] [   scheduling-1] io.r2dbc.h2.client.SessionClient         : Request:  SELECT CURRENT_TIMESTAMP
2026-02-05T09:42:49.080+09:00 DEBUG 237270 --- [order-service] [   scheduling-1] io.r2dbc.h2.client.SessionClient         : Response: org.h2.result.LocalResult@60358ecc columns: 1 rows: 1 pos: -1
2026-02-05T09:42:49.080+09:00 DEBUG 237270 --- [order-service] [   scheduling-1] io.r2dbc.h2.client.SessionClient         : Request:  UPDATE outbox SET processed = $1 WHERE outbox.ID = $2 {1: TRUE, 2: CAST(53 AS BIGINT)}
2026-02-05T09:42:49.081+09:00 DEBUG 237270 --- [order-service] [   scheduling-1] io.r2dbc.h2.client.SessionClient         : Request:  SELECT CURRENT_TIMESTAMP
2026-02-05T09:42:49.082+09:00 DEBUG 237270 --- [order-service] [   scheduling-1] io.r2dbc.h2.client.SessionClient         : Response: org.h2.result.LocalResult@47e2ca8 columns: 1 rows: 1 pos: -1
2026-02-05T09:42:49.082+09:00 DEBUG 237270 --- [order-service] [   scheduling-1] io.r2dbc.h2.client.SessionClient         : Request:  SELECT CURRENT_TIMESTAMP
2026-02-05T09:42:49.082+09:00 DEBUG 237270 --- [order-service] [   scheduling-1] io.r2dbc.h2.client.SessionClient         : Response: org.h2.result.LocalResult@37130809 columns: 1 rows: 1 pos: -1
2026-02-05T09:42:49.082+09:00 DEBUG 237270 --- [order-service] [   scheduling-1] io.r2dbc.h2.client.SessionClient         : Request:  UPDATE outbox SET processed = $1 WHERE outbox.ID = $2 {1: TRUE, 2: CAST(54 AS BIGINT)}
2026-02-05T09:42:49.083+09:00 DEBUG 237270 --- [order-service] [   scheduling-1] io.r2dbc.h2.client.SessionClient         : Request:  SELECT CURRENT_TIMESTAMP
2026-02-05T09:42:49.083+09:00 DEBUG 237270 --- [order-service] [   scheduling-1] io.r2dbc.h2.client.SessionClient         : Response: org.h2.result.LocalResult@48108d2e columns: 1 rows: 1 pos: -1
2026-02-05T09:42:49.083+09:00 DEBUG 237270 --- [order-service] [   scheduling-1] io.r2dbc.h2.client.SessionClient         : Request:  SELECT CURRENT_TIMESTAMP
2026-02-05T09:42:49.084+09:00 DEBUG 237270 --- [order-service] [   scheduling-1] io.r2dbc.h2.client.SessionClient         : Response: org.h2.result.LocalResult@79bca90f columns: 1 rows: 1 pos: -1
2026-02-05T09:42:49.084+09:00 DEBUG 237270 --- [order-service] [   scheduling-1] io.r2dbc.h2.client.SessionClient         : Request:  UPDATE outbox SET processed = $1 WHERE outbox.ID = $2 {1: TRUE, 2: CAST(55 AS BIGINT)}
2026-02-05T09:42:49.085+09:00 DEBUG 237270 --- [order-service] [   scheduling-1] io.r2dbc.h2.client.SessionClient         : Request:  SELECT CURRENT_TIMESTAMP
2026-02-05T09:42:49.085+09:00 DEBUG 237270 --- [order-service] [   scheduling-1] io.r2dbc.h2.client.SessionClient         : Response: org.h2.result.LocalResult@7f577587 columns: 1 rows: 1 pos: -1
2026-02-05T09:42:49.086+09:00 DEBUG 237270 --- [order-service] [   scheduling-1] io.r2dbc.h2.client.SessionClient         : Request:  SELECT CURRENT_TIMESTAMP
2026-02-05T09:42:49.086+09:00 DEBUG 237270 --- [order-service] [   scheduling-1] io.r2dbc.h2.client.SessionClient         : Response: org.h2.result.LocalResult@30a8def5 columns: 1 rows: 1 pos: -1
2026-02-05T09:42:49.087+09:00 DEBUG 237270 --- [order-service] [   scheduling-1] io.r2dbc.h2.client.SessionClient         : Request:  UPDATE outbox SET processed = $1 WHERE outbox.ID = $2 {1: TRUE, 2: CAST(56 AS BIGINT)}
2026-02-05T09:42:49.087+09:00 DEBUG 237270 --- [order-service] [   scheduling-1] io.r2dbc.h2.client.SessionClient         : Request:  SELECT CURRENT_TIMESTAMP
2026-02-05T09:42:49.088+09:00 DEBUG 237270 --- [order-service] [   scheduling-1] io.r2dbc.h2.client.SessionClient         : Response: org.h2.result.LocalResult@506880af columns: 1 rows: 1 pos: -1
2026-02-05T09:42:49.089+09:00 DEBUG 237270 --- [order-service] [   scheduling-1] io.r2dbc.h2.client.SessionClient         : Request:  SELECT CURRENT_TIMESTAMP
2026-02-05T09:42:49.089+09:00 DEBUG 237270 --- [order-service] [   scheduling-1] io.r2dbc.h2.client.SessionClient         : Response: org.h2.result.LocalResult@d5f7f0a columns: 1 rows: 1 pos: -1
2026-02-05T09:42:49.089+09:00 DEBUG 237270 --- [order-service] [   scheduling-1] io.r2dbc.h2.client.SessionClient         : Request:  UPDATE outbox SET processed = $1 WHERE outbox.ID = $2 {1: TRUE, 2: CAST(57 AS BIGINT)}
2026-02-05T09:42:49.090+09:00 DEBUG 237270 --- [order-service] [   scheduling-1] io.r2dbc.h2.client.SessionClient         : Request:  SELECT CURRENT_TIMESTAMP
2026-02-05T09:42:49.090+09:00 DEBUG 237270 --- [order-service] [   scheduling-1] io.r2dbc.h2.client.SessionClient         : Response: org.h2.result.LocalResult@347bc345 columns: 1 rows: 1 pos: -1
2026-02-05T09:42:49.091+09:00 DEBUG 237270 --- [order-service] [   scheduling-1] io.r2dbc.h2.client.SessionClient         : Request:  SELECT CURRENT_TIMESTAMP
2026-02-05T09:42:49.091+09:00 DEBUG 237270 --- [order-service] [   scheduling-1] io.r2dbc.h2.client.SessionClient         : Response: org.h2.result.LocalResult@bda0a58 columns: 1 rows: 1 pos: -1
2026-02-05T09:42:49.091+09:00 DEBUG 237270 --- [order-service] [   scheduling-1] io.r2dbc.h2.client.SessionClient         : Request:  UPDATE outbox SET processed = $1 WHERE outbox.ID = $2 {1: TRUE, 2: CAST(58 AS BIGINT)}
2026-02-05T09:42:49.092+09:00 DEBUG 237270 --- [order-service] [   scheduling-1] io.r2dbc.h2.client.SessionClient         : Request:  SELECT CURRENT_TIMESTAMP
2026-02-05T09:42:49.092+09:00 DEBUG 237270 --- [order-service] [   scheduling-1] io.r2dbc.h2.client.SessionClient         : Response: org.h2.result.LocalResult@53f1d672 columns: 1 rows: 1 pos: -1
2026-02-05T09:42:49.092+09:00 DEBUG 237270 --- [order-service] [   scheduling-1] io.r2dbc.h2.client.SessionClient         : Request:  SELECT CURRENT_TIMESTAMP
2026-02-05T09:42:49.092+09:00 DEBUG 237270 --- [order-service] [   scheduling-1] io.r2dbc.h2.client.SessionClient         : Response: org.h2.result.LocalResult@29e698f9 columns: 1 rows: 1 pos: -1
2026-02-05T09:42:49.093+09:00 DEBUG 237270 --- [order-service] [   scheduling-1] io.r2dbc.h2.client.SessionClient         : Request:  UPDATE outbox SET processed = $1 WHERE outbox.ID = $2 {1: TRUE, 2: CAST(59 AS BIGINT)}
2026-02-05T09:42:49.093+09:00 DEBUG 237270 --- [order-service] [   scheduling-1] io.r2dbc.h2.client.SessionClient         : Request:  SELECT CURRENT_TIMESTAMP
2026-02-05T09:42:49.093+09:00 DEBUG 237270 --- [order-service] [   scheduling-1] io.r2dbc.h2.client.SessionClient         : Response: org.h2.result.LocalResult@1f376784 columns: 1 rows: 1 pos: -1
2026-02-05T09:42:49.094+09:00 DEBUG 237270 --- [order-service] [   scheduling-1] io.r2dbc.h2.client.SessionClient         : Request:  SELECT CURRENT_TIMESTAMP
2026-02-05T09:42:49.094+09:00 DEBUG 237270 --- [order-service] [   scheduling-1] io.r2dbc.h2.client.SessionClient         : Response: org.h2.result.LocalResult@5e432535 columns: 1 rows: 1 pos: -1
2026-02-05T09:42:49.094+09:00 DEBUG 237270 --- [order-service] [   scheduling-1] io.r2dbc.h2.client.SessionClient         : Request:  UPDATE outbox SET processed = $1 WHERE outbox.ID = $2 {1: TRUE, 2: CAST(60 AS BIGINT)}
2026-02-05T09:42:49.095+09:00 DEBUG 237270 --- [order-service] [   scheduling-1] io.r2dbc.h2.client.SessionClient         : Request:  SELECT CURRENT_TIMESTAMP
2026-02-05T09:42:49.095+09:00 DEBUG 237270 --- [order-service] [   scheduling-1] io.r2dbc.h2.client.SessionClient         : Response: org.h2.result.LocalResult@7b9add6e columns: 1 rows: 1 pos: -1
2026-02-05T09:42:49.095+09:00 DEBUG 237270 --- [order-service] [   scheduling-1] io.r2dbc.h2.client.SessionClient         : Request:  SELECT CURRENT_TIMESTAMP
2026-02-05T09:42:49.095+09:00 DEBUG 237270 --- [order-service] [   scheduling-1] io.r2dbc.h2.client.SessionClient         : Response: org.h2.result.LocalResult@59671c5 columns: 1 rows: 1 pos: -1
2026-02-05T09:42:49.096+09:00 DEBUG 237270 --- [order-service] [   scheduling-1] io.r2dbc.h2.client.SessionClient         : Request:  UPDATE outbox SET processed = $1 WHERE outbox.ID = $2 {1: TRUE, 2: CAST(61 AS BIGINT)}
2026-02-05T09:42:49.096+09:00 DEBUG 237270 --- [order-service] [   scheduling-1] io.r2dbc.h2.client.SessionClient         : Request:  SELECT CURRENT_TIMESTAMP
2026-02-05T09:42:49.096+09:00 DEBUG 237270 --- [order-service] [   scheduling-1] io.r2dbc.h2.client.SessionClient         : Response: org.h2.result.LocalResult@5bde966d columns: 1 rows: 1 pos: -1
2026-02-05T09:42:49.097+09:00 DEBUG 237270 --- [order-service] [   scheduling-1] io.r2dbc.h2.client.SessionClient         : Request:  SELECT CURRENT_TIMESTAMP
2026-02-05T09:42:49.097+09:00 DEBUG 237270 --- [order-service] [   scheduling-1] io.r2dbc.h2.client.SessionClient         : Response: org.h2.result.LocalResult@7324c0df columns: 1 rows: 1 pos: -1
2026-02-05T09:42:49.097+09:00 DEBUG 237270 --- [order-service] [   scheduling-1] io.r2dbc.h2.client.SessionClient         : Request:  UPDATE outbox SET processed = $1 WHERE outbox.ID = $2 {1: TRUE, 2: CAST(62 AS BIGINT)}
2026-02-05T09:42:49.097+09:00 DEBUG 237270 --- [order-service] [   scheduling-1] io.r2dbc.h2.client.SessionClient         : Request:  SELECT CURRENT_TIMESTAMP
2026-02-05T09:42:49.098+09:00 DEBUG 237270 --- [order-service] [   scheduling-1] io.r2dbc.h2.client.SessionClient         : Response: org.h2.result.LocalResult@38234a9e columns: 1 rows: 1 pos: -1
2026-02-05T09:42:49.098+09:00 DEBUG 237270 --- [order-service] [   scheduling-1] io.r2dbc.h2.client.SessionClient         : Request:  SELECT CURRENT_TIMESTAMP
2026-02-05T09:42:49.098+09:00 DEBUG 237270 --- [order-service] [   scheduling-1] io.r2dbc.h2.client.SessionClient         : Response: org.h2.result.LocalResult@7c800e38 columns: 1 rows: 1 pos: -1
2026-02-05T09:42:49.098+09:00 DEBUG 237270 --- [order-service] [   scheduling-1] io.r2dbc.h2.client.SessionClient         : Request:  UPDATE outbox SET processed = $1 WHERE outbox.ID = $2 {1: TRUE, 2: CAST(63 AS BIGINT)}
2026-02-05T09:42:49.099+09:00 DEBUG 237270 --- [order-service] [   scheduling-1] io.r2dbc.h2.client.SessionClient         : Request:  SELECT CURRENT_TIMESTAMP
2026-02-05T09:42:49.099+09:00 DEBUG 237270 --- [order-service] [   scheduling-1] io.r2dbc.h2.client.SessionClient         : Response: org.h2.result.LocalResult@47f22d0a columns: 1 rows: 1 pos: -1
2026-02-05T09:42:49.099+09:00 DEBUG 237270 --- [order-service] [   scheduling-1] io.r2dbc.h2.client.SessionClient         : Request:  SELECT CURRENT_TIMESTAMP
2026-02-05T09:42:49.099+09:00 DEBUG 237270 --- [order-service] [   scheduling-1] io.r2dbc.h2.client.SessionClient         : Response: org.h2.result.LocalResult@2a9661b9 columns: 1 rows: 1 pos: -1
2026-02-05T09:42:49.100+09:00 DEBUG 237270 --- [order-service] [   scheduling-1] io.r2dbc.h2.client.SessionClient         : Request:  UPDATE outbox SET processed = $1 WHERE outbox.ID = $2 {1: TRUE, 2: CAST(64 AS BIGINT)}
2026-02-05T09:42:49.100+09:00 DEBUG 237270 --- [order-service] [   scheduling-1] io.r2dbc.h2.client.SessionClient         : Request:  SELECT CURRENT_TIMESTAMP
2026-02-05T09:42:49.100+09:00 DEBUG 237270 --- [order-service] [   scheduling-1] io.r2dbc.h2.client.SessionClient         : Response: org.h2.result.LocalResult@264372bb columns: 1 rows: 1 pos: -1
2026-02-05T09:42:49.101+09:00 DEBUG 237270 --- [order-service] [   scheduling-1] io.r2dbc.h2.client.SessionClient         : Request:  SELECT CURRENT_TIMESTAMP
2026-02-05T09:42:49.101+09:00 DEBUG 237270 --- [order-service] [   scheduling-1] io.r2dbc.h2.client.SessionClient         : Response: org.h2.result.LocalResult@3372da15 columns: 1 rows: 1 pos: -1
2026-02-05T09:42:49.101+09:00 DEBUG 237270 --- [order-service] [   scheduling-1] io.r2dbc.h2.client.SessionClient         : Request:  UPDATE outbox SET processed = $1 WHERE outbox.ID = $2 {1: TRUE, 2: CAST(65 AS BIGINT)}
2026-02-05T09:42:49.102+09:00 DEBUG 237270 --- [order-service] [   scheduling-1] io.r2dbc.h2.client.SessionClient         : Request:  SELECT CURRENT_TIMESTAMP
2026-02-05T09:42:49.102+09:00 DEBUG 237270 --- [order-service] [   scheduling-1] io.r2dbc.h2.client.SessionClient         : Response: org.h2.result.LocalResult@2440531 columns: 1 rows: 1 pos: -1
2026-02-05T09:42:49.102+09:00 DEBUG 237270 --- [order-service] [   scheduling-1] io.r2dbc.h2.client.SessionClient         : Request:  SELECT CURRENT_TIMESTAMP
2026-02-05T09:42:49.102+09:00 DEBUG 237270 --- [order-service] [   scheduling-1] io.r2dbc.h2.client.SessionClient         : Response: org.h2.result.LocalResult@a746f9e columns: 1 rows: 1 pos: -1
2026-02-05T09:42:49.102+09:00 DEBUG 237270 --- [order-service] [   scheduling-1] io.r2dbc.h2.client.SessionClient         : Request:  UPDATE outbox SET processed = $1 WHERE outbox.ID = $2 {1: TRUE, 2: CAST(66 AS BIGINT)}
2026-02-05T09:42:49.103+09:00 DEBUG 237270 --- [order-service] [   scheduling-1] io.r2dbc.h2.client.SessionClient         : Request:  SELECT CURRENT_TIMESTAMP
2026-02-05T09:42:49.103+09:00 DEBUG 237270 --- [order-service] [   scheduling-1] io.r2dbc.h2.client.SessionClient         : Response: org.h2.result.LocalResult@6ca68832 columns: 1 rows: 1 pos: -1
2026-02-05T09:42:49.103+09:00 DEBUG 237270 --- [order-service] [   scheduling-1] io.r2dbc.h2.client.SessionClient         : Request:  SELECT CURRENT_TIMESTAMP
2026-02-05T09:42:49.104+09:00 DEBUG 237270 --- [order-service] [   scheduling-1] io.r2dbc.h2.client.SessionClient         : Response: org.h2.result.LocalResult@77162874 columns: 1 rows: 1 pos: -1
2026-02-05T09:42:49.104+09:00 DEBUG 237270 --- [order-service] [   scheduling-1] io.r2dbc.h2.client.SessionClient         : Request:  UPDATE outbox SET processed = $1 WHERE outbox.ID = $2 {1: TRUE, 2: CAST(67 AS BIGINT)}
2026-02-05T09:42:49.105+09:00 DEBUG 237270 --- [order-service] [   scheduling-1] io.r2dbc.h2.client.SessionClient         : Request:  SELECT CURRENT_TIMESTAMP
2026-02-05T09:42:49.105+09:00 DEBUG 237270 --- [order-service] [   scheduling-1] io.r2dbc.h2.client.SessionClient         : Response: org.h2.result.LocalResult@2acf4d58 columns: 1 rows: 1 pos: -1
]]></system-out>
  <system-err><![CDATA[]]></system-err>
</testsuite>
