<?xml version="1.0" encoding="UTF-8"?>
<testsuite name="com.example.order.domain.model.OrderItemTest" tests="5" skipped="0" failures="0" errors="0" timestamp="2026-02-05T15:02:25" hostname="MacBook-Pro-3.local" time="0.001">
  <properties/>
  <testcase name="shouldCalculateSubtotalWithQuantityOne()" classname="com.example.order.domain.model.OrderItemTest" time="0.0"/>
  <testcase name="shouldCalculateSubtotal()" classname="com.example.order.domain.model.OrderItemTest" time="0.0"/>
  <testcase name="shouldCreateOrderItem()" classname="com.example.order.domain.model.OrderItemTest" time="0.001"/>
  <testcase name="shouldThrowExceptionWhenQuantityIsZero()" classname="com.example.order.domain.model.OrderItemTest" time="0.0"/>
  <testcase name="shouldThrowExceptionWhenQuantityIsNegative()" classname="com.example.order.domain.model.OrderItemTest" time="0.0"/>
  <system-out><![CDATA[]]></system-out>
  <system-err><![CDATA[]]></system-err>
</testsuite>
