<?xml version="1.0" encoding="UTF-8"?>
<testsuite name="com.example.order.domain.order.valueobject.MoneyTest" tests="15" skipped="0" failures="0" errors="0" timestamp="2026-02-05T00:42:49" hostname="itbuddy-server" time="0.073">
  <properties/>
  <testcase name="shouldMultiplyMoney()" classname="com.example.order.domain.order.valueobject.MoneyTest" time="0.001"/>
  <testcase name="shouldThrowExceptionWhenAmountIsNegative()" classname="com.example.order.domain.order.valueobject.MoneyTest" time="0.001"/>
  <testcase name="shouldApplyDiscount()" classname="com.example.order.domain.order.valueobject.MoneyTest" time="0.001"/>
  <testcase name="[1] amount1=100, currency1=USD, amount2=100, currency2=USD, expected=true" classname="com.example.order.domain.order.valueobject.MoneyTest" time="0.006"/>
  <testcase name="[2] amount1=100, currency1=USD, amount2=100, currency2=EUR, expected=false" classname="com.example.order.domain.order.valueobject.MoneyTest" time="0.003"/>
  <testcase name="[3] amount1=100, currency1=USD, amount2=200, currency2=USD, expected=false" classname="com.example.order.domain.order.valueobject.MoneyTest" time="0.0"/>
  <testcase name="shouldThrowExceptionWhenAmountIsNull()" classname="com.example.order.domain.order.valueobject.MoneyTest" time="0.001"/>
  <testcase name="shouldThrowExceptionWhenAddingDifferentCurrencies()" classname="com.example.order.domain.order.valueobject.MoneyTest" time="0.001"/>
  <testcase name="shouldCreateMoneyWithBigDecimal()" classname="com.example.order.domain.order.valueobject.MoneyTest" time="0.0"/>
  <testcase name="shouldReturnCorrectStringRepresentation()" classname="com.example.order.domain.order.valueobject.MoneyTest" time="0.001"/>
  <testcase name="shouldCreateMoneyWithDouble()" classname="com.example.order.domain.order.valueobject.MoneyTest" time="0.001"/>
  <testcase name="shouldAddMoneyWithSameCurrency()" classname="com.example.order.domain.order.valueobject.MoneyTest" time="0.0"/>
  <testcase name="shouldCreateZeroMoney()" classname="com.example.order.domain.order.valueobject.MoneyTest" time="0.001"/>
  <testcase name="shouldThrowExceptionWhenCurrencyIsNull()" classname="com.example.order.domain.order.valueobject.MoneyTest" time="0.001"/>
  <testcase name="shouldCompareMoney()" classname="com.example.order.domain.order.valueobject.MoneyTest" time="0.0"/>
  <system-out><![CDATA[2026-02-05T09:42:49.190+09:00 DEBUG 237270 --- [order-service] [   scheduling-1] io.r2dbc.h2.client.SessionClient         : Request:  UPDATE outbox SET processed = $1 WHERE outbox.ID = $2 {1: TRUE, 2: CAST(120 AS BIGINT)}
2026-02-05T09:42:49.190+09:00 DEBUG 237270 --- [order-service] [   scheduling-1] io.r2dbc.h2.client.SessionClient         : Request:  SELECT CURRENT_TIMESTAMP
2026-02-05T09:42:49.191+09:00 DEBUG 237270 --- [order-service] [   scheduling-1] io.r2dbc.h2.client.SessionClient         : Response: org.h2.result.LocalResult@3eecc203 columns: 1 rows: 1 pos: -1
2026-02-05T09:42:49.191+09:00 DEBUG 237270 --- [order-service] [   scheduling-1] io.r2dbc.h2.client.SessionClient         : Request:  SELECT CURRENT_TIMESTAMP
2026-02-05T09:42:49.191+09:00 DEBUG 237270 --- [order-service] [   scheduling-1] io.r2dbc.h2.client.SessionClient         : Response: org.h2.result.LocalResult@7ed383e2 columns: 1 rows: 1 pos: -1
2026-02-05T09:42:49.191+09:00 DEBUG 237270 --- [order-service] [   scheduling-1] io.r2dbc.h2.client.SessionClient         : Request:  UPDATE outbox SET processed = $1 WHERE outbox.ID = $2 {1: TRUE, 2: CAST(121 AS BIGINT)}
2026-02-05T09:42:49.192+09:00 DEBUG 237270 --- [order-service] [   scheduling-1] io.r2dbc.h2.client.SessionClient         : Request:  SELECT CURRENT_TIMESTAMP
2026-02-05T09:42:49.192+09:00 DEBUG 237270 --- [order-service] [   scheduling-1] io.r2dbc.h2.client.SessionClient         : Response: org.h2.result.LocalResult@77754d4b columns: 1 rows: 1 pos: -1
2026-02-05T09:42:49.192+09:00 DEBUG 237270 --- [order-service] [   scheduling-1] io.r2dbc.h2.client.SessionClient         : Request:  SELECT CURRENT_TIMESTAMP
2026-02-05T09:42:49.192+09:00 DEBUG 237270 --- [order-service] [   scheduling-1] io.r2dbc.h2.client.SessionClient         : Response: org.h2.result.LocalResult@1e827c27 columns: 1 rows: 1 pos: -1
2026-02-05T09:42:49.192+09:00 DEBUG 237270 --- [order-service] [   scheduling-1] io.r2dbc.h2.client.SessionClient         : Request:  UPDATE outbox SET processed = $1 WHERE outbox.ID = $2 {1: TRUE, 2: CAST(122 AS BIGINT)}
2026-02-05T09:42:49.193+09:00 DEBUG 237270 --- [order-service] [   scheduling-1] io.r2dbc.h2.client.SessionClient         : Request:  SELECT CURRENT_TIMESTAMP
2026-02-05T09:42:49.193+09:00 DEBUG 237270 --- [order-service] [   scheduling-1] io.r2dbc.h2.client.SessionClient         : Response: org.h2.result.LocalResult@6746ee3f columns: 1 rows: 1 pos: -1
2026-02-05T09:42:49.193+09:00 DEBUG 237270 --- [order-service] [   scheduling-1] io.r2dbc.h2.client.SessionClient         : Request:  SELECT CURRENT_TIMESTAMP
2026-02-05T09:42:49.193+09:00 DEBUG 237270 --- [order-service] [   scheduling-1] io.r2dbc.h2.client.SessionClient         : Response: org.h2.result.LocalResult@777f3491 columns: 1 rows: 1 pos: -1
2026-02-05T09:42:49.194+09:00 DEBUG 237270 --- [order-service] [   scheduling-1] io.r2dbc.h2.client.SessionClient         : Request:  UPDATE outbox SET processed = $1 WHERE outbox.ID = $2 {1: TRUE, 2: CAST(123 AS BIGINT)}
2026-02-05T09:42:49.194+09:00 DEBUG 237270 --- [order-service] [   scheduling-1] io.r2dbc.h2.client.SessionClient         : Request:  SELECT CURRENT_TIMESTAMP
2026-02-05T09:42:49.194+09:00 DEBUG 237270 --- [order-service] [   scheduling-1] io.r2dbc.h2.client.SessionClient         : Response: org.h2.result.LocalResult@3a9860c2 columns: 1 rows: 1 pos: -1
2026-02-05T09:42:49.195+09:00 DEBUG 237270 --- [order-service] [   scheduling-1] io.r2dbc.h2.client.SessionClient         : Request:  SELECT CURRENT_TIMESTAMP
2026-02-05T09:42:49.195+09:00 DEBUG 237270 --- [order-service] [   scheduling-1] io.r2dbc.h2.client.SessionClient         : Response: org.h2.result.LocalResult@464bf193 columns: 1 rows: 1 pos: -1
2026-02-05T09:42:49.195+09:00 DEBUG 237270 --- [order-service] [   scheduling-1] io.r2dbc.h2.client.SessionClient         : Request:  UPDATE outbox SET processed = $1 WHERE outbox.ID = $2 {1: TRUE, 2: CAST(124 AS BIGINT)}
2026-02-05T09:42:49.196+09:00 DEBUG 237270 --- [order-service] [   scheduling-1] io.r2dbc.h2.client.SessionClient         : Request:  SELECT CURRENT_TIMESTAMP
2026-02-05T09:42:49.196+09:00 DEBUG 237270 --- [order-service] [   scheduling-1] io.r2dbc.h2.client.SessionClient         : Response: org.h2.result.LocalResult@2f267bf8 columns: 1 rows: 1 pos: -1
2026-02-05T09:42:49.196+09:00 DEBUG 237270 --- [order-service] [   scheduling-1] io.r2dbc.h2.client.SessionClient         : Request:  SELECT CURRENT_TIMESTAMP
2026-02-05T09:42:49.196+09:00 DEBUG 237270 --- [order-service] [   scheduling-1] io.r2dbc.h2.client.SessionClient         : Response: org.h2.result.LocalResult@aa7d6d3 columns: 1 rows: 1 pos: -1
2026-02-05T09:42:49.196+09:00 DEBUG 237270 --- [order-service] [   scheduling-1] io.r2dbc.h2.client.SessionClient         : Request:  UPDATE outbox SET processed = $1 WHERE outbox.ID = $2 {1: TRUE, 2: CAST(125 AS BIGINT)}
2026-02-05T09:42:49.197+09:00 DEBUG 237270 --- [order-service] [   scheduling-1] io.r2dbc.h2.client.SessionClient         : Request:  SELECT CURRENT_TIMESTAMP
2026-02-05T09:42:49.197+09:00 DEBUG 237270 --- [order-service] [   scheduling-1] io.r2dbc.h2.client.SessionClient         : Response: org.h2.result.LocalResult@4c25ad41 columns: 1 rows: 1 pos: -1
2026-02-05T09:42:49.197+09:00 DEBUG 237270 --- [order-service] [   scheduling-1] io.r2dbc.h2.client.SessionClient         : Request:  SELECT CURRENT_TIMESTAMP
2026-02-05T09:42:49.197+09:00 DEBUG 237270 --- [order-service] [   scheduling-1] io.r2dbc.h2.client.SessionClient         : Response: org.h2.result.LocalResult@2073085e columns: 1 rows: 1 pos: -1
2026-02-05T09:42:49.198+09:00 DEBUG 237270 --- [order-service] [   scheduling-1] io.r2dbc.h2.client.SessionClient         : Request:  UPDATE outbox SET processed = $1 WHERE outbox.ID = $2 {1: TRUE, 2: CAST(126 AS BIGINT)}
2026-02-05T09:42:49.198+09:00 DEBUG 237270 --- [order-service] [   scheduling-1] io.r2dbc.h2.client.SessionClient         : Request:  SELECT CURRENT_TIMESTAMP
2026-02-05T09:42:49.198+09:00 DEBUG 237270 --- [order-service] [   scheduling-1] io.r2dbc.h2.client.SessionClient         : Response: org.h2.result.LocalResult@1662b572 columns: 1 rows: 1 pos: -1
2026-02-05T09:42:49.198+09:00 DEBUG 237270 --- [order-service] [   scheduling-1] io.r2dbc.h2.client.SessionClient         : Request:  SELECT CURRENT_TIMESTAMP
2026-02-05T09:42:49.199+09:00 DEBUG 237270 --- [order-service] [   scheduling-1] io.r2dbc.h2.client.SessionClient         : Response: org.h2.result.LocalResult@8b189cb columns: 1 rows: 1 pos: -1
2026-02-05T09:42:49.199+09:00 DEBUG 237270 --- [order-service] [   scheduling-1] io.r2dbc.h2.client.SessionClient         : Request:  UPDATE outbox SET processed = $1 WHERE outbox.ID = $2 {1: TRUE, 2: CAST(127 AS BIGINT)}
2026-02-05T09:42:49.199+09:00 DEBUG 237270 --- [order-service] [   scheduling-1] io.r2dbc.h2.client.SessionClient         : Request:  SELECT CURRENT_TIMESTAMP
2026-02-05T09:42:49.199+09:00 DEBUG 237270 --- [order-service] [   scheduling-1] io.r2dbc.h2.client.SessionClient         : Response: org.h2.result.LocalResult@1ea90970 columns: 1 rows: 1 pos: -1
2026-02-05T09:42:49.200+09:00 DEBUG 237270 --- [order-service] [   scheduling-1] io.r2dbc.h2.client.SessionClient         : Request:  SELECT CURRENT_TIMESTAMP
2026-02-05T09:42:49.200+09:00 DEBUG 237270 --- [order-service] [   scheduling-1] io.r2dbc.h2.client.SessionClient         : Response: org.h2.result.LocalResult@68ab24c9 columns: 1 rows: 1 pos: -1
2026-02-05T09:42:49.200+09:00 DEBUG 237270 --- [order-service] [   scheduling-1] io.r2dbc.h2.client.SessionClient         : Request:  UPDATE outbox SET processed = $1 WHERE outbox.ID = $2 {1: TRUE, 2: CAST(128 AS BIGINT)}
2026-02-05T09:42:49.205+09:00 DEBUG 237270 --- [order-service] [   scheduling-1] io.r2dbc.h2.client.SessionClient         : Request:  SELECT CURRENT_TIMESTAMP
2026-02-05T09:42:49.206+09:00 DEBUG 237270 --- [order-service] [   scheduling-1] io.r2dbc.h2.client.SessionClient         : Response: org.h2.result.LocalResult@3c4aa6cf columns: 1 rows: 1 pos: -1
2026-02-05T09:42:49.206+09:00 DEBUG 237270 --- [order-service] [   scheduling-1] io.r2dbc.h2.client.SessionClient         : Request:  SELECT CURRENT_TIMESTAMP
2026-02-05T09:42:49.206+09:00 DEBUG 237270 --- [order-service] [   scheduling-1] io.r2dbc.h2.client.SessionClient         : Response: org.h2.result.LocalResult@6170ffec columns: 1 rows: 1 pos: -1
2026-02-05T09:42:49.206+09:00 DEBUG 237270 --- [order-service] [   scheduling-1] io.r2dbc.h2.client.SessionClient         : Request:  UPDATE outbox SET processed = $1 WHERE outbox.ID = $2 {1: TRUE, 2: CAST(129 AS BIGINT)}
2026-02-05T09:42:49.207+09:00 DEBUG 237270 --- [order-service] [   scheduling-1] io.r2dbc.h2.client.SessionClient         : Request:  SELECT CURRENT_TIMESTAMP
2026-02-05T09:42:49.207+09:00 DEBUG 237270 --- [order-service] [   scheduling-1] io.r2dbc.h2.client.SessionClient         : Response: org.h2.result.LocalResult@1484bb00 columns: 1 rows: 1 pos: -1
2026-02-05T09:42:49.207+09:00 DEBUG 237270 --- [order-service] [   scheduling-1] io.r2dbc.h2.client.SessionClient         : Request:  SELECT CURRENT_TIMESTAMP
2026-02-05T09:42:49.207+09:00 DEBUG 237270 --- [order-service] [   scheduling-1] io.r2dbc.h2.client.SessionClient         : Response: org.h2.result.LocalResult@4233d72c columns: 1 rows: 1 pos: -1
2026-02-05T09:42:49.208+09:00 DEBUG 237270 --- [order-service] [   scheduling-1] io.r2dbc.h2.client.SessionClient         : Request:  UPDATE outbox SET processed = $1 WHERE outbox.ID = $2 {1: TRUE, 2: CAST(130 AS BIGINT)}
2026-02-05T09:42:49.208+09:00 DEBUG 237270 --- [order-service] [   scheduling-1] io.r2dbc.h2.client.SessionClient         : Request:  SELECT CURRENT_TIMESTAMP
2026-02-05T09:42:49.208+09:00 DEBUG 237270 --- [order-service] [   scheduling-1] io.r2dbc.h2.client.SessionClient         : Response: org.h2.result.LocalResult@68f0480 columns: 1 rows: 1 pos: -1
2026-02-05T09:42:49.209+09:00 DEBUG 237270 --- [order-service] [   scheduling-1] io.r2dbc.h2.client.SessionClient         : Request:  SELECT CURRENT_TIMESTAMP
2026-02-05T09:42:49.210+09:00 DEBUG 237270 --- [order-service] [   scheduling-1] io.r2dbc.h2.client.SessionClient         : Response: org.h2.result.LocalResult@286f80ea columns: 1 rows: 1 pos: -1
2026-02-05T09:42:49.210+09:00 DEBUG 237270 --- [order-service] [   scheduling-1] io.r2dbc.h2.client.SessionClient         : Request:  UPDATE outbox SET processed = $1 WHERE outbox.ID = $2 {1: TRUE, 2: CAST(131 AS BIGINT)}
2026-02-05T09:42:49.211+09:00 DEBUG 237270 --- [order-service] [   scheduling-1] io.r2dbc.h2.client.SessionClient         : Request:  SELECT CURRENT_TIMESTAMP
2026-02-05T09:42:49.211+09:00 DEBUG 237270 --- [order-service] [   scheduling-1] io.r2dbc.h2.client.SessionClient         : Response: org.h2.result.LocalResult@76d6ba79 columns: 1 rows: 1 pos: -1
2026-02-05T09:42:49.211+09:00 DEBUG 237270 --- [order-service] [   scheduling-1] io.r2dbc.h2.client.SessionClient         : Request:  SELECT CURRENT_TIMESTAMP
2026-02-05T09:42:49.211+09:00 DEBUG 237270 --- [order-service] [   scheduling-1] io.r2dbc.h2.client.SessionClient         : Response: org.h2.result.LocalResult@1bf53085 columns: 1 rows: 1 pos: -1
2026-02-05T09:42:49.211+09:00 DEBUG 237270 --- [order-service] [   scheduling-1] io.r2dbc.h2.client.SessionClient         : Request:  UPDATE outbox SET processed = $1 WHERE outbox.ID = $2 {1: TRUE, 2: CAST(132 AS BIGINT)}
2026-02-05T09:42:49.212+09:00 DEBUG 237270 --- [order-service] [   scheduling-1] io.r2dbc.h2.client.SessionClient         : Request:  SELECT CURRENT_TIMESTAMP
2026-02-05T09:42:49.212+09:00 DEBUG 237270 --- [order-service] [   scheduling-1] io.r2dbc.h2.client.SessionClient         : Response: org.h2.result.LocalResult@48079d09 columns: 1 rows: 1 pos: -1
2026-02-05T09:42:49.213+09:00 DEBUG 237270 --- [order-service] [   scheduling-1] io.r2dbc.h2.client.SessionClient         : Request:  SELECT CURRENT_TIMESTAMP
2026-02-05T09:42:49.213+09:00 DEBUG 237270 --- [order-service] [   scheduling-1] io.r2dbc.h2.client.SessionClient         : Response: org.h2.result.LocalResult@7904861b columns: 1 rows: 1 pos: -1
2026-02-05T09:42:49.213+09:00 DEBUG 237270 --- [order-service] [   scheduling-1] io.r2dbc.h2.client.SessionClient         : Request:  UPDATE outbox SET processed = $1 WHERE outbox.ID = $2 {1: TRUE, 2: CAST(133 AS BIGINT)}
2026-02-05T09:42:49.214+09:00 DEBUG 237270 --- [order-service] [   scheduling-1] io.r2dbc.h2.client.SessionClient         : Request:  SELECT CURRENT_TIMESTAMP
2026-02-05T09:42:49.214+09:00 DEBUG 237270 --- [order-service] [   scheduling-1] io.r2dbc.h2.client.SessionClient         : Response: org.h2.result.LocalResult@9019d05 columns: 1 rows: 1 pos: -1
2026-02-05T09:42:49.214+09:00 DEBUG 237270 --- [order-service] [   scheduling-1] io.r2dbc.h2.client.SessionClient         : Request:  SELECT CURRENT_TIMESTAMP
2026-02-05T09:42:49.214+09:00 DEBUG 237270 --- [order-service] [   scheduling-1] io.r2dbc.h2.client.SessionClient         : Response: org.h2.result.LocalResult@206c1f38 columns: 1 rows: 1 pos: -1
2026-02-05T09:42:49.215+09:00 DEBUG 237270 --- [order-service] [   scheduling-1] io.r2dbc.h2.client.SessionClient         : Request:  UPDATE outbox SET processed = $1 WHERE outbox.ID = $2 {1: TRUE, 2: CAST(134 AS BIGINT)}
2026-02-05T09:42:49.216+09:00 DEBUG 237270 --- [order-service] [   scheduling-1] io.r2dbc.h2.client.SessionClient         : Request:  SELECT CURRENT_TIMESTAMP
2026-02-05T09:42:49.217+09:00 DEBUG 237270 --- [order-service] [   scheduling-1] io.r2dbc.h2.client.SessionClient         : Response: org.h2.result.LocalResult@df17714 columns: 1 rows: 1 pos: -1
2026-02-05T09:42:49.217+09:00 DEBUG 237270 --- [order-service] [   scheduling-1] io.r2dbc.h2.client.SessionClient         : Request:  SELECT CURRENT_TIMESTAMP
2026-02-05T09:42:49.217+09:00 DEBUG 237270 --- [order-service] [   scheduling-1] io.r2dbc.h2.client.SessionClient         : Response: org.h2.result.LocalResult@1ba176ec columns: 1 rows: 1 pos: -1
2026-02-05T09:42:49.217+09:00 DEBUG 237270 --- [order-service] [   scheduling-1] io.r2dbc.h2.client.SessionClient         : Request:  UPDATE outbox SET processed = $1 WHERE outbox.ID = $2 {1: TRUE, 2: CAST(135 AS BIGINT)}
2026-02-05T09:42:49.218+09:00 DEBUG 237270 --- [order-service] [   scheduling-1] io.r2dbc.h2.client.SessionClient         : Request:  SELECT CURRENT_TIMESTAMP
2026-02-05T09:42:49.218+09:00 DEBUG 237270 --- [order-service] [   scheduling-1] io.r2dbc.h2.client.SessionClient         : Response: org.h2.result.LocalResult@7cc7aeaf columns: 1 rows: 1 pos: -1
2026-02-05T09:42:49.218+09:00 DEBUG 237270 --- [order-service] [   scheduling-1] io.r2dbc.h2.client.SessionClient         : Request:  SELECT CURRENT_TIMESTAMP
2026-02-05T09:42:49.218+09:00 DEBUG 237270 --- [order-service] [   scheduling-1] io.r2dbc.h2.client.SessionClient         : Response: org.h2.result.LocalResult@16f461e9 columns: 1 rows: 1 pos: -1
2026-02-05T09:42:49.218+09:00 DEBUG 237270 --- [order-service] [   scheduling-1] io.r2dbc.h2.client.SessionClient         : Request:  UPDATE outbox SET processed = $1 WHERE outbox.ID = $2 {1: TRUE, 2: CAST(136 AS BIGINT)}
2026-02-05T09:42:49.219+09:00 DEBUG 237270 --- [order-service] [   scheduling-1] io.r2dbc.h2.client.SessionClient         : Request:  SELECT CURRENT_TIMESTAMP
2026-02-05T09:42:49.219+09:00 DEBUG 237270 --- [order-service] [   scheduling-1] io.r2dbc.h2.client.SessionClient         : Response: org.h2.result.LocalResult@6c4da493 columns: 1 rows: 1 pos: -1
2026-02-05T09:42:49.219+09:00 DEBUG 237270 --- [order-service] [   scheduling-1] io.r2dbc.h2.client.SessionClient         : Request:  SELECT CURRENT_TIMESTAMP
2026-02-05T09:42:49.220+09:00 DEBUG 237270 --- [order-service] [   scheduling-1] io.r2dbc.h2.client.SessionClient         : Response: org.h2.result.LocalResult@4c6a91ba columns: 1 rows: 1 pos: -1
2026-02-05T09:42:49.220+09:00 DEBUG 237270 --- [order-service] [   scheduling-1] io.r2dbc.h2.client.SessionClient         : Request:  UPDATE outbox SET processed = $1 WHERE outbox.ID = $2 {1: TRUE, 2: CAST(137 AS BIGINT)}
2026-02-05T09:42:49.221+09:00 DEBUG 237270 --- [order-service] [   scheduling-1] io.r2dbc.h2.client.SessionClient         : Request:  SELECT CURRENT_TIMESTAMP
2026-02-05T09:42:49.232+09:00 DEBUG 237270 --- [order-service] [   scheduling-1] io.r2dbc.h2.client.SessionClient         : Response: org.h2.result.LocalResult@16cde69c columns: 1 rows: 1 pos: -1
2026-02-05T09:42:49.233+09:00 DEBUG 237270 --- [order-service] [   scheduling-1] io.r2dbc.h2.client.SessionClient         : Request:  SELECT CURRENT_TIMESTAMP
2026-02-05T09:42:49.233+09:00 DEBUG 237270 --- [order-service] [   scheduling-1] io.r2dbc.h2.client.SessionClient         : Response: org.h2.result.LocalResult@552f3176 columns: 1 rows: 1 pos: -1
2026-02-05T09:42:49.234+09:00 DEBUG 237270 --- [order-service] [   scheduling-1] io.r2dbc.h2.client.SessionClient         : Request:  UPDATE outbox SET processed = $1 WHERE outbox.ID = $2 {1: TRUE, 2: CAST(138 AS BIGINT)}
2026-02-05T09:42:49.235+09:00 DEBUG 237270 --- [order-service] [   scheduling-1] io.r2dbc.h2.client.SessionClient         : Request:  SELECT CURRENT_TIMESTAMP
2026-02-05T09:42:49.236+09:00 DEBUG 237270 --- [order-service] [   scheduling-1] io.r2dbc.h2.client.SessionClient         : Response: org.h2.result.LocalResult@163eebf0 columns: 1 rows: 1 pos: -1
2026-02-05T09:42:49.236+09:00 DEBUG 237270 --- [order-service] [   scheduling-1] io.r2dbc.h2.client.SessionClient         : Request:  SELECT CURRENT_TIMESTAMP
2026-02-05T09:42:49.236+09:00 DEBUG 237270 --- [order-service] [   scheduling-1] io.r2dbc.h2.client.SessionClient         : Response: org.h2.result.LocalResult@735ed0ab columns: 1 rows: 1 pos: -1
2026-02-05T09:42:49.236+09:00 DEBUG 237270 --- [order-service] [   scheduling-1] io.r2dbc.h2.client.SessionClient         : Request:  UPDATE outbox SET processed = $1 WHERE outbox.ID = $2 {1: TRUE, 2: CAST(139 AS BIGINT)}
2026-02-05T09:42:49.237+09:00 DEBUG 237270 --- [order-service] [   scheduling-1] io.r2dbc.h2.client.SessionClient         : Request:  SELECT CURRENT_TIMESTAMP
2026-02-05T09:42:49.237+09:00 DEBUG 237270 --- [order-service] [   scheduling-1] io.r2dbc.h2.client.SessionClient         : Response: org.h2.result.LocalResult@d334a21 columns: 1 rows: 1 pos: -1
2026-02-05T09:42:49.237+09:00 DEBUG 237270 --- [order-service] [   scheduling-1] io.r2dbc.h2.client.SessionClient         : Request:  SELECT CURRENT_TIMESTAMP
2026-02-05T09:42:49.237+09:00 DEBUG 237270 --- [order-service] [   scheduling-1] io.r2dbc.h2.client.SessionClient         : Response: org.h2.result.LocalResult@60a6e9f3 columns: 1 rows: 1 pos: -1
2026-02-05T09:42:49.237+09:00 DEBUG 237270 --- [order-service] [   scheduling-1] io.r2dbc.h2.client.SessionClient         : Request:  UPDATE outbox SET processed = $1 WHERE outbox.ID = $2 {1: TRUE, 2: CAST(140 AS BIGINT)}
2026-02-05T09:42:49.242+09:00 DEBUG 237270 --- [order-service] [   scheduling-1] io.r2dbc.h2.client.SessionClient         : Request:  SELECT CURRENT_TIMESTAMP
2026-02-05T09:42:49.242+09:00 DEBUG 237270 --- [order-service] [   scheduling-1] io.r2dbc.h2.client.SessionClient         : Response: org.h2.result.LocalResult@1ff20d4 columns: 1 rows: 1 pos: -1
2026-02-05T09:42:49.242+09:00 DEBUG 237270 --- [order-service] [   scheduling-1] io.r2dbc.h2.client.SessionClient         : Request:  SELECT CURRENT_TIMESTAMP
2026-02-05T09:42:49.243+09:00 DEBUG 237270 --- [order-service] [   scheduling-1] io.r2dbc.h2.client.SessionClient         : Response: org.h2.result.LocalResult@76aaa97a columns: 1 rows: 1 pos: -1
2026-02-05T09:42:49.243+09:00 DEBUG 237270 --- [order-service] [   scheduling-1] io.r2dbc.h2.client.SessionClient         : Request:  UPDATE outbox SET processed = $1 WHERE outbox.ID = $2 {1: TRUE, 2: CAST(141 AS BIGINT)}
2026-02-05T09:42:49.244+09:00 DEBUG 237270 --- [order-service] [   scheduling-1] io.r2dbc.h2.client.SessionClient         : Request:  SELECT CURRENT_TIMESTAMP
2026-02-05T09:42:49.244+09:00 DEBUG 237270 --- [order-service] [   scheduling-1] io.r2dbc.h2.client.SessionClient         : Response: org.h2.result.LocalResult@48747321 columns: 1 rows: 1 pos: -1
2026-02-05T09:42:49.244+09:00 DEBUG 237270 --- [order-service] [   scheduling-1] io.r2dbc.h2.client.SessionClient         : Request:  SELECT CURRENT_TIMESTAMP
2026-02-05T09:42:49.244+09:00 DEBUG 237270 --- [order-service] [   scheduling-1] io.r2dbc.h2.client.SessionClient         : Response: org.h2.result.LocalResult@6b0c248a columns: 1 rows: 1 pos: -1
2026-02-05T09:42:49.244+09:00 DEBUG 237270 --- [order-service] [   scheduling-1] io.r2dbc.h2.client.SessionClient         : Request:  UPDATE outbox SET processed = $1 WHERE outbox.ID = $2 {1: TRUE, 2: CAST(142 AS BIGINT)}
2026-02-05T09:42:49.247+09:00 DEBUG 237270 --- [order-service] [   scheduling-1] io.r2dbc.h2.client.SessionClient         : Request:  SELECT CURRENT_TIMESTAMP
2026-02-05T09:42:49.247+09:00 DEBUG 237270 --- [order-service] [   scheduling-1] io.r2dbc.h2.client.SessionClient         : Response: org.h2.result.LocalResult@180463ee columns: 1 rows: 1 pos: -1
2026-02-05T09:42:49.247+09:00 DEBUG 237270 --- [order-service] [   scheduling-1] io.r2dbc.h2.client.SessionClient         : Request:  SELECT CURRENT_TIMESTAMP
2026-02-05T09:42:49.248+09:00 DEBUG 237270 --- [order-service] [   scheduling-1] io.r2dbc.h2.client.SessionClient         : Response: org.h2.result.LocalResult@2f796f1e columns: 1 rows: 1 pos: -1
2026-02-05T09:42:49.248+09:00 DEBUG 237270 --- [order-service] [   scheduling-1] io.r2dbc.h2.client.SessionClient         : Request:  UPDATE outbox SET processed = $1 WHERE outbox.ID = $2 {1: TRUE, 2: CAST(143 AS BIGINT)}
2026-02-05T09:42:49.248+09:00 DEBUG 237270 --- [order-service] [   scheduling-1] io.r2dbc.h2.client.SessionClient         : Request:  SELECT CURRENT_TIMESTAMP
2026-02-05T09:42:49.248+09:00 DEBUG 237270 --- [order-service] [   scheduling-1] io.r2dbc.h2.client.SessionClient         : Response: org.h2.result.LocalResult@70e16ceb columns: 1 rows: 1 pos: -1
2026-02-05T09:42:49.249+09:00 DEBUG 237270 --- [order-service] [   scheduling-1] io.r2dbc.h2.client.SessionClient         : Request:  SELECT CURRENT_TIMESTAMP
2026-02-05T09:42:49.249+09:00 DEBUG 237270 --- [order-service] [   scheduling-1] io.r2dbc.h2.client.SessionClient         : Response: org.h2.result.LocalResult@681963cd columns: 1 rows: 1 pos: -1
2026-02-05T09:42:49.249+09:00 DEBUG 237270 --- [order-service] [   scheduling-1] io.r2dbc.h2.client.SessionClient         : Request:  UPDATE outbox SET processed = $1 WHERE outbox.ID = $2 {1: TRUE, 2: CAST(144 AS BIGINT)}
2026-02-05T09:42:49.253+09:00 DEBUG 237270 --- [order-service] [   scheduling-1] io.r2dbc.h2.client.SessionClient         : Request:  SELECT CURRENT_TIMESTAMP
2026-02-05T09:42:49.253+09:00 DEBUG 237270 --- [order-service] [   scheduling-1] io.r2dbc.h2.client.SessionClient         : Response: org.h2.result.LocalResult@538eee6c columns: 1 rows: 1 pos: -1
2026-02-05T09:42:49.253+09:00 DEBUG 237270 --- [order-service] [   scheduling-1] io.r2dbc.h2.client.SessionClient         : Request:  SELECT CURRENT_TIMESTAMP
2026-02-05T09:42:49.253+09:00 DEBUG 237270 --- [order-service] [   scheduling-1] io.r2dbc.h2.client.SessionClient         : Response: org.h2.result.LocalResult@1b5b8163 columns: 1 rows: 1 pos: -1
2026-02-05T09:42:49.253+09:00 DEBUG 237270 --- [order-service] [   scheduling-1] io.r2dbc.h2.client.SessionClient         : Request:  UPDATE outbox SET processed = $1 WHERE outbox.ID = $2 {1: TRUE, 2: CAST(145 AS BIGINT)}
2026-02-05T09:42:49.255+09:00 DEBUG 237270 --- [order-service] [   scheduling-1] io.r2dbc.h2.client.SessionClient         : Request:  SELECT CURRENT_TIMESTAMP
2026-02-05T09:42:49.255+09:00 DEBUG 237270 --- [order-service] [   scheduling-1] io.r2dbc.h2.client.SessionClient         : Response: org.h2.result.LocalResult@d8eeb4c columns: 1 rows: 1 pos: -1
2026-02-05T09:42:49.255+09:00 DEBUG 237270 --- [order-service] [   scheduling-1] io.r2dbc.h2.client.SessionClient         : Request:  SELECT CURRENT_TIMESTAMP
2026-02-05T09:42:49.255+09:00 DEBUG 237270 --- [order-service] [   scheduling-1] io.r2dbc.h2.client.SessionClient         : Response: org.h2.result.LocalResult@ef7ca5b columns: 1 rows: 1 pos: -1
2026-02-05T09:42:49.256+09:00 DEBUG 237270 --- [order-service] [   scheduling-1] io.r2dbc.h2.client.SessionClient         : Request:  UPDATE outbox SET processed = $1 WHERE outbox.ID = $2 {1: TRUE, 2: CAST(146 AS BIGINT)}
2026-02-05T09:42:49.258+09:00 DEBUG 237270 --- [order-service] [   scheduling-1] io.r2dbc.h2.client.SessionClient         : Request:  SELECT CURRENT_TIMESTAMP
2026-02-05T09:42:49.258+09:00 DEBUG 237270 --- [order-service] [   scheduling-1] io.r2dbc.h2.client.SessionClient         : Response: org.h2.result.LocalResult@61f70190 columns: 1 rows: 1 pos: -1
2026-02-05T09:42:49.259+09:00 DEBUG 237270 --- [order-service] [   scheduling-1] io.r2dbc.h2.client.SessionClient         : Request:  SELECT CURRENT_TIMESTAMP
2026-02-05T09:42:49.259+09:00 DEBUG 237270 --- [order-service] [   scheduling-1] io.r2dbc.h2.client.SessionClient         : Response: org.h2.result.LocalResult@189f6909 columns: 1 rows: 1 pos: -1
2026-02-05T09:42:49.259+09:00 DEBUG 237270 --- [order-service] [   scheduling-1] io.r2dbc.h2.client.SessionClient         : Request:  UPDATE outbox SET processed = $1 WHERE outbox.ID = $2 {1: TRUE, 2: CAST(147 AS BIGINT)}
2026-02-05T09:42:49.259+09:00 DEBUG 237270 --- [order-service] [   scheduling-1] io.r2dbc.h2.client.SessionClient         : Request:  SELECT CURRENT_TIMESTAMP
2026-02-05T09:42:49.259+09:00 DEBUG 237270 --- [order-service] [   scheduling-1] io.r2dbc.h2.client.SessionClient         : Response: org.h2.result.LocalResult@10dc04b5 columns: 1 rows: 1 pos: -1
2026-02-05T09:42:49.261+09:00 DEBUG 237270 --- [order-service] [   scheduling-1] io.r2dbc.h2.client.SessionClient         : Request:  SELECT CURRENT_TIMESTAMP
2026-02-05T09:42:49.261+09:00 DEBUG 237270 --- [order-service] [   scheduling-1] io.r2dbc.h2.client.SessionClient         : Response: org.h2.result.LocalResult@dc67e4a columns: 1 rows: 1 pos: -1
2026-02-05T09:42:49.261+09:00 DEBUG 237270 --- [order-service] [   scheduling-1] io.r2dbc.h2.client.SessionClient         : Request:  UPDATE outbox SET processed = $1 WHERE outbox.ID = $2 {1: TRUE, 2: CAST(148 AS BIGINT)}
2026-02-05T09:42:49.262+09:00 DEBUG 237270 --- [order-service] [   scheduling-1] io.r2dbc.h2.client.SessionClient         : Request:  SELECT CURRENT_TIMESTAMP
2026-02-05T09:42:49.262+09:00 DEBUG 237270 --- [order-service] [   scheduling-1] io.r2dbc.h2.client.SessionClient         : Response: org.h2.result.LocalResult@47375128 columns: 1 rows: 1 pos: -1
2026-02-05T09:42:49.263+09:00 DEBUG 237270 --- [order-service] [   scheduling-1] io.r2dbc.h2.client.SessionClient         : Request:  SELECT CURRENT_TIMESTAMP
2026-02-05T09:42:49.263+09:00 DEBUG 237270 --- [order-service] [   scheduling-1] io.r2dbc.h2.client.SessionClient         : Response: org.h2.result.LocalResult@3186ec1 columns: 1 rows: 1 pos: -1
2026-02-05T09:42:49.263+09:00 DEBUG 237270 --- [order-service] [   scheduling-1] io.r2dbc.h2.client.SessionClient         : Request:  UPDATE outbox SET processed = $1 WHERE outbox.ID = $2 {1: TRUE, 2: CAST(149 AS BIGINT)}
]]></system-out>
  <system-err><![CDATA[]]></system-err>
</testsuite>
