<?xml version="1.0" encoding="UTF-8"?>
<testsuite name="com.example.order.application.service.ApplyDiscountHandlerTest" tests="4" skipped="0" failures="0" errors="0" timestamp="2026-02-05T15:02:24" hostname="MacBook-Pro-3.local" time="0.041">
  <properties/>
  <testcase name="shouldThrowExceptionWhenApplyingDiscountToNonPendingOrder()" classname="com.example.order.application.service.ApplyDiscountHandlerTest" time="0.038"/>
  <testcase name="shouldApplyDiscountToPendingOrder()" classname="com.example.order.application.service.ApplyDiscountHandlerTest" time="0.001"/>
  <testcase name="shouldThrowExceptionWhenApplyingInvalidDiscount()" classname="com.example.order.application.service.ApplyDiscountHandlerTest" time="0.001"/>
  <testcase name="shouldThrowExceptionWhenOrderNotFound()" classname="com.example.order.application.service.ApplyDiscountHandlerTest" time="0.001"/>
  <system-out><![CDATA[]]></system-out>
  <system-err><![CDATA[]]></system-err>
</testsuite>
