<?xml version="1.0" encoding="UTF-8"?>
<testsuite name="com.example.order.application.service.ConfirmOrderHandlerTest" tests="3" skipped="0" failures="0" errors="0" timestamp="2026-02-05T15:02:24" hostname="MacBook-Pro-3.local" time="0.024">
  <properties/>
  <testcase name="shouldConfirmPendingOrder()" classname="com.example.order.application.service.ConfirmOrderHandlerTest" time="0.023"/>
  <testcase name="shouldThrowExceptionWhenOrderNotInPendingStatus()" classname="com.example.order.application.service.ConfirmOrderHandlerTest" time="0.001"/>
  <testcase name="shouldThrowExceptionWhenOrderNotFound()" classname="com.example.order.application.service.ConfirmOrderHandlerTest" time="0.0"/>
  <system-out><![CDATA[]]></system-out>
  <system-err><![CDATA[]]></system-err>
</testsuite>
