<?xml version="1.0" encoding="UTF-8"?>
<testsuite name="com.example.order.application.service.PayOrderHandlerTest" tests="3" skipped="0" failures="0" errors="0" timestamp="2026-02-05T15:52:15" hostname="MacBook-Pro-3.local" time="0.003">
  <properties/>
  <testcase name="shouldPayConfirmedOrder()" classname="com.example.order.application.service.PayOrderHandlerTest" time="0.001"/>
  <testcase name="shouldThrowExceptionWhenPayingNonConfirmedOrder()" classname="com.example.order.application.service.PayOrderHandlerTest" time="0.001"/>
  <testcase name="shouldThrowExceptionWhenOrderNotFound()" classname="com.example.order.application.service.PayOrderHandlerTest" time="0.001"/>
  <system-out><![CDATA[]]></system-out>
  <system-err><![CDATA[]]></system-err>
</testsuite>
