<?xml version="1.0" encoding="UTF-8"?>
<testsuite name="com.example.order.infrastructure.persistence.TransactionTest" tests="2" skipped="0" failures="0" errors="0" timestamp="2026-02-05T00:42:43" hostname="itbuddy-server" time="0.598">
  <properties/>
  <testcase name="createOrder_WithValidData_ShouldPersistOrderAndItems()" classname="com.example.order.infrastructure.persistence.TransactionTest" time="0.558"/>
  <testcase name="transaction_ShouldRollbackOnError()" classname="com.example.order.infrastructure.persistence.TransactionTest" time="0.036"/>
  <system-out><![CDATA[Standard Commons Logging discovery in action with spring-jcl: please remove commons-logging.jar from classpath in order to avoid potential conflicts
09:42:34.598 [Test worker] INFO org.springframework.test.context.support.AnnotationConfigContextLoaderUtils -- Could not detect default configuration classes for test class [com.example.order.infrastructure.persistence.TransactionTest]: TransactionTest does not declare any static, non-private, non-final, nested classes annotated with @Configuration.
09:42:34.798 [Test worker] INFO org.springframework.boot.test.context.SpringBootTestContextBootstrapper -- Found @SpringBootConfiguration com.example.order.OrderApplication for test class com.example.order.infrastructure.persistence.TransactionTest

  .   ____          _            __ _ _
 /\\ / ___'_ __ _ _(_)_ __  __ _ \ \ \ \
( ( )\___ | '_ | '_| | '_ \/ _` | \ \ \ \
 \\/  ___)| |_)| | | | | || (_| |  ) ) ) )
  '  |____| .__|_| |_|_| |_\__, | / / / /
 =========|_|==============|___/=/_/_/_/
 :: Spring Boot ::                (v3.2.0)

2026-02-05T09:42:36.005+09:00  INFO 237270 --- [order-service] [    Test worker] c.e.o.i.persistence.TransactionTest      : Starting TransactionTest using Java 21.0.10 with PID 237270 (started by itbuddy in /home/itbuddy/github/webflux-reactive-hibernate)
2026-02-05T09:42:36.008+09:00  INFO 237270 --- [order-service] [    Test worker] c.e.o.i.persistence.TransactionTest      : No active profile set, falling back to 1 default profile: "default"
2026-02-05T09:42:36.964+09:00  INFO 237270 --- [order-service] [    Test worker] .s.d.r.c.RepositoryConfigurationDelegate : Bootstrapping Spring Data R2DBC repositories in DEFAULT mode.
2026-02-05T09:42:36.979+09:00  INFO 237270 --- [order-service] [    Test worker] .s.d.r.c.RepositoryConfigurationDelegate : Finished Spring Data repository scanning in 7 ms. Found 0 R2DBC repository interfaces.
2026-02-05T09:42:37.442+09:00  INFO 237270 --- [order-service] [    Test worker] .s.d.r.c.RepositoryConfigurationDelegate : Bootstrapping Spring Data R2DBC repositories in DEFAULT mode.
2026-02-05T09:42:37.464+09:00  INFO 237270 --- [order-service] [    Test worker] .s.d.r.c.RepositoryConfigurationDelegate : Finished Spring Data repository scanning in 20 ms. Found 0 R2DBC repository interfaces.
2026-02-05T09:42:41.841+09:00  INFO 237270 --- [order-service] [    Test worker] o.s.b.a.e.web.EndpointLinksResolver      : Exposing 2 endpoint(s) beneath base path '/actuator'
2026-02-05T09:42:42.998+09:00 DEBUG 237270 --- [order-service] [       single-1] io.r2dbc.h2.client.SessionClient         : Request:  CALL H2VERSION()
2026-02-05T09:42:43.003+09:00 DEBUG 237270 --- [order-service] [       single-1] io.r2dbc.h2.client.SessionClient         : Response: org.h2.result.LocalResult@21d8d1e5 columns: 1 rows: 1 pos: -1
2026-02-05T09:42:43.043+09:00 DEBUG 237270 --- [order-service] [       single-1] io.r2dbc.h2.client.SessionClient         : Request:  SELECT CURRENT_TIMESTAMP
2026-02-05T09:42:43.046+09:00 DEBUG 237270 --- [order-service] [       single-1] io.r2dbc.h2.client.SessionClient         : Response: org.h2.result.LocalResult@de449b2 columns: 1 rows: 1 pos: -1
2026-02-05T09:42:43.099+09:00 DEBUG 237270 --- [order-service] [       single-1] io.r2dbc.h2.client.SessionClient         : Request:  CALL H2VERSION()
2026-02-05T09:42:43.100+09:00 DEBUG 237270 --- [order-service] [       single-1] io.r2dbc.h2.client.SessionClient         : Response: org.h2.result.LocalResult@7e5e35e6 columns: 1 rows: 1 pos: -1
2026-02-05T09:42:43.101+09:00 DEBUG 237270 --- [order-service] [       single-1] io.r2dbc.h2.client.SessionClient         : Request:  CALL H2VERSION()
2026-02-05T09:42:43.101+09:00 DEBUG 237270 --- [order-service] [       single-1] io.r2dbc.h2.client.SessionClient         : Response: org.h2.result.LocalResult@125de86 columns: 1 rows: 1 pos: -1
2026-02-05T09:42:43.103+09:00 DEBUG 237270 --- [order-service] [       single-1] io.r2dbc.h2.client.SessionClient         : Request:  CALL H2VERSION()
2026-02-05T09:42:43.103+09:00 DEBUG 237270 --- [order-service] [       single-1] io.r2dbc.h2.client.SessionClient         : Response: org.h2.result.LocalResult@74d9ca58 columns: 1 rows: 1 pos: -1
2026-02-05T09:42:43.105+09:00 DEBUG 237270 --- [order-service] [       single-1] io.r2dbc.h2.client.SessionClient         : Request:  CALL H2VERSION()
2026-02-05T09:42:43.106+09:00 DEBUG 237270 --- [order-service] [       single-1] io.r2dbc.h2.client.SessionClient         : Response: org.h2.result.LocalResult@3534ff1c columns: 1 rows: 1 pos: -1
2026-02-05T09:42:43.107+09:00 DEBUG 237270 --- [order-service] [       single-1] io.r2dbc.h2.client.SessionClient         : Request:  CALL H2VERSION()
2026-02-05T09:42:43.109+09:00 DEBUG 237270 --- [order-service] [       single-1] io.r2dbc.h2.client.SessionClient         : Response: org.h2.result.LocalResult@3aca0d59 columns: 1 rows: 1 pos: -1
2026-02-05T09:42:43.110+09:00 DEBUG 237270 --- [order-service] [       single-1] io.r2dbc.h2.client.SessionClient         : Request:  CALL H2VERSION()
2026-02-05T09:42:43.110+09:00 DEBUG 237270 --- [order-service] [       single-1] io.r2dbc.h2.client.SessionClient         : Response: org.h2.result.LocalResult@15343568 columns: 1 rows: 1 pos: -1
2026-02-05T09:42:43.112+09:00 DEBUG 237270 --- [order-service] [       Thread-6] io.r2dbc.h2.client.SessionClient         : Request:  DROP TABLE IF EXISTS order_items
2026-02-05T09:42:43.114+09:00 DEBUG 237270 --- [order-service] [       Thread-6] io.r2dbc.h2.client.SessionClient         : Request:  DROP TABLE IF EXISTS outbox
2026-02-05T09:42:43.114+09:00 DEBUG 237270 --- [order-service] [       Thread-6] io.r2dbc.h2.client.SessionClient         : Request:  DROP TABLE IF EXISTS orders
2026-02-05T09:42:43.114+09:00 DEBUG 237270 --- [order-service] [       single-1] io.r2dbc.h2.client.SessionClient         : Request:  CALL H2VERSION()
2026-02-05T09:42:43.115+09:00 DEBUG 237270 --- [order-service] [       single-1] io.r2dbc.h2.client.SessionClient         : Response: org.h2.result.LocalResult@2f85b69c columns: 1 rows: 1 pos: -1
2026-02-05T09:42:43.116+09:00 DEBUG 237270 --- [order-service] [       single-1] io.r2dbc.h2.client.SessionClient         : Request:  CALL H2VERSION()
2026-02-05T09:42:43.116+09:00 DEBUG 237270 --- [order-service] [       single-1] io.r2dbc.h2.client.SessionClient         : Response: org.h2.result.LocalResult@3ddb606f columns: 1 rows: 1 pos: -1
2026-02-05T09:42:43.117+09:00 DEBUG 237270 --- [order-service] [       single-1] io.r2dbc.h2.client.SessionClient         : Request:  CALL H2VERSION()
2026-02-05T09:42:43.117+09:00 DEBUG 237270 --- [order-service] [       single-1] io.r2dbc.h2.client.SessionClient         : Response: org.h2.result.LocalResult@57111248 columns: 1 rows: 1 pos: -1
2026-02-05T09:42:43.122+09:00 DEBUG 237270 --- [order-service] [       Thread-6] io.r2dbc.h2.client.SessionClient         : Request:  CREATE TABLE orders ( id VARCHAR(36) PRIMARY KEY, customer_id VARCHAR(255) NOT NULL, customer_email VARCHAR(255) NOT NULL, status VARCHAR(20) NOT NULL, total_amount DECIMAL(19, 2) NOT NULL, currency VARCHAR(3) NOT NULL DEFAULT 'USD', discount_amount DECIMAL(19, 2), created_at TIMESTAMP NOT NULL DEFAULT CURRENT_TIMESTAMP, updated_at TIMESTAMP NOT NULL DEFAULT CURRENT_TIMESTAMP )
2026-02-05T09:42:43.127+09:00 DEBUG 237270 --- [order-service] [       Thread-6] io.r2dbc.h2.client.SessionClient         : Request:  CREATE TABLE order_items ( id BIGINT AUTO_INCREMENT PRIMARY KEY, order_id VARCHAR(36) NOT NULL, product_id VARCHAR(255) NOT NULL, product_name VARCHAR(255) NOT NULL, quantity INT NOT NULL, unit_price DECIMAL(19, 2) NOT NULL, currency VARCHAR(3) NOT NULL DEFAULT 'USD', FOREIGN KEY (order_id) REFERENCES orders(id) ON DELETE CASCADE )
2026-02-05T09:42:43.141+09:00 DEBUG 237270 --- [order-service] [       Thread-6] io.r2dbc.h2.client.SessionClient         : Request:  CREATE TABLE outbox ( id BIGINT AUTO_INCREMENT PRIMARY KEY, aggregate_type VARCHAR(255) NOT NULL, aggregate_id VARCHAR(255) NOT NULL, event_type VARCHAR(255) NOT NULL, payload CLOB NOT NULL, created_at TIMESTAMP NOT NULL DEFAULT CURRENT_TIMESTAMP, processed BOOLEAN NOT NULL DEFAULT FALSE )
2026-02-05T09:42:43.143+09:00 DEBUG 237270 --- [order-service] [       Thread-6] io.r2dbc.h2.client.SessionClient         : Request:  CREATE INDEX idx_orders_customer_id ON orders(customer_id)
2026-02-05T09:42:43.144+09:00 DEBUG 237270 --- [order-service] [       Thread-6] io.r2dbc.h2.client.SessionClient         : Request:  CREATE INDEX idx_orders_status ON orders(status)
2026-02-05T09:42:43.145+09:00 DEBUG 237270 --- [order-service] [       Thread-6] io.r2dbc.h2.client.SessionClient         : Request:  CREATE INDEX idx_orders_created_at ON orders(created_at)
2026-02-05T09:42:43.146+09:00 DEBUG 237270 --- [order-service] [       Thread-6] io.r2dbc.h2.client.SessionClient         : Request:  CREATE INDEX idx_order_items_order_id ON order_items(order_id)
2026-02-05T09:42:43.147+09:00 DEBUG 237270 --- [order-service] [       Thread-6] io.r2dbc.h2.client.SessionClient         : Request:  CREATE INDEX idx_order_items_product_id ON order_items(product_id)
2026-02-05T09:42:43.149+09:00 DEBUG 237270 --- [order-service] [       Thread-6] io.r2dbc.h2.client.SessionClient         : Request:  CREATE INDEX idx_outbox_processed ON outbox(processed)
2026-02-05T09:42:43.150+09:00 DEBUG 237270 --- [order-service] [       Thread-6] io.r2dbc.h2.client.SessionClient         : Request:  CREATE INDEX idx_outbox_created_at ON outbox(created_at)
2026-02-05T09:42:43.154+09:00 DEBUG 237270 --- [order-service] [       Thread-6] io.r2dbc.h2.client.SessionClient         : Request:  SELECT CURRENT_TIMESTAMP
2026-02-05T09:42:43.154+09:00 DEBUG 237270 --- [order-service] [       Thread-6] io.r2dbc.h2.client.SessionClient         : Response: org.h2.result.LocalResult@25d4f320 columns: 1 rows: 1 pos: -1
2026-02-05T09:42:43.228+09:00  INFO 237270 --- [order-service] [    Test worker] c.e.o.i.persistence.TransactionTest      : Started TransactionTest in 8.084 seconds (process running for 10.159)
2026-02-05T09:42:43.317+09:00 DEBUG 237270 --- [order-service] [   scheduling-1] io.r2dbc.h2.client.SessionClient         : Request:  SELECT CURRENT_TIMESTAMP
2026-02-05T09:42:43.320+09:00 DEBUG 237270 --- [order-service] [   scheduling-1] io.r2dbc.h2.client.SessionClient         : Response: org.h2.result.LocalResult@5486dcf5 columns: 1 rows: 1 pos: -1
2026-02-05T09:42:43.354+09:00 DEBUG 237270 --- [order-service] [   scheduling-1] io.r2dbc.h2.client.SessionClient         : Request:  SELECT outbox.* FROM outbox WHERE outbox.processed = $1 ORDER BY outbox.created_at ASC {1: FALSE}
2026-02-05T09:42:43.354+09:00 DEBUG 237270 --- [order-service] [   scheduling-1] io.r2dbc.h2.client.SessionClient         : Response: org.h2.result.LocalResult@59bf552 columns: 7 rows: 0 pos: -1
2026-02-05T09:42:43.368+09:00 DEBUG 237270 --- [order-service] [   scheduling-1] io.r2dbc.h2.client.SessionClient         : Request:  SELECT CURRENT_TIMESTAMP
2026-02-05T09:42:43.369+09:00 DEBUG 237270 --- [order-service] [   scheduling-1] io.r2dbc.h2.client.SessionClient         : Response: org.h2.result.LocalResult@58f9b638 columns: 1 rows: 1 pos: -1
2026-02-05T09:42:43.369+09:00 DEBUG 237270 --- [order-service] [   scheduling-1] io.r2dbc.h2.client.SessionClient         : Request:  SELECT CURRENT_TIMESTAMP
2026-02-05T09:42:43.369+09:00 DEBUG 237270 --- [order-service] [   scheduling-1] io.r2dbc.h2.client.SessionClient         : Response: org.h2.result.LocalResult@322842c5 columns: 1 rows: 1 pos: -1
2026-02-05T09:42:43.376+09:00  WARN 237270 --- [order-service] [   scheduling-1] io.r2dbc.h2.H2Connection                 : Option{name='readOnly', sensitive=false} + isn't supported in H2 at the transaction level. You must set it on conenction URL. See http://www.h2database.com/html/features.html#read_only
2026-02-05T09:42:43.385+09:00 DEBUG 237270 --- [order-service] [   scheduling-1] io.r2dbc.h2.client.SessionClient         : Request:  SELECT orders.* FROM orders WHERE orders.ID = $1 LIMIT 2 {1: 'fb19a947-6620-4cc8-bc0d-7f20526cbaa2'}
2026-02-05T09:42:43.386+09:00 DEBUG 237270 --- [order-service] [   scheduling-1] io.r2dbc.h2.client.SessionClient         : Response: org.h2.result.LocalResult@20f13cb6 columns: 9 rows: 0 pos: -1
2026-02-05T09:42:43.433+09:00 DEBUG 237270 --- [order-service] [   scheduling-1] io.r2dbc.h2.client.SessionClient         : Request:  INSERT INTO orders (ID, customer_id, customer_email, status, total_amount, currency, created_at, updated_at) VALUES ($1, $2, $3, $4, $5, $6, $7, $8) {1: 'fb19a947-6620-4cc8-bc0d-7f20526cbaa2', 2: 'CUST-001', 3: 'test@example.com', 4: 'PENDING', 5: 199.98, 6: 'USD', 7: TIMESTAMP WITH TIME ZONE '2026-02-05 00:42:43.26578434+00', 8: TIMESTAMP WITH TIME ZONE '2026-02-05 00:42:43.26578434+00'}
2026-02-05T09:42:43.447+09:00 DEBUG 237270 --- [order-service] [   scheduling-1] io.r2dbc.h2.client.SessionClient         : Request:  INSERT INTO order_items (order_id, product_id, product_name, quantity, unit_price, currency) VALUES ($1, $2, $3, $4, $5, $6) {1: 'fb19a947-6620-4cc8-bc0d-7f20526cbaa2', 2: 'PROD-001', 3: 'Test Product', 4: 2, 5: 99.99, 6: 'USD'}
2026-02-05T09:42:43.461+09:00 DEBUG 237270 --- [order-service] [   scheduling-1] io.r2dbc.h2.client.SessionClient         : Request:  SELECT orders.* FROM orders WHERE orders.ID = $1 LIMIT 2 {1: 'fb19a947-6620-4cc8-bc0d-7f20526cbaa2'}
2026-02-05T09:42:43.462+09:00 DEBUG 237270 --- [order-service] [   scheduling-1] io.r2dbc.h2.client.SessionClient         : Response: org.h2.result.LocalResult@4729aea3 columns: 9 rows: 1 pos: -1
2026-02-05T09:42:43.481+09:00 DEBUG 237270 --- [order-service] [   scheduling-1] io.r2dbc.h2.client.SessionClient         : Request:  SELECT order_items.* FROM order_items WHERE order_items.order_id = $1 {1: 'fb19a947-6620-4cc8-bc0d-7f20526cbaa2'}
2026-02-05T09:42:43.483+09:00 DEBUG 237270 --- [order-service] [   scheduling-1] io.r2dbc.h2.client.SessionClient         : Response: org.h2.result.LocalResult@55de5e9d columns: 7 rows: 1 pos: -1
2026-02-05T09:42:43.587+09:00 DEBUG 237270 --- [order-service] [   scheduling-1] io.r2dbc.h2.client.SessionClient         : Request:  INSERT INTO outbox (aggregate_type, aggregate_id, event_type, payload, created_at, processed) VALUES ($1, $2, $3, $4, $5, $6) {1: 'Order', 2: 'fb19a947-6620-4cc8-bc0d-7f20526cbaa2', 3: 'OrderCreatedEvent', 4: '{"orderId":"fb19a947-6620-4cc8-bc0d-7f20526cbaa2","customerEmail":"test@example.com","totalAmount":{"amount":199.98,"currency":"USD"},"createdAt":"2026-02-05T00:42:43.265784340Z"}', 5: TIMESTAMP WITH TIME ZONE '2026-02-05 00:42:43.581598747+00', 6: FALSE}
2026-02-05T09:42:43.596+09:00 DEBUG 237270 --- [order-service] [   scheduling-1] io.r2dbc.h2.client.SessionClient         : Request:  COMMIT
2026-02-05T09:42:43.600+09:00 DEBUG 237270 --- [order-service] [   scheduling-1] io.r2dbc.h2.client.SessionClient         : Request:  SELECT CURRENT_TIMESTAMP
2026-02-05T09:42:43.601+09:00 DEBUG 237270 --- [order-service] [   scheduling-1] io.r2dbc.h2.client.SessionClient         : Response: org.h2.result.LocalResult@4280f492 columns: 1 rows: 1 pos: -1
2026-02-05T09:42:43.617+09:00 DEBUG 237270 --- [order-service] [   scheduling-1] io.r2dbc.h2.client.SessionClient         : Request:  SELECT CURRENT_TIMESTAMP
2026-02-05T09:42:43.618+09:00 DEBUG 237270 --- [order-service] [   scheduling-1] io.r2dbc.h2.client.SessionClient         : Response: org.h2.result.LocalResult@4bbc9c28 columns: 1 rows: 1 pos: -1
2026-02-05T09:42:43.626+09:00 DEBUG 237270 --- [order-service] [   scheduling-1] io.r2dbc.h2.client.SessionClient         : Request:  SELECT COUNT(*) FROM orders WHERE id = $1 {1: 'fb19a947-6620-4cc8-bc0d-7f20526cbaa2'}
2026-02-05T09:42:43.631+09:00 DEBUG 237270 --- [order-service] [   scheduling-1] io.r2dbc.h2.client.SessionClient         : Response: org.h2.result.LocalResult@572d2088 columns: 1 rows: 1 pos: -1
2026-02-05T09:42:43.634+09:00 DEBUG 237270 --- [order-service] [   scheduling-1] io.r2dbc.h2.client.SessionClient         : Request:  SELECT CURRENT_TIMESTAMP
2026-02-05T09:42:43.634+09:00 DEBUG 237270 --- [order-service] [   scheduling-1] io.r2dbc.h2.client.SessionClient         : Response: org.h2.result.LocalResult@30d7caf6 columns: 1 rows: 1 pos: -1
2026-02-05T09:42:43.635+09:00 DEBUG 237270 --- [order-service] [   scheduling-1] io.r2dbc.h2.client.SessionClient         : Request:  SELECT CURRENT_TIMESTAMP
2026-02-05T09:42:43.635+09:00 DEBUG 237270 --- [order-service] [   scheduling-1] io.r2dbc.h2.client.SessionClient         : Response: org.h2.result.LocalResult@32cbeb6d columns: 1 rows: 1 pos: -1
2026-02-05T09:42:43.637+09:00 DEBUG 237270 --- [order-service] [   scheduling-1] io.r2dbc.h2.client.SessionClient         : Request:  SELECT COUNT(*) FROM order_items WHERE order_id = $1 {1: 'fb19a947-6620-4cc8-bc0d-7f20526cbaa2'}
2026-02-05T09:42:43.640+09:00 DEBUG 237270 --- [order-service] [   scheduling-1] io.r2dbc.h2.client.SessionClient         : Response: org.h2.result.LocalResult@3719d745 columns: 1 rows: 1 pos: -1
2026-02-05T09:42:43.641+09:00 DEBUG 237270 --- [order-service] [   scheduling-1] io.r2dbc.h2.client.SessionClient         : Request:  SELECT CURRENT_TIMESTAMP
2026-02-05T09:42:43.641+09:00 DEBUG 237270 --- [order-service] [   scheduling-1] io.r2dbc.h2.client.SessionClient         : Response: org.h2.result.LocalResult@4863f2c columns: 1 rows: 1 pos: -1
2026-02-05T09:42:43.813+09:00 DEBUG 237270 --- [order-service] [    Test worker] io.r2dbc.h2.client.SessionClient         : Request:  SELECT CURRENT_TIMESTAMP
2026-02-05T09:42:43.813+09:00 DEBUG 237270 --- [order-service] [    Test worker] io.r2dbc.h2.client.SessionClient         : Response: org.h2.result.LocalResult@2d55b38b columns: 1 rows: 1 pos: -1
2026-02-05T09:42:43.814+09:00  WARN 237270 --- [order-service] [    Test worker] io.r2dbc.h2.H2Connection                 : Option{name='readOnly', sensitive=false} + isn't supported in H2 at the transaction level. You must set it on conenction URL. See http://www.h2database.com/html/features.html#read_only
2026-02-05T09:42:43.816+09:00 DEBUG 237270 --- [order-service] [    Test worker] io.r2dbc.h2.client.SessionClient         : Request:  SELECT orders.* FROM orders WHERE orders.ID = $1 LIMIT 2 {1: '5f4a543a-fc50-44d8-a8b0-8d7e9f0cf9b0'}
2026-02-05T09:42:43.817+09:00 DEBUG 237270 --- [order-service] [    Test worker] io.r2dbc.h2.client.SessionClient         : Response: org.h2.result.LocalResult@26234101 columns: 9 rows: 0 pos: -1
2026-02-05T09:42:43.819+09:00 DEBUG 237270 --- [order-service] [    Test worker] io.r2dbc.h2.client.SessionClient         : Request:  INSERT INTO orders (ID, customer_id, customer_email, status, total_amount, currency, created_at, updated_at) VALUES ($1, $2, $3, $4, $5, $6, $7, $8) {1: '5f4a543a-fc50-44d8-a8b0-8d7e9f0cf9b0', 2: 'CUST-ROLLBACK', 3: 'rollback@example.com', 4: 'PENDING', 5: 199.98, 6: 'USD', 7: TIMESTAMP WITH TIME ZONE '2026-02-05 00:42:43.814537712+00', 8: TIMESTAMP WITH TIME ZONE '2026-02-05 00:42:43.814537712+00'}
2026-02-05T09:42:43.821+09:00 DEBUG 237270 --- [order-service] [    Test worker] io.r2dbc.h2.client.SessionClient         : Request:  INSERT INTO order_items (order_id, product_id, product_name, quantity, unit_price, currency) VALUES ($1, $2, $3, $4, $5, $6) {1: '5f4a543a-fc50-44d8-a8b0-8d7e9f0cf9b0', 2: 'PROD-001', 3: 'Test Product', 4: 2, 5: 99.99, 6: 'USD'}
2026-02-05T09:42:43.824+09:00 DEBUG 237270 --- [order-service] [    Test worker] io.r2dbc.h2.client.SessionClient         : Request:  SELECT orders.* FROM orders WHERE orders.ID = $1 LIMIT 2 {1: '5f4a543a-fc50-44d8-a8b0-8d7e9f0cf9b0'}
2026-02-05T09:42:43.825+09:00 DEBUG 237270 --- [order-service] [    Test worker] io.r2dbc.h2.client.SessionClient         : Response: org.h2.result.LocalResult@6baf95f9 columns: 9 rows: 1 pos: -1
2026-02-05T09:42:43.827+09:00 DEBUG 237270 --- [order-service] [    Test worker] io.r2dbc.h2.client.SessionClient         : Request:  SELECT order_items.* FROM order_items WHERE order_items.order_id = $1 {1: '5f4a543a-fc50-44d8-a8b0-8d7e9f0cf9b0'}
2026-02-05T09:42:43.828+09:00 DEBUG 237270 --- [order-service] [    Test worker] io.r2dbc.h2.client.SessionClient         : Response: org.h2.result.LocalResult@7fba1751 columns: 7 rows: 1 pos: -1
2026-02-05T09:42:43.831+09:00 DEBUG 237270 --- [order-service] [    Test worker] io.r2dbc.h2.client.SessionClient         : Request:  INSERT INTO outbox (aggregate_type, aggregate_id, event_type, payload, created_at, processed) VALUES ($1, $2, $3, $4, $5, $6) {1: 'Order', 2: '5f4a543a-fc50-44d8-a8b0-8d7e9f0cf9b0', 3: 'OrderCreatedEvent', 4: '{"orderId":"5f4a543a-fc50-44d8-a8b0-8d7e9f0cf9b0","customerEmail":"rollback@example.com","totalAmount":{"amount":199.98,"currency":"USD"},"createdAt":"2026-02-05T00:42:43.814537712Z"}', 5: TIMESTAMP WITH TIME ZONE '2026-02-05 00:42:43.830314679+00', 6: FALSE}
2026-02-05T09:42:43.835+09:00 DEBUG 237270 --- [order-service] [    Test worker] io.r2dbc.h2.client.SessionClient         : Request:  ROLLBACK
2026-02-05T09:42:43.837+09:00 DEBUG 237270 --- [order-service] [    Test worker] io.r2dbc.h2.client.SessionClient         : Request:  SELECT CURRENT_TIMESTAMP
2026-02-05T09:42:43.837+09:00 DEBUG 237270 --- [order-service] [    Test worker] io.r2dbc.h2.client.SessionClient         : Response: org.h2.result.LocalResult@6430f63e columns: 1 rows: 1 pos: -1
2026-02-05T09:42:43.839+09:00 DEBUG 237270 --- [order-service] [    Test worker] io.r2dbc.h2.client.SessionClient         : Request:  SELECT CURRENT_TIMESTAMP
2026-02-05T09:42:43.840+09:00 DEBUG 237270 --- [order-service] [    Test worker] io.r2dbc.h2.client.SessionClient         : Response: org.h2.result.LocalResult@7a5f612f columns: 1 rows: 1 pos: -1
2026-02-05T09:42:43.840+09:00 DEBUG 237270 --- [order-service] [    Test worker] io.r2dbc.h2.client.SessionClient         : Request:  SELECT COUNT(*) FROM orders WHERE customer_id = $1 {1: 'CUST-ROLLBACK'}
2026-02-05T09:42:43.841+09:00 DEBUG 237270 --- [order-service] [    Test worker] io.r2dbc.h2.client.SessionClient         : Response: org.h2.result.LocalResult@6b3aae03 columns: 1 rows: 1 pos: -1
2026-02-05T09:42:43.842+09:00 DEBUG 237270 --- [order-service] [    Test worker] io.r2dbc.h2.client.SessionClient         : Request:  SELECT CURRENT_TIMESTAMP
2026-02-05T09:42:43.842+09:00 DEBUG 237270 --- [order-service] [    Test worker] io.r2dbc.h2.client.SessionClient         : Response: org.h2.result.LocalResult@22be190a columns: 1 rows: 1 pos: -1
Rollback completed - No data persisted for failed transaction
]]></system-out>
  <system-err><![CDATA[WARNING: A Java agent has been loaded dynamically (/home/itbuddy/.gradle/caches/modules-2/files-2.1/net.bytebuddy/byte-buddy-agent/1.14.10/90ed94ac044ea8953b224304c762316e91fd6b31/byte-buddy-agent-1.14.10.jar)
WARNING: If a serviceability tool is in use, please run with -XX:+EnableDynamicAgentLoading to hide this warning
WARNING: If a serviceability tool is not in use, please run with -Djdk.instrument.traceUsage for more information
WARNING: Dynamic loading of agents will be disallowed by default in a future release
]]></system-err>
</testsuite>
